-------------------------------------------------------------------------------
sub-TPOT057
Running /projects/adapt_lab/shared/TPOT/TPOT_Scripts/fMRI/ppc/smooth/smooth_affect.m
-------------------------------------------------------------------------------
-------------------------------------------------------------------------------
sub-TPOT057
Running /projects/adapt_lab/shared/TPOT/TPOT_Scripts/fMRI/ppc/smooth/smooth_video.m
-------------------------------------------------------------------------------

                            < M A T L A B (R) >
                  Copyright 1984-2018 The MathWorks, Inc.
                   R2018b (9.5.0.944444) 64-bit (glnxa64)
                              August 28, 2018


                            < M A T L A B (R) >
                  Copyright 1984-2018 The MathWorks, Inc.
                   R2018b (9.5.0.944444) 64-bit (glnxa64)
                              August 28, 2018

 
 
To get started, type doc.
For product information, visit www.mathworks.com.
 
To get started, type doc.
For product information, visit www.mathworks.com.
 
{Error using textscan
Invalid file identifier. Use fopen to generate a valid file identifier.

Error in make_sid_matlabbatch (line 2)
textstuffcell=textscan(fileID, '%[^\n]');

Error in run (line 91)
evalin('caller', strcat(script, ';'));
} 
{Error using textscan
Invalid file identifier. Use fopen to generate a valid file identifier.

Error in make_sid_matlabbatch (line 2)
textstuffcell=textscan(fileID, '%[^\n]');

Error in run (line 91)
evalin('caller', strcat(script, ';'));
} 
