
Lmod is automatically replacing "intel/17" with "gcc/7.3".

running
  '/packages/R/3.5.1/lib64/R/bin/R --slave --no-restore -e osuRepo = 'http://ftp.osuosl.org/pub/cran/'; if(!require(tidyverse)){ install.packages('tidyverse',repos=osuRepo) }; if(!require(caret)){ install.packages('caret',repos=osuRepo) }; message('Installation complete')'

Loading required package: tidyverse
── Attaching packages ─────────────────────────────────────── tidyverse 1.2.1 ──
✔ ggplot2 3.0.0     ✔ purrr   0.2.5
✔ tibble  1.4.2     ✔ dplyr   0.7.6
✔ tidyr   0.8.1     ✔ stringr 1.3.1
✔ readr   1.1.1     ✔ forcats 0.3.0
── Conflicts ────────────────────────────────────────── tidyverse_conflicts() ──
✖ dplyr::filter() masks stats::filter()
✖ dplyr::lag()    masks stats::lag()
Loading required package: caret
Installing package into ‘/gpfs/home/pettitta/R/x86_64-pc-linux-gnu-library/3.5’
(as ‘lib’ is unspecified)
also installing the dependencies ‘Rcpp’, ‘fansi’, ‘pillar’, ‘zeallot’, ‘dplyr’, ‘ellipsis’, ‘tibble’, ‘vctrs’, ‘lifecycle’, ‘generics’, ‘gower’, ‘rlang’, ‘tidyr’, ‘tidyselect’, ‘timeDate’, ‘ModelMetrics’, ‘recipes’

trying URL 'http://ftp.osuosl.org/pub/cran/src/contrib/Rcpp_1.0.2.tar.gz'
Content type 'application/x-gzip' length 3699570 bytes (3.5 MB)
==================================================
downloaded 3.5 MB

trying URL 'http://ftp.osuosl.org/pub/cran/src/contrib/fansi_0.4.0.tar.gz'
Content type 'application/x-gzip' length 266123 bytes (259 KB)
==================================================
downloaded 259 KB

trying URL 'http://ftp.osuosl.org/pub/cran/src/contrib/pillar_1.4.2.tar.gz'
Content type 'application/x-gzip' length 228815 bytes (223 KB)
==================================================
downloaded 223 KB

trying URL 'http://ftp.osuosl.org/pub/cran/src/contrib/zeallot_0.1.0.tar.gz'
Content type 'application/x-gzip' length 32549 bytes (31 KB)
==================================================
downloaded 31 KB

trying URL 'http://ftp.osuosl.org/pub/cran/src/contrib/dplyr_0.8.3.tar.gz'
Content type 'application/x-gzip' length 1173098 bytes (1.1 MB)
==================================================
downloaded 1.1 MB

trying URL 'http://ftp.osuosl.org/pub/cran/src/contrib/ellipsis_0.2.0.1.tar.gz'
Content type 'application/x-gzip' length 7045 bytes
==================================================
downloaded 7045 bytes

trying URL 'http://ftp.osuosl.org/pub/cran/src/contrib/tibble_2.1.3.tar.gz'
Content type 'application/x-gzip' length 310774 bytes (303 KB)
==================================================
downloaded 303 KB

trying URL 'http://ftp.osuosl.org/pub/cran/src/contrib/vctrs_0.2.0.tar.gz'
Content type 'application/x-gzip' length 668258 bytes (652 KB)
==================================================
downloaded 652 KB

trying URL 'http://ftp.osuosl.org/pub/cran/src/contrib/lifecycle_0.1.0.tar.gz'
Content type 'application/x-gzip' length 150752 bytes (147 KB)
==================================================
downloaded 147 KB

trying URL 'http://ftp.osuosl.org/pub/cran/src/contrib/generics_0.0.2.tar.gz'
Content type 'application/x-gzip' length 163610 bytes (159 KB)
==================================================
downloaded 159 KB

trying URL 'http://ftp.osuosl.org/pub/cran/src/contrib/gower_0.2.1.tar.gz'
Content type 'application/x-gzip' length 138432 bytes (135 KB)
==================================================
downloaded 135 KB

trying URL 'http://ftp.osuosl.org/pub/cran/src/contrib/rlang_0.4.0.tar.gz'
Content type 'application/x-gzip' length 859737 bytes (839 KB)
==================================================
downloaded 839 KB

trying URL 'http://ftp.osuosl.org/pub/cran/src/contrib/tidyr_1.0.0.tar.gz'
Content type 'application/x-gzip' length 811227 bytes (792 KB)
==================================================
downloaded 792 KB

trying URL 'http://ftp.osuosl.org/pub/cran/src/contrib/tidyselect_0.2.5.tar.gz'
Content type 'application/x-gzip' length 21883 bytes (21 KB)
==================================================
downloaded 21 KB

trying URL 'http://ftp.osuosl.org/pub/cran/src/contrib/timeDate_3043.102.tar.gz'
Content type 'application/x-gzip' length 314656 bytes (307 KB)
==================================================
downloaded 307 KB

trying URL 'http://ftp.osuosl.org/pub/cran/src/contrib/ModelMetrics_1.2.2.tar.gz'
Content type 'application/x-gzip' length 16974 bytes (16 KB)
==================================================
downloaded 16 KB

trying URL 'http://ftp.osuosl.org/pub/cran/src/contrib/recipes_0.1.7.tar.gz'
Content type 'application/x-gzip' length 989183 bytes (965 KB)
==================================================
downloaded 965 KB

trying URL 'http://ftp.osuosl.org/pub/cran/src/contrib/caret_6.0-84.tar.gz'
Content type 'application/x-gzip' length 5250927 bytes (5.0 MB)
==================================================
downloaded 5.0 MB

* installing *source* package ‘Rcpp’ ...
** package ‘Rcpp’ successfully unpacked and MD5 sums checked
** libs
/usr/bin/g++  -I"/packages/R/3.5.1/lib64/R/include" -DNDEBUG -I../inst/include/  -I/usr/local/include   -fpic  -g -O2  -c api.cpp -o api.o
/usr/bin/g++  -I"/packages/R/3.5.1/lib64/R/include" -DNDEBUG -I../inst/include/  -I/usr/local/include   -fpic  -g -O2  -c attributes.cpp -o attributes.o
/usr/bin/g++  -I"/packages/R/3.5.1/lib64/R/include" -DNDEBUG -I../inst/include/  -I/usr/local/include   -fpic  -g -O2  -c barrier.cpp -o barrier.o
/usr/bin/g++  -I"/packages/R/3.5.1/lib64/R/include" -DNDEBUG -I../inst/include/  -I/usr/local/include   -fpic  -g -O2  -c date.cpp -o date.o
/usr/bin/g++  -I"/packages/R/3.5.1/lib64/R/include" -DNDEBUG -I../inst/include/  -I/usr/local/include   -fpic  -g -O2  -c module.cpp -o module.o
/usr/bin/g++  -I"/packages/R/3.5.1/lib64/R/include" -DNDEBUG -I../inst/include/  -I/usr/local/include   -fpic  -g -O2  -c rcpp_init.cpp -o rcpp_init.o
/usr/bin/g++ -shared -L/packages/R/3.5.1/lib64/R/lib -L/usr/local/lib64 -o Rcpp.so api.o attributes.o barrier.o date.o module.o rcpp_init.o -L/packages/R/3.5.1/lib64/R/lib -lR
installing to /gpfs/home/pettitta/R/x86_64-pc-linux-gnu-library/3.5/Rcpp/libs
** R
** inst
** byte-compile and prepare package for lazy loading
** help
*** installing help indices
** building package indices
** installing vignettes
** testing if installed package can be loaded
* DONE (Rcpp)
* installing *source* package ‘fansi’ ...
** package ‘fansi’ successfully unpacked and MD5 sums checked
** libs
/usr/bin/gcc -std=gnu99 -I"/packages/R/3.5.1/lib64/R/include" -DNDEBUG   -I/usr/local/include   -fpic  -g -O2  -c assumptions.c -o assumptions.o
/usr/bin/gcc -std=gnu99 -I"/packages/R/3.5.1/lib64/R/include" -DNDEBUG   -I/usr/local/include   -fpic  -g -O2  -c has.c -o has.o
/usr/bin/gcc -std=gnu99 -I"/packages/R/3.5.1/lib64/R/include" -DNDEBUG   -I/usr/local/include   -fpic  -g -O2  -c init.c -o init.o
/usr/bin/gcc -std=gnu99 -I"/packages/R/3.5.1/lib64/R/include" -DNDEBUG   -I/usr/local/include   -fpic  -g -O2  -c nchar.c -o nchar.o
/usr/bin/gcc -std=gnu99 -I"/packages/R/3.5.1/lib64/R/include" -DNDEBUG   -I/usr/local/include   -fpic  -g -O2  -c read.c -o read.o
/usr/bin/gcc -std=gnu99 -I"/packages/R/3.5.1/lib64/R/include" -DNDEBUG   -I/usr/local/include   -fpic  -g -O2  -c rnchar.c -o rnchar.o
/usr/bin/gcc -std=gnu99 -I"/packages/R/3.5.1/lib64/R/include" -DNDEBUG   -I/usr/local/include   -fpic  -g -O2  -c state.c -o state.o
/usr/bin/gcc -std=gnu99 -I"/packages/R/3.5.1/lib64/R/include" -DNDEBUG   -I/usr/local/include   -fpic  -g -O2  -c strip.c -o strip.o
/usr/bin/gcc -std=gnu99 -I"/packages/R/3.5.1/lib64/R/include" -DNDEBUG   -I/usr/local/include   -fpic  -g -O2  -c strsplit.c -o strsplit.o
/usr/bin/gcc -std=gnu99 -I"/packages/R/3.5.1/lib64/R/include" -DNDEBUG   -I/usr/local/include   -fpic  -g -O2  -c tabs.c -o tabs.o
/usr/bin/gcc -std=gnu99 -I"/packages/R/3.5.1/lib64/R/include" -DNDEBUG   -I/usr/local/include   -fpic  -g -O2  -c tohtml.c -o tohtml.o
/usr/bin/gcc -std=gnu99 -I"/packages/R/3.5.1/lib64/R/include" -DNDEBUG   -I/usr/local/include   -fpic  -g -O2  -c unhandled.c -o unhandled.o
/usr/bin/gcc -std=gnu99 -I"/packages/R/3.5.1/lib64/R/include" -DNDEBUG   -I/usr/local/include   -fpic  -g -O2  -c unique.c -o unique.o
/usr/bin/gcc -std=gnu99 -I"/packages/R/3.5.1/lib64/R/include" -DNDEBUG   -I/usr/local/include   -fpic  -g -O2  -c utf8.c -o utf8.o
/usr/bin/gcc -std=gnu99 -I"/packages/R/3.5.1/lib64/R/include" -DNDEBUG   -I/usr/local/include   -fpic  -g -O2  -c utils.c -o utils.o
/usr/bin/gcc -std=gnu99 -I"/packages/R/3.5.1/lib64/R/include" -DNDEBUG   -I/usr/local/include   -fpic  -g -O2  -c wrap.c -o wrap.o
/usr/bin/gcc -std=gnu99 -shared -L/packages/R/3.5.1/lib64/R/lib -L/usr/local/lib64 -o fansi.so assumptions.o has.o init.o nchar.o read.o rnchar.o state.o strip.o strsplit.o tabs.o tohtml.o unhandled.o unique.o utf8.o utils.o wrap.o -L/packages/R/3.5.1/lib64/R/lib -lR
installing to /gpfs/home/pettitta/R/x86_64-pc-linux-gnu-library/3.5/fansi/libs
** R
** inst
** byte-compile and prepare package for lazy loading
** help
*** installing help indices
** building package indices
** installing vignettes
** testing if installed package can be loaded
* DONE (fansi)
* installing *source* package ‘zeallot’ ...
** package ‘zeallot’ successfully unpacked and MD5 sums checked
** R
** inst
** byte-compile and prepare package for lazy loading
** help
*** installing help indices
** building package indices
** installing vignettes
** testing if installed package can be loaded
* DONE (zeallot)
* installing *source* package ‘generics’ ...
** package ‘generics’ successfully unpacked and MD5 sums checked
** R
** byte-compile and prepare package for lazy loading
** help
*** installing help indices
** building package indices
** testing if installed package can be loaded
* DONE (generics)
* installing *source* package ‘gower’ ...
** package ‘gower’ successfully unpacked and MD5 sums checked
** libs
/usr/bin/gcc -std=gnu99 -I"/packages/R/3.5.1/lib64/R/include" -DNDEBUG   -I/usr/local/include  -fopenmp -fpic  -g -O2  -c R_register_native.c -o R_register_native.o
/usr/bin/gcc -std=gnu99 -I"/packages/R/3.5.1/lib64/R/include" -DNDEBUG   -I/usr/local/include  -fopenmp -fpic  -g -O2  -c gower.c -o gower.o
/usr/bin/gcc -std=gnu99 -shared -L/packages/R/3.5.1/lib64/R/lib -L/usr/local/lib64 -o gower.so R_register_native.o gower.o -fopenmp -L/packages/R/3.5.1/lib64/R/lib -lR
installing to /gpfs/home/pettitta/R/x86_64-pc-linux-gnu-library/3.5/gower/libs
** R
** inst
** byte-compile and prepare package for lazy loading
** help
*** installing help indices
** building package indices
** installing vignettes
** testing if installed package can be loaded
* DONE (gower)
* installing *source* package ‘rlang’ ...
** package ‘rlang’ successfully unpacked and MD5 sums checked
** libs
/usr/bin/gcc -std=gnu99 -I"/packages/R/3.5.1/lib64/R/include" -DNDEBUG -I./lib/  -I/usr/local/include   -fpic  -g -O2  -c capture.c -o capture.o
/usr/bin/gcc -std=gnu99 -I"/packages/R/3.5.1/lib64/R/include" -DNDEBUG -I./lib/  -I/usr/local/include   -fpic  -g -O2  -c export.c -o export.o
/usr/bin/gcc -std=gnu99 -I"/packages/R/3.5.1/lib64/R/include" -DNDEBUG -I./lib/  -I/usr/local/include   -fpic  -g -O2  -c internal.c -o internal.o
/usr/bin/gcc -std=gnu99 -I"/packages/R/3.5.1/lib64/R/include" -DNDEBUG -I./lib/  -I/usr/local/include   -fpic  -g -O2  -c lib.c -o lib.o
/usr/bin/gcc -std=gnu99 -shared -L/packages/R/3.5.1/lib64/R/lib -L/usr/local/lib64 -o rlang.so capture.o export.o internal.o lib.o -L/packages/R/3.5.1/lib64/R/lib -lR
installing to /gpfs/home/pettitta/R/x86_64-pc-linux-gnu-library/3.5/rlang/libs
** R
** byte-compile and prepare package for lazy loading
** help
*** installing help indices
*** copying figures
** building package indices
** testing if installed package can be loaded
* DONE (rlang)
* installing *source* package ‘timeDate’ ...
** package ‘timeDate’ successfully unpacked and MD5 sums checked
** R
** inst
** byte-compile and prepare package for lazy loading
Creating a generic function for ‘sample’ from package ‘base’ in package ‘timeDate’
Creating a generic function for ‘getDataPart’ from package ‘methods’ in package ‘timeDate’
Creating a generic function for ‘abline’ from package ‘graphics’ in package ‘timeDate’
** help
*** installing help indices
** building package indices
** testing if installed package can be loaded
* DONE (timeDate)
* installing *source* package ‘ellipsis’ ...
** package ‘ellipsis’ successfully unpacked and MD5 sums checked
** libs
/usr/bin/gcc -std=gnu99 -I"/packages/R/3.5.1/lib64/R/include" -DNDEBUG   -I/usr/local/include   -fpic  -g -O2  -c dots.c -o dots.o
/usr/bin/gcc -std=gnu99 -I"/packages/R/3.5.1/lib64/R/include" -DNDEBUG   -I/usr/local/include   -fpic  -g -O2  -c init.c -o init.o
/usr/bin/gcc -std=gnu99 -shared -L/packages/R/3.5.1/lib64/R/lib -L/usr/local/lib64 -o ellipsis.so dots.o init.o -L/packages/R/3.5.1/lib64/R/lib -lR
installing to /gpfs/home/pettitta/R/x86_64-pc-linux-gnu-library/3.5/ellipsis/libs
** R
** byte-compile and prepare package for lazy loading
** help
*** installing help indices
** building package indices
** testing if installed package can be loaded
* DONE (ellipsis)
* installing *source* package ‘lifecycle’ ...
** package ‘lifecycle’ successfully unpacked and MD5 sums checked
** R
** inst
** byte-compile and prepare package for lazy loading
** help
*** installing help indices
*** copying figures
** building package indices
** installing vignettes
** testing if installed package can be loaded
* DONE (lifecycle)
* installing *source* package ‘tidyselect’ ...
** package ‘tidyselect’ successfully unpacked and MD5 sums checked
** libs
/usr/bin/g++  -I"/packages/R/3.5.1/lib64/R/include" -DNDEBUG  -I"/gpfs/home/pettitta/R/x86_64-pc-linux-gnu-library/3.5/Rcpp/include" -I/usr/local/include   -fpic  -g -O2  -c RcppExports.cpp -o RcppExports.o
/usr/bin/g++  -I"/packages/R/3.5.1/lib64/R/include" -DNDEBUG  -I"/gpfs/home/pettitta/R/x86_64-pc-linux-gnu-library/3.5/Rcpp/include" -I/usr/local/include   -fpic  -g -O2  -c combine_variables.cpp -o combine_variables.o
/usr/bin/g++ -shared -L/packages/R/3.5.1/lib64/R/lib -L/usr/local/lib64 -o tidyselect.so RcppExports.o combine_variables.o -L/packages/R/3.5.1/lib64/R/lib -lR
installing to /gpfs/home/pettitta/R/x86_64-pc-linux-gnu-library/3.5/tidyselect/libs
** R
** byte-compile and prepare package for lazy loading
** help
*** installing help indices
** building package indices
** testing if installed package can be loaded
* DONE (tidyselect)
* installing *source* package ‘ModelMetrics’ ...
** package ‘ModelMetrics’ successfully unpacked and MD5 sums checked
** libs
/usr/bin/g++  -I"/packages/R/3.5.1/lib64/R/include" -DNDEBUG  -I"/gpfs/home/pettitta/R/x86_64-pc-linux-gnu-library/3.5/Rcpp/include" -I/usr/local/include   -fpic  -g -O2  -c RcppExports.cpp -o RcppExports.o
/usr/bin/g++  -I"/packages/R/3.5.1/lib64/R/include" -DNDEBUG  -I"/gpfs/home/pettitta/R/x86_64-pc-linux-gnu-library/3.5/Rcpp/include" -I/usr/local/include   -fpic  -g -O2  -c auc_.cpp -o auc_.o
/usr/bin/g++  -I"/packages/R/3.5.1/lib64/R/include" -DNDEBUG  -I"/gpfs/home/pettitta/R/x86_64-pc-linux-gnu-library/3.5/Rcpp/include" -I/usr/local/include   -fpic  -g -O2  -c confusionMatrix_.cpp -o confusionMatrix_.o
/usr/bin/g++  -I"/packages/R/3.5.1/lib64/R/include" -DNDEBUG  -I"/gpfs/home/pettitta/R/x86_64-pc-linux-gnu-library/3.5/Rcpp/include" -I/usr/local/include   -fpic  -g -O2  -c error.cpp -o error.o
/usr/bin/g++  -I"/packages/R/3.5.1/lib64/R/include" -DNDEBUG  -I"/gpfs/home/pettitta/R/x86_64-pc-linux-gnu-library/3.5/Rcpp/include" -I/usr/local/include   -fpic  -g -O2  -c gini_.cpp -o gini_.o
/usr/bin/g++  -I"/packages/R/3.5.1/lib64/R/include" -DNDEBUG  -I"/gpfs/home/pettitta/R/x86_64-pc-linux-gnu-library/3.5/Rcpp/include" -I/usr/local/include   -fpic  -g -O2  -c logLoss_.cpp -o logLoss_.o
/usr/bin/g++ -shared -L/packages/R/3.5.1/lib64/R/lib -L/usr/local/lib64 -o ModelMetrics.so RcppExports.o auc_.o confusionMatrix_.o error.o gini_.o logLoss_.o -L/packages/R/3.5.1/lib64/R/lib -lR
installing to /gpfs/home/pettitta/R/x86_64-pc-linux-gnu-library/3.5/ModelMetrics/libs
** R
** data
*** moving datasets to lazyload DB
** byte-compile and prepare package for lazy loading
** help
*** installing help indices
** building package indices
** testing if installed package can be loaded
* DONE (ModelMetrics)
* installing *source* package ‘vctrs’ ...
** package ‘vctrs’ successfully unpacked and MD5 sums checked
** libs
/usr/bin/gcc -std=gnu99 -I"/packages/R/3.5.1/lib64/R/include" -DNDEBUG   -I/usr/local/include   -fpic  -g -O2  -c arg-counter.c -o arg-counter.o
/usr/bin/gcc -std=gnu99 -I"/packages/R/3.5.1/lib64/R/include" -DNDEBUG   -I/usr/local/include   -fpic  -g -O2  -c arg.c -o arg.o
/usr/bin/gcc -std=gnu99 -I"/packages/R/3.5.1/lib64/R/include" -DNDEBUG   -I/usr/local/include   -fpic  -g -O2  -c bind.c -o bind.o
/usr/bin/gcc -std=gnu99 -I"/packages/R/3.5.1/lib64/R/include" -DNDEBUG   -I/usr/local/include   -fpic  -g -O2  -c c.c -o c.o
/usr/bin/gcc -std=gnu99 -I"/packages/R/3.5.1/lib64/R/include" -DNDEBUG   -I/usr/local/include   -fpic  -g -O2  -c cast.c -o cast.o
/usr/bin/gcc -std=gnu99 -I"/packages/R/3.5.1/lib64/R/include" -DNDEBUG   -I/usr/local/include   -fpic  -g -O2  -c compare.c -o compare.o
/usr/bin/gcc -std=gnu99 -I"/packages/R/3.5.1/lib64/R/include" -DNDEBUG   -I/usr/local/include   -fpic  -g -O2  -c conditions.c -o conditions.o
/usr/bin/gcc -std=gnu99 -I"/packages/R/3.5.1/lib64/R/include" -DNDEBUG   -I/usr/local/include   -fpic  -g -O2  -c dictionary.c -o dictionary.o
/usr/bin/gcc -std=gnu99 -I"/packages/R/3.5.1/lib64/R/include" -DNDEBUG   -I/usr/local/include   -fpic  -g -O2  -c equal.c -o equal.o
/usr/bin/gcc -std=gnu99 -I"/packages/R/3.5.1/lib64/R/include" -DNDEBUG   -I/usr/local/include   -fpic  -g -O2  -c fields.c -o fields.o
/usr/bin/gcc -std=gnu99 -I"/packages/R/3.5.1/lib64/R/include" -DNDEBUG   -I/usr/local/include   -fpic  -g -O2  -c growable.c -o growable.o
/usr/bin/gcc -std=gnu99 -I"/packages/R/3.5.1/lib64/R/include" -DNDEBUG   -I/usr/local/include   -fpic  -g -O2  -c hash.c -o hash.o
/usr/bin/gcc -std=gnu99 -I"/packages/R/3.5.1/lib64/R/include" -DNDEBUG   -I/usr/local/include   -fpic  -g -O2  -c init.c -o init.o
/usr/bin/gcc -std=gnu99 -I"/packages/R/3.5.1/lib64/R/include" -DNDEBUG   -I/usr/local/include   -fpic  -g -O2  -c names.c -o names.o
/usr/bin/gcc -std=gnu99 -I"/packages/R/3.5.1/lib64/R/include" -DNDEBUG   -I/usr/local/include   -fpic  -g -O2  -c proxy.c -o proxy.o
/usr/bin/gcc -std=gnu99 -I"/packages/R/3.5.1/lib64/R/include" -DNDEBUG   -I/usr/local/include   -fpic  -g -O2  -c size-common.c -o size-common.o
/usr/bin/gcc -std=gnu99 -I"/packages/R/3.5.1/lib64/R/include" -DNDEBUG   -I/usr/local/include   -fpic  -g -O2  -c size.c -o size.o
/usr/bin/gcc -std=gnu99 -I"/packages/R/3.5.1/lib64/R/include" -DNDEBUG   -I/usr/local/include   -fpic  -g -O2  -c slice-array.c -o slice-array.o
/usr/bin/gcc -std=gnu99 -I"/packages/R/3.5.1/lib64/R/include" -DNDEBUG   -I/usr/local/include   -fpic  -g -O2  -c slice-assign.c -o slice-assign.o
/usr/bin/gcc -std=gnu99 -I"/packages/R/3.5.1/lib64/R/include" -DNDEBUG   -I/usr/local/include   -fpic  -g -O2  -c slice.c -o slice.o
/usr/bin/gcc -std=gnu99 -I"/packages/R/3.5.1/lib64/R/include" -DNDEBUG   -I/usr/local/include   -fpic  -g -O2  -c type-data-frame.c -o type-data-frame.o
/usr/bin/gcc -std=gnu99 -I"/packages/R/3.5.1/lib64/R/include" -DNDEBUG   -I/usr/local/include   -fpic  -g -O2  -c type-info.c -o type-info.o
/usr/bin/gcc -std=gnu99 -I"/packages/R/3.5.1/lib64/R/include" -DNDEBUG   -I/usr/local/include   -fpic  -g -O2  -c type.c -o type.o
/usr/bin/gcc -std=gnu99 -I"/packages/R/3.5.1/lib64/R/include" -DNDEBUG   -I/usr/local/include   -fpic  -g -O2  -c type2-dispatch.c -o type2-dispatch.o
/usr/bin/gcc -std=gnu99 -I"/packages/R/3.5.1/lib64/R/include" -DNDEBUG   -I/usr/local/include   -fpic  -g -O2  -c type2.c -o type2.o
/usr/bin/gcc -std=gnu99 -I"/packages/R/3.5.1/lib64/R/include" -DNDEBUG   -I/usr/local/include   -fpic  -g -O2  -c unspecified.c -o unspecified.o
/usr/bin/gcc -std=gnu99 -I"/packages/R/3.5.1/lib64/R/include" -DNDEBUG   -I/usr/local/include   -fpic  -g -O2  -c utils-dispatch.c -o utils-dispatch.o
/usr/bin/gcc -std=gnu99 -I"/packages/R/3.5.1/lib64/R/include" -DNDEBUG   -I/usr/local/include   -fpic  -g -O2  -c utils.c -o utils.o
/usr/bin/gcc -std=gnu99 -shared -L/packages/R/3.5.1/lib64/R/lib -L/usr/local/lib64 -o vctrs.so arg-counter.o arg.o bind.o c.o cast.o compare.o conditions.o dictionary.o equal.o fields.o growable.o hash.o init.o names.o proxy.o size-common.o size.o slice-array.o slice-assign.o slice.o type-data-frame.o type-info.o type.o type2-dispatch.o type2.o unspecified.o utils-dispatch.o utils.o -L/packages/R/3.5.1/lib64/R/lib -lR
installing to /gpfs/home/pettitta/R/x86_64-pc-linux-gnu-library/3.5/vctrs/libs
** R
** inst
** byte-compile and prepare package for lazy loading
** help
*** installing help indices
*** copying figures
** building package indices
** installing vignettes
** testing if installed package can be loaded
* DONE (vctrs)
* installing *source* package ‘pillar’ ...
** package ‘pillar’ successfully unpacked and MD5 sums checked
** R
** byte-compile and prepare package for lazy loading
** help
*** installing help indices
*** copying figures
** building package indices
** testing if installed package can be loaded
* DONE (pillar)
* installing *source* package ‘tibble’ ...
** package ‘tibble’ successfully unpacked and MD5 sums checked
** libs
/usr/bin/gcc -std=gnu99 -I"/packages/R/3.5.1/lib64/R/include" -DNDEBUG   -I/usr/local/include   -fpic  -g -O2  -c coerce.c -o coerce.o
/usr/bin/gcc -std=gnu99 -I"/packages/R/3.5.1/lib64/R/include" -DNDEBUG   -I/usr/local/include   -fpic  -g -O2  -c init.c -o init.o
/usr/bin/gcc -std=gnu99 -I"/packages/R/3.5.1/lib64/R/include" -DNDEBUG   -I/usr/local/include   -fpic  -g -O2  -c matrixToDataFrame.c -o matrixToDataFrame.o
/usr/bin/gcc -std=gnu99 -shared -L/packages/R/3.5.1/lib64/R/lib -L/usr/local/lib64 -o tibble.so coerce.o init.o matrixToDataFrame.o -L/packages/R/3.5.1/lib64/R/lib -lR
installing to /gpfs/home/pettitta/R/x86_64-pc-linux-gnu-library/3.5/tibble/libs
** R
** inst
** byte-compile and prepare package for lazy loading
** help
*** installing help indices
*** copying figures
** building package indices
** installing vignettes
** testing if installed package can be loaded
* DONE (tibble)
* installing *source* package ‘dplyr’ ...
** package ‘dplyr’ successfully unpacked and MD5 sums checked
** libs
/usr/bin/g++  -I"/packages/R/3.5.1/lib64/R/include" -DNDEBUG -I../inst/include -DRCPP_DEFAULT_INCLUDE_CALL=false -DCOMPILING_DPLYR -DRCPP_USING_UTF8_ERROR_STRING -DRCPP_USE_UNWIND_PROTECT -DBOOST_NO_AUTO_PTR  -I"/gpfs/packages/R/3.5.1/lib64/R/library/BH/include" -I"/gpfs/packages/R/3.5.1/lib64/R/library/plogr/include" -I"/gpfs/home/pettitta/R/x86_64-pc-linux-gnu-library/3.5/Rcpp/include" -I/usr/local/include   -fpic  -g -O2  -c RcppExports.cpp -o RcppExports.o
/usr/bin/g++  -I"/packages/R/3.5.1/lib64/R/include" -DNDEBUG -I../inst/include -DRCPP_DEFAULT_INCLUDE_CALL=false -DCOMPILING_DPLYR -DRCPP_USING_UTF8_ERROR_STRING -DRCPP_USE_UNWIND_PROTECT -DBOOST_NO_AUTO_PTR  -I"/gpfs/packages/R/3.5.1/lib64/R/library/BH/include" -I"/gpfs/packages/R/3.5.1/lib64/R/library/plogr/include" -I"/gpfs/home/pettitta/R/x86_64-pc-linux-gnu-library/3.5/Rcpp/include" -I/usr/local/include   -fpic  -g -O2  -c address.cpp -o address.o
/usr/bin/g++  -I"/packages/R/3.5.1/lib64/R/include" -DNDEBUG -I../inst/include -DRCPP_DEFAULT_INCLUDE_CALL=false -DCOMPILING_DPLYR -DRCPP_USING_UTF8_ERROR_STRING -DRCPP_USE_UNWIND_PROTECT -DBOOST_NO_AUTO_PTR  -I"/gpfs/packages/R/3.5.1/lib64/R/library/BH/include" -I"/gpfs/packages/R/3.5.1/lib64/R/library/plogr/include" -I"/gpfs/home/pettitta/R/x86_64-pc-linux-gnu-library/3.5/Rcpp/include" -I/usr/local/include   -fpic  -g -O2  -c api.cpp -o api.o
/usr/bin/g++  -I"/packages/R/3.5.1/lib64/R/include" -DNDEBUG -I../inst/include -DRCPP_DEFAULT_INCLUDE_CALL=false -DCOMPILING_DPLYR -DRCPP_USING_UTF8_ERROR_STRING -DRCPP_USE_UNWIND_PROTECT -DBOOST_NO_AUTO_PTR  -I"/gpfs/packages/R/3.5.1/lib64/R/library/BH/include" -I"/gpfs/packages/R/3.5.1/lib64/R/library/plogr/include" -I"/gpfs/home/pettitta/R/x86_64-pc-linux-gnu-library/3.5/Rcpp/include" -I/usr/local/include   -fpic  -g -O2  -c arrange.cpp -o arrange.o
/usr/bin/g++  -I"/packages/R/3.5.1/lib64/R/include" -DNDEBUG -I../inst/include -DRCPP_DEFAULT_INCLUDE_CALL=false -DCOMPILING_DPLYR -DRCPP_USING_UTF8_ERROR_STRING -DRCPP_USE_UNWIND_PROTECT -DBOOST_NO_AUTO_PTR  -I"/gpfs/packages/R/3.5.1/lib64/R/library/BH/include" -I"/gpfs/packages/R/3.5.1/lib64/R/library/plogr/include" -I"/gpfs/home/pettitta/R/x86_64-pc-linux-gnu-library/3.5/Rcpp/include" -I/usr/local/include   -fpic  -g -O2  -c between.cpp -o between.o
/usr/bin/g++  -I"/packages/R/3.5.1/lib64/R/include" -DNDEBUG -I../inst/include -DRCPP_DEFAULT_INCLUDE_CALL=false -DCOMPILING_DPLYR -DRCPP_USING_UTF8_ERROR_STRING -DRCPP_USE_UNWIND_PROTECT -DBOOST_NO_AUTO_PTR  -I"/gpfs/packages/R/3.5.1/lib64/R/library/BH/include" -I"/gpfs/packages/R/3.5.1/lib64/R/library/plogr/include" -I"/gpfs/home/pettitta/R/x86_64-pc-linux-gnu-library/3.5/Rcpp/include" -I/usr/local/include   -fpic  -g -O2  -c bind.cpp -o bind.o
/usr/bin/g++  -I"/packages/R/3.5.1/lib64/R/include" -DNDEBUG -I../inst/include -DRCPP_DEFAULT_INCLUDE_CALL=false -DCOMPILING_DPLYR -DRCPP_USING_UTF8_ERROR_STRING -DRCPP_USE_UNWIND_PROTECT -DBOOST_NO_AUTO_PTR  -I"/gpfs/packages/R/3.5.1/lib64/R/library/BH/include" -I"/gpfs/packages/R/3.5.1/lib64/R/library/plogr/include" -I"/gpfs/home/pettitta/R/x86_64-pc-linux-gnu-library/3.5/Rcpp/include" -I/usr/local/include   -fpic  -g -O2  -c distinct.cpp -o distinct.o
/usr/bin/g++  -I"/packages/R/3.5.1/lib64/R/include" -DNDEBUG -I../inst/include -DRCPP_DEFAULT_INCLUDE_CALL=false -DCOMPILING_DPLYR -DRCPP_USING_UTF8_ERROR_STRING -DRCPP_USE_UNWIND_PROTECT -DBOOST_NO_AUTO_PTR  -I"/gpfs/packages/R/3.5.1/lib64/R/library/BH/include" -I"/gpfs/packages/R/3.5.1/lib64/R/library/plogr/include" -I"/gpfs/home/pettitta/R/x86_64-pc-linux-gnu-library/3.5/Rcpp/include" -I/usr/local/include   -fpic  -g -O2  -c encoding.cpp -o encoding.o
/usr/bin/g++  -I"/packages/R/3.5.1/lib64/R/include" -DNDEBUG -I../inst/include -DRCPP_DEFAULT_INCLUDE_CALL=false -DCOMPILING_DPLYR -DRCPP_USING_UTF8_ERROR_STRING -DRCPP_USE_UNWIND_PROTECT -DBOOST_NO_AUTO_PTR  -I"/gpfs/packages/R/3.5.1/lib64/R/library/BH/include" -I"/gpfs/packages/R/3.5.1/lib64/R/library/plogr/include" -I"/gpfs/home/pettitta/R/x86_64-pc-linux-gnu-library/3.5/Rcpp/include" -I/usr/local/include   -fpic  -g -O2  -c filter.cpp -o filter.o
/usr/bin/g++  -I"/packages/R/3.5.1/lib64/R/include" -DNDEBUG -I../inst/include -DRCPP_DEFAULT_INCLUDE_CALL=false -DCOMPILING_DPLYR -DRCPP_USING_UTF8_ERROR_STRING -DRCPP_USE_UNWIND_PROTECT -DBOOST_NO_AUTO_PTR  -I"/gpfs/packages/R/3.5.1/lib64/R/library/BH/include" -I"/gpfs/packages/R/3.5.1/lib64/R/library/plogr/include" -I"/gpfs/home/pettitta/R/x86_64-pc-linux-gnu-library/3.5/Rcpp/include" -I/usr/local/include   -fpic  -g -O2  -c group_indices.cpp -o group_indices.o
/usr/bin/g++  -I"/packages/R/3.5.1/lib64/R/include" -DNDEBUG -I../inst/include -DRCPP_DEFAULT_INCLUDE_CALL=false -DCOMPILING_DPLYR -DRCPP_USING_UTF8_ERROR_STRING -DRCPP_USE_UNWIND_PROTECT -DBOOST_NO_AUTO_PTR  -I"/gpfs/packages/R/3.5.1/lib64/R/library/BH/include" -I"/gpfs/packages/R/3.5.1/lib64/R/library/plogr/include" -I"/gpfs/home/pettitta/R/x86_64-pc-linux-gnu-library/3.5/Rcpp/include" -I/usr/local/include   -fpic  -g -O2  -c hybrid.cpp -o hybrid.o
/usr/bin/g++  -I"/packages/R/3.5.1/lib64/R/include" -DNDEBUG -I../inst/include -DRCPP_DEFAULT_INCLUDE_CALL=false -DCOMPILING_DPLYR -DRCPP_USING_UTF8_ERROR_STRING -DRCPP_USE_UNWIND_PROTECT -DBOOST_NO_AUTO_PTR  -I"/gpfs/packages/R/3.5.1/lib64/R/library/BH/include" -I"/gpfs/packages/R/3.5.1/lib64/R/library/plogr/include" -I"/gpfs/home/pettitta/R/x86_64-pc-linux-gnu-library/3.5/Rcpp/include" -I/usr/local/include   -fpic  -g -O2  -c init.cpp -o init.o
/usr/bin/g++  -I"/packages/R/3.5.1/lib64/R/include" -DNDEBUG -I../inst/include -DRCPP_DEFAULT_INCLUDE_CALL=false -DCOMPILING_DPLYR -DRCPP_USING_UTF8_ERROR_STRING -DRCPP_USE_UNWIND_PROTECT -DBOOST_NO_AUTO_PTR  -I"/gpfs/packages/R/3.5.1/lib64/R/library/BH/include" -I"/gpfs/packages/R/3.5.1/lib64/R/library/plogr/include" -I"/gpfs/home/pettitta/R/x86_64-pc-linux-gnu-library/3.5/Rcpp/include" -I/usr/local/include   -fpic  -g -O2  -c join.cpp -o join.o
/usr/bin/g++  -I"/packages/R/3.5.1/lib64/R/include" -DNDEBUG -I../inst/include -DRCPP_DEFAULT_INCLUDE_CALL=false -DCOMPILING_DPLYR -DRCPP_USING_UTF8_ERROR_STRING -DRCPP_USE_UNWIND_PROTECT -DBOOST_NO_AUTO_PTR  -I"/gpfs/packages/R/3.5.1/lib64/R/library/BH/include" -I"/gpfs/packages/R/3.5.1/lib64/R/library/plogr/include" -I"/gpfs/home/pettitta/R/x86_64-pc-linux-gnu-library/3.5/Rcpp/include" -I/usr/local/include   -fpic  -g -O2  -c join_exports.cpp -o join_exports.o
/usr/bin/g++  -I"/packages/R/3.5.1/lib64/R/include" -DNDEBUG -I../inst/include -DRCPP_DEFAULT_INCLUDE_CALL=false -DCOMPILING_DPLYR -DRCPP_USING_UTF8_ERROR_STRING -DRCPP_USE_UNWIND_PROTECT -DBOOST_NO_AUTO_PTR  -I"/gpfs/packages/R/3.5.1/lib64/R/library/BH/include" -I"/gpfs/packages/R/3.5.1/lib64/R/library/plogr/include" -I"/gpfs/home/pettitta/R/x86_64-pc-linux-gnu-library/3.5/Rcpp/include" -I/usr/local/include   -fpic  -g -O2  -c mutate.cpp -o mutate.o
/usr/bin/gcc -std=gnu99 -I"/packages/R/3.5.1/lib64/R/include" -DNDEBUG -I../inst/include -DRCPP_DEFAULT_INCLUDE_CALL=false -DCOMPILING_DPLYR -DRCPP_USING_UTF8_ERROR_STRING -DRCPP_USE_UNWIND_PROTECT -DBOOST_NO_AUTO_PTR  -I"/gpfs/packages/R/3.5.1/lib64/R/library/BH/include" -I"/gpfs/packages/R/3.5.1/lib64/R/library/plogr/include" -I"/gpfs/home/pettitta/R/x86_64-pc-linux-gnu-library/3.5/Rcpp/include" -I/usr/local/include   -fpic  -g -O2  -c rlang-export.c -o rlang-export.o
/usr/bin/g++  -I"/packages/R/3.5.1/lib64/R/include" -DNDEBUG -I../inst/include -DRCPP_DEFAULT_INCLUDE_CALL=false -DCOMPILING_DPLYR -DRCPP_USING_UTF8_ERROR_STRING -DRCPP_USE_UNWIND_PROTECT -DBOOST_NO_AUTO_PTR  -I"/gpfs/packages/R/3.5.1/lib64/R/library/BH/include" -I"/gpfs/packages/R/3.5.1/lib64/R/library/plogr/include" -I"/gpfs/home/pettitta/R/x86_64-pc-linux-gnu-library/3.5/Rcpp/include" -I/usr/local/include   -fpic  -g -O2  -c rlang.cpp -o rlang.o
/usr/bin/g++  -I"/packages/R/3.5.1/lib64/R/include" -DNDEBUG -I../inst/include -DRCPP_DEFAULT_INCLUDE_CALL=false -DCOMPILING_DPLYR -DRCPP_USING_UTF8_ERROR_STRING -DRCPP_USE_UNWIND_PROTECT -DBOOST_NO_AUTO_PTR  -I"/gpfs/packages/R/3.5.1/lib64/R/library/BH/include" -I"/gpfs/packages/R/3.5.1/lib64/R/library/plogr/include" -I"/gpfs/home/pettitta/R/x86_64-pc-linux-gnu-library/3.5/Rcpp/include" -I/usr/local/include   -fpic  -g -O2  -c select.cpp -o select.o
/usr/bin/g++  -I"/packages/R/3.5.1/lib64/R/include" -DNDEBUG -I../inst/include -DRCPP_DEFAULT_INCLUDE_CALL=false -DCOMPILING_DPLYR -DRCPP_USING_UTF8_ERROR_STRING -DRCPP_USE_UNWIND_PROTECT -DBOOST_NO_AUTO_PTR  -I"/gpfs/packages/R/3.5.1/lib64/R/library/BH/include" -I"/gpfs/packages/R/3.5.1/lib64/R/library/plogr/include" -I"/gpfs/home/pettitta/R/x86_64-pc-linux-gnu-library/3.5/Rcpp/include" -I/usr/local/include   -fpic  -g -O2  -c set.cpp -o set.o
/usr/bin/g++  -I"/packages/R/3.5.1/lib64/R/include" -DNDEBUG -I../inst/include -DRCPP_DEFAULT_INCLUDE_CALL=false -DCOMPILING_DPLYR -DRCPP_USING_UTF8_ERROR_STRING -DRCPP_USE_UNWIND_PROTECT -DBOOST_NO_AUTO_PTR  -I"/gpfs/packages/R/3.5.1/lib64/R/library/BH/include" -I"/gpfs/packages/R/3.5.1/lib64/R/library/plogr/include" -I"/gpfs/home/pettitta/R/x86_64-pc-linux-gnu-library/3.5/Rcpp/include" -I/usr/local/include   -fpic  -g -O2  -c summarise.cpp -o summarise.o
/usr/bin/g++  -I"/packages/R/3.5.1/lib64/R/include" -DNDEBUG -I../inst/include -DRCPP_DEFAULT_INCLUDE_CALL=false -DCOMPILING_DPLYR -DRCPP_USING_UTF8_ERROR_STRING -DRCPP_USE_UNWIND_PROTECT -DBOOST_NO_AUTO_PTR  -I"/gpfs/packages/R/3.5.1/lib64/R/library/BH/include" -I"/gpfs/packages/R/3.5.1/lib64/R/library/plogr/include" -I"/gpfs/home/pettitta/R/x86_64-pc-linux-gnu-library/3.5/Rcpp/include" -I/usr/local/include   -fpic  -g -O2  -c test.cpp -o test.o
/usr/bin/g++  -I"/packages/R/3.5.1/lib64/R/include" -DNDEBUG -I../inst/include -DRCPP_DEFAULT_INCLUDE_CALL=false -DCOMPILING_DPLYR -DRCPP_USING_UTF8_ERROR_STRING -DRCPP_USE_UNWIND_PROTECT -DBOOST_NO_AUTO_PTR  -I"/gpfs/packages/R/3.5.1/lib64/R/library/BH/include" -I"/gpfs/packages/R/3.5.1/lib64/R/library/plogr/include" -I"/gpfs/home/pettitta/R/x86_64-pc-linux-gnu-library/3.5/Rcpp/include" -I/usr/local/include   -fpic  -g -O2  -c utils-bindings.cpp -o utils-bindings.o
/usr/bin/g++  -I"/packages/R/3.5.1/lib64/R/include" -DNDEBUG -I../inst/include -DRCPP_DEFAULT_INCLUDE_CALL=false -DCOMPILING_DPLYR -DRCPP_USING_UTF8_ERROR_STRING -DRCPP_USE_UNWIND_PROTECT -DBOOST_NO_AUTO_PTR  -I"/gpfs/packages/R/3.5.1/lib64/R/library/BH/include" -I"/gpfs/packages/R/3.5.1/lib64/R/library/plogr/include" -I"/gpfs/home/pettitta/R/x86_64-pc-linux-gnu-library/3.5/Rcpp/include" -I/usr/local/include   -fpic  -g -O2  -c utils.cpp -o utils.o
/usr/bin/g++  -I"/packages/R/3.5.1/lib64/R/include" -DNDEBUG -I../inst/include -DRCPP_DEFAULT_INCLUDE_CALL=false -DCOMPILING_DPLYR -DRCPP_USING_UTF8_ERROR_STRING -DRCPP_USE_UNWIND_PROTECT -DBOOST_NO_AUTO_PTR  -I"/gpfs/packages/R/3.5.1/lib64/R/library/BH/include" -I"/gpfs/packages/R/3.5.1/lib64/R/library/plogr/include" -I"/gpfs/home/pettitta/R/x86_64-pc-linux-gnu-library/3.5/Rcpp/include" -I/usr/local/include   -fpic  -g -O2  -c window.cpp -o window.o
/usr/bin/g++ -shared -L/packages/R/3.5.1/lib64/R/lib -L/usr/local/lib64 -o dplyr.so RcppExports.o address.o api.o arrange.o between.o bind.o distinct.o encoding.o filter.o group_indices.o hybrid.o init.o join.o join_exports.o mutate.o rlang-export.o rlang.o select.o set.o summarise.o test.o utils-bindings.o utils.o window.o -L/packages/R/3.5.1/lib64/R/lib -lR
installing to /gpfs/home/pettitta/R/x86_64-pc-linux-gnu-library/3.5/dplyr/libs
** R
** data
*** moving datasets to lazyload DB
** inst
** byte-compile and prepare package for lazy loading
** help
*** installing help indices
*** copying figures
** building package indices
** installing vignettes
** testing if installed package can be loaded
* DONE (dplyr)
* installing *source* package ‘tidyr’ ...
** package ‘tidyr’ successfully unpacked and MD5 sums checked
** libs
/usr/bin/g++  -I"/packages/R/3.5.1/lib64/R/include" -DNDEBUG  -I"/gpfs/home/pettitta/R/x86_64-pc-linux-gnu-library/3.5/Rcpp/include" -I/usr/local/include   -fpic  -g -O2  -c RcppExports.cpp -o RcppExports.o
/usr/bin/g++  -I"/packages/R/3.5.1/lib64/R/include" -DNDEBUG  -I"/gpfs/home/pettitta/R/x86_64-pc-linux-gnu-library/3.5/Rcpp/include" -I/usr/local/include   -fpic  -g -O2  -c fill.cpp -o fill.o
/usr/bin/g++  -I"/packages/R/3.5.1/lib64/R/include" -DNDEBUG  -I"/gpfs/home/pettitta/R/x86_64-pc-linux-gnu-library/3.5/Rcpp/include" -I/usr/local/include   -fpic  -g -O2  -c melt.cpp -o melt.o
/usr/bin/g++  -I"/packages/R/3.5.1/lib64/R/include" -DNDEBUG  -I"/gpfs/home/pettitta/R/x86_64-pc-linux-gnu-library/3.5/Rcpp/include" -I/usr/local/include   -fpic  -g -O2  -c simplifyPieces.cpp -o simplifyPieces.o
/usr/bin/g++ -shared -L/packages/R/3.5.1/lib64/R/lib -L/usr/local/lib64 -o tidyr.so RcppExports.o fill.o melt.o simplifyPieces.o -L/packages/R/3.5.1/lib64/R/lib -lR
installing to /gpfs/home/pettitta/R/x86_64-pc-linux-gnu-library/3.5/tidyr/libs
** R
** data
*** moving datasets to lazyload DB
** inst
** byte-compile and prepare package for lazy loading
** help
*** installing help indices
*** copying figures
** building package indices
** installing vignettes
** testing if installed package can be loaded
* DONE (tidyr)
* installing *source* package ‘recipes’ ...
** package ‘recipes’ successfully unpacked and MD5 sums checked
** R
** data
*** moving datasets to lazyload DB
** inst
** byte-compile and prepare package for lazy loading
** help
*** installing help indices
*** copying figures
** building package indices
** installing vignettes
** testing if installed package can be loaded
* DONE (recipes)
* installing *source* package ‘caret’ ...
** package ‘caret’ successfully unpacked and MD5 sums checked
** libs
/usr/bin/gcc -std=gnu99 -I"/packages/R/3.5.1/lib64/R/include" -DNDEBUG   -I/usr/local/include   -fpic  -g -O2  -c caret.c -o caret.o
/usr/bin/gcc -std=gnu99 -shared -L/packages/R/3.5.1/lib64/R/lib -L/usr/local/lib64 -o caret.so caret.o -L/packages/R/3.5.1/lib64/R/lib -lR
installing to /gpfs/home/pettitta/R/x86_64-pc-linux-gnu-library/3.5/caret/libs
** R
** data
** inst
** byte-compile and prepare package for lazy loading
** help
*** installing help indices
** building package indices
** installing vignettes
** testing if installed package can be loaded
* DONE (caret)

The downloaded source packages are in
	‘/tmp/RtmpyTLf6g/downloaded_packages’
Warning message:
In library(package, lib.loc = lib.loc, character.only = TRUE, logical.return = TRUE,  :
  there is no package called ‘caret’
Installation complete
