========================
= Starting submissions =
========================
Sun Sep 15 04:26:29 PDT 2019
Submitted batch job 9981115
Submitted batch job 9981116
Submitted batch job 9981117
Submitted batch job 9981118
Submitted batch job 9981119
Submitted batch job 9981120
Submitted batch job 9981121
Submitted batch job 9981122
Submitted batch job 9981123
Submitted batch job 9981124
Submitted batch job 9981125
Submitted batch job 9981126
Submitted batch job 9981127
Submitted batch job 9981128
Submitted batch job 9981129
Submitted batch job 9981130
Submitted batch job 9981131
Submitted batch job 9981132
Submitted batch job 9981133
Submitted batch job 9981134
Submitted batch job 9981135
Submitted batch job 9981136
Submitted batch job 9981137
Submitted batch job 9981138
Submitted batch job 9981141
Submitted batch job 9981143
Submitted batch job 9981144
Submitted batch job 9981151
Submitted batch job 9981162
Submitted batch job 9981169
Submitted batch job 9981176
Submitted batch job 9981187
Submitted batch job 9981262
Submitted batch job 9981270
Submitted batch job 9981287
Submitted batch job 9981301
Submitted batch job 9981305
Submitted batch job 9981313
Submitted batch job 9981399
Submitted batch job 9981401
Submitted batch job 9981408
Submitted batch job 9981413
Submitted batch job 9981416
Submitted batch job 9981420
Submitted batch job 9981422
Submitted batch job 9981424
========================
= Starting submissions =
========================
Mon Sep 16 02:18:02 PDT 2019
Submitted batch job 9981577
========================
= Starting submissions =
========================
Mon Sep 16 02:18:04 PDT 2019
Submitted batch job 9981579
========================
========================
= Starting submissions =
= Starting submissions =
========================
========================
Mon Sep 16 02:18:04 PDT 2019
Mon Sep 16 02:18:04 PDT 2019
Submitted batch job 9981580
Submitted batch job 9981581
========================
= Starting submissions =
========================
Mon Sep 16 02:18:04 PDT 2019
Submitted batch job 9981582
========================
= Starting submissions =
========================
Mon Sep 16 02:18:05 PDT 2019
Submitted batch job 9981583
========================
= Starting submissions =
========================
Mon Sep 16 02:18:05 PDT 2019
Submitted batch job 9981584
========================
= Starting submissions =
========================
Mon Sep 16 02:18:05 PDT 2019
Submitted batch job 9981585
Submitted batch job 9981586
Submitted batch job 9981587
Submitted batch job 9981588
Submitted batch job 9981589
Submitted batch job 9981590
Submitted batch job 9981591
Submitted batch job 9981592
Submitted batch job 9981593
Submitted batch job 9981594
Submitted batch job 9981595
========================
= Starting submissions =
========================
Mon Sep 16 02:18:16 PDT 2019
Submitted batch job 9981596
========================
= Starting submissions =
========================
Mon Sep 16 02:18:16 PDT 2019
Submitted batch job 9981597
Submitted batch job 9981598
Submitted batch job 9981599
Submitted batch job 9981600
========================
= Starting submissions =
========================
Mon Sep 16 02:18:17 PDT 2019
Submitted batch job 9981601
========================
= Starting submissions =
========================
Mon Sep 16 02:18:17 PDT 2019
Submitted batch job 9981602
Submitted batch job 9981603
Submitted batch job 9981604
========================
= Starting submissions =
========================
Mon Sep 16 02:18:17 PDT 2019
Submitted batch job 9981605
Submitted batch job 9981606
========================
= Starting submissions =
========================
Mon Sep 16 02:18:18 PDT 2019
========================
= Starting submissions =
========================
Mon Sep 16 02:18:18 PDT 2019
Submitted batch job 9981607
Submitted batch job 9981608
========================
= Starting submissions =
========================
Mon Sep 16 02:18:18 PDT 2019
Submitted batch job 9981609
Submitted batch job 9981610
========================
= Starting submissions =
========================
Mon Sep 16 02:18:22 PDT 2019
Submitted batch job 9981611
Submitted batch job 9981612
Submitted batch job 9981613
Submitted batch job 9981614
Submitted batch job 9981615
Submitted batch job 9981616
Submitted batch job 9981617
Submitted batch job 9981618
Submitted batch job 9981619
Submitted batch job 9981620
Submitted batch job 9981621
Submitted batch job 9981622
Submitted batch job 9981623
Submitted batch job 9981624
========================
= Starting submissions =
========================
Mon Sep 16 02:18:25 PDT 2019
Submitted batch job 9981625
Submitted batch job 9981626
========================
= Starting submissions =
========================
Mon Sep 16 02:18:27 PDT 2019
Submitted batch job 9981627
========================
= Starting submissions =
========================
Mon Sep 16 02:18:28 PDT 2019
========================
= Starting submissions =
========================
Mon Sep 16 02:18:28 PDT 2019
Submitted batch job 9981628
Submitted batch job 9981629
Submitted batch job 9981630
Submitted batch job 9981631
Submitted batch job 9981632
Submitted batch job 9981633
========================
= Starting submissions =
========================
Mon Sep 16 02:18:29 PDT 2019
Submitted batch job 9981634
Submitted batch job 9981635
Submitted batch job 9981636
Submitted batch job 9981637
Submitted batch job 9981638
========================
= Starting submissions =
========================
Submitted batch job 9981639
Mon Sep 16 02:18:29 PDT 2019
Submitted batch job 9981640
Submitted batch job 9981641
Submitted batch job 9981642
Submitted batch job 9981643
========================
= Starting submissions =
========================
Mon Sep 16 02:18:30 PDT 2019
Submitted batch job 9981644
Submitted batch job 9981645
========================
= Starting submissions =
========================
Mon Sep 16 02:18:30 PDT 2019
Submitted batch job 9981646
========================
= Starting submissions =
========================
Mon Sep 16 02:18:30 PDT 2019
Submitted batch job 9981647
========================
= Starting submissions =
========================
Mon Sep 16 02:18:30 PDT 2019
Submitted batch job 9981648
Submitted batch job 9981649
Submitted batch job 9981650
Submitted batch job 9981651
========================
= Starting submissions =
========================
Submitted batch job 9981652
Mon Sep 16 02:18:32 PDT 2019
Submitted batch job 9981653
Submitted batch job 9981654
========================
= Starting submissions =
========================
Mon Sep 16 02:18:34 PDT 2019
Submitted batch job 9981655
Submitted batch job 9981657
Submitted batch job 9981656
Submitted batch job 9981658
Submitted batch job 9981659
Submitted batch job 9981660
Submitted batch job 9981661
Submitted batch job 9981663
Submitted batch job 9981662
========================
= Starting submissions =
========================
Submitted batch job 9981664
Submitted batch job 9981665
Mon Sep 16 02:18:35 PDT 2019
Submitted batch job 9981666
Submitted batch job 9981667
Submitted batch job 9981668
========================
= Starting submissions =
========================
Mon Sep 16 02:18:35 PDT 2019
Submitted batch job 9981669
Submitted batch job 9981670
========================
= Starting submissions =
========================
Mon Sep 16 02:18:36 PDT 2019
========================
= Starting submissions =
========================
Mon Sep 16 02:18:36 PDT 2019
Submitted batch job 9981671
Submitted batch job 9981672
Submitted batch job 9981673
Submitted batch job 9981674
Submitted batch job 9981675
Submitted batch job 9981676
========================
========================
= Starting submissions =
========================
= Starting submissions =
========================
Mon Sep 16 02:18:37 PDT 2019
Submitted batch job 9981677
Mon Sep 16 02:18:37 PDT 2019
Submitted batch job 9981678
Submitted batch job 9981679
Submitted batch job 9981680
========================
Submitted batch job 9981681
= Starting submissions =
========================
Submitted batch job 9981683
Submitted batch job 9981682
Mon Sep 16 02:18:37 PDT 2019
========================
= Starting submissions =
========================
Mon Sep 16 02:18:37 PDT 2019
Submitted batch job 9981684
Submitted batch job 9981685
========================
= Starting submissions =
========================
Mon Sep 16 02:18:37 PDT 2019
Submitted batch job 9981686
========================
= Starting submissions =
========================
Mon Sep 16 02:18:37 PDT 2019
Submitted batch job 9981687
Submitted batch job 9981688
Submitted batch job 9981689
Submitted batch job 9981690
========================
= Starting submissions =
========================
Mon Sep 16 02:18:40 PDT 2019
Submitted batch job 9981691
Submitted batch job 9981692
Submitted batch job 9981694
Submitted batch job 9981693
Submitted batch job 9981695
Submitted batch job 9981696
Submitted batch job 9981697
Submitted batch job 9981698
Submitted batch job 9981699
Submitted batch job 9981700
Submitted batch job 9981701
Submitted batch job 9981702
Submitted batch job 9981703
Submitted batch job 9981704
Submitted batch job 9981705
Submitted batch job 9981706
Submitted batch job 9981707
Submitted batch job 9981708
Submitted batch job 9981709
Submitted batch job 9981710
========================
= Starting submissions =
========================
Mon Sep 16 02:18:43 PDT 2019
========================
= Starting submissions =
========================
Mon Sep 16 02:18:43 PDT 2019
Submitted batch job 9981711
Submitted batch job 9981712
Submitted batch job 9981713
Submitted batch job 9981714
========================
= Starting submissions =
========================
Mon Sep 16 02:18:44 PDT 2019
========================
= Starting submissions =
========================
Mon Sep 16 02:18:44 PDT 2019
Submitted batch job 9981715
Submitted batch job 9981716
Submitted batch job 9981717
Submitted batch job 9981718
Submitted batch job 9981719
Submitted batch job 9981720
Submitted batch job 9981721
Submitted batch job 9981722
Submitted batch job 9981723
Submitted batch job 9981725
Submitted batch job 9981724
Submitted batch job 9981726
========================
= Starting submissions =
========================
Mon Sep 16 02:18:45 PDT 2019
========================
= Starting submissions =
========================
Mon Sep 16 02:18:45 PDT 2019
========================
= Starting submissions =
========================
Mon Sep 16 02:18:45 PDT 2019
========================
= Starting submissions =
========================
Mon Sep 16 02:18:45 PDT 2019
Submitted batch job 9981727
Submitted batch job 9981728
Submitted batch job 9981729
Submitted batch job 9981730
Submitted batch job 9981731
========================
= Starting submissions =
========================
Mon Sep 16 02:18:46 PDT 2019
Submitted batch job 9981732
========================
= Starting submissions =
========================
Mon Sep 16 02:18:46 PDT 2019
Submitted batch job 9981733
========================
= Starting submissions =
========================
Mon Sep 16 02:18:46 PDT 2019
========================
= Starting submissions =
========================
Mon Sep 16 02:18:46 PDT 2019
Submitted batch job 9981735
Submitted batch job 9981734
========================
= Starting submissions =
========================
Mon Sep 16 02:18:46 PDT 2019
Submitted batch job 9981736
Submitted batch job 9981737
Submitted batch job 9981738
========================
= Starting submissions =
========================
Mon Sep 16 02:18:46 PDT 2019
Submitted batch job 9981739
========================
= Starting submissions =
========================
Mon Sep 16 02:18:46 PDT 2019
Submitted batch job 9981740
========================
= Starting submissions =
========================
Mon Sep 16 02:18:47 PDT 2019
Submitted batch job 9981741
========================
= Starting submissions =
========================
Mon Sep 16 02:18:47 PDT 2019
========================
= Starting submissions =
========================
Mon Sep 16 02:18:47 PDT 2019
Submitted batch job 9981742
Submitted batch job 9981743
Submitted batch job 9981744
Submitted batch job 9981745
Submitted batch job 9981746
Submitted batch job 9981748
Submitted batch job 9981749
Submitted batch job 9981747
Submitted batch job 9981750
Submitted batch job 9981751
Submitted batch job 9981752
Submitted batch job 9981753
Submitted batch job 9981754
Submitted batch job 9981755
Submitted batch job 9981756
Submitted batch job 9981757
Submitted batch job 9981758
Submitted batch job 9981759
========================
= Starting submissions =
========================
========================
= Starting submissions =
========================
Mon Sep 16 02:18:49 PDT 2019
Mon Sep 16 02:18:49 PDT 2019
========================
= Starting submissions =
========================
Mon Sep 16 02:18:49 PDT 2019
========================
= Starting submissions =
========================
Mon Sep 16 02:18:49 PDT 2019
========================
= Starting submissions =
========================
Mon Sep 16 02:18:50 PDT 2019
========================
= Starting submissions =
========================
Mon Sep 16 02:18:50 PDT 2019
Submitted batch job 9981760
Submitted batch job 9981761
========================
= Starting submissions =
========================
Mon Sep 16 02:18:50 PDT 2019
Submitted batch job 9981762
Submitted batch job 9981763
Submitted batch job 9981764
Submitted batch job 9981765
Submitted batch job 9981766
Submitted batch job 9981767
Submitted batch job 9981768
Submitted batch job 9981769
Submitted batch job 9981770
Submitted batch job 9981772
Submitted batch job 9981771
Submitted batch job 9981774
Submitted batch job 9981773
Submitted batch job 9981775
Submitted batch job 9981776
Submitted batch job 9981777
========================
========================
= Starting submissions =
= Starting submissions =
========================
========================
Mon Sep 16 02:18:50 PDT 2019
Mon Sep 16 02:18:50 PDT 2019
Submitted batch job 9981778
Submitted batch job 9981779
========================
= Starting submissions =
========================
Mon Sep 16 02:18:50 PDT 2019
Submitted batch job 9981780
Submitted batch job 9981782
Submitted batch job 9981783
Submitted batch job 9981781
Submitted batch job 9981784
Submitted batch job 9981785
Submitted batch job 9981786
Submitted batch job 9981788
Submitted batch job 9981789
Submitted batch job 9981787
Submitted batch job 9981790
Submitted batch job 9981791
Submitted batch job 9981792
========================
= Starting submissions =
========================
Mon Sep 16 02:18:50 PDT 2019
Submitted batch job 9981793
========================
= Starting submissions =
========================
Mon Sep 16 02:18:51 PDT 2019
Submitted batch job 9981794
Submitted batch job 9981795
Submitted batch job 9981796
Submitted batch job 9981797
Submitted batch job 9981798
Submitted batch job 9981799
Submitted batch job 9981801
Submitted batch job 9981800
Submitted batch job 9981802
Submitted batch job 9981804
Submitted batch job 9981803
Submitted batch job 9981805
Submitted batch job 9981807
Submitted batch job 9981806
Submitted batch job 9981808
Submitted batch job 9981809
Submitted batch job 9981810
========================
Submitted batch job 9981811
= Starting submissions =
Submitted batch job 9981812
========================
Submitted batch job 9981813
Submitted batch job 9981815
Submitted batch job 9981817
Submitted batch job 9981819
Submitted batch job 9981814
Submitted batch job 9981821
Submitted batch job 9981816
Submitted batch job 9981822
Submitted batch job 9981820
Submitted batch job 9981825
Submitted batch job 9981826
Submitted batch job 9981823
Submitted batch job 9981824
Submitted batch job 9981828
Submitted batch job 9981830
Submitted batch job 9981829
Submitted batch job 9981831
Submitted batch job 9981827
Mon Sep 16 02:18:57 PDT 2019
Submitted batch job 9981818
========================
= Starting submissions =
========================
Mon Sep 16 02:18:57 PDT 2019
Submitted batch job 9981832
========================
= Starting submissions =
========================
Mon Sep 16 02:18:57 PDT 2019
========================
= Starting submissions =
========================
Mon Sep 16 02:18:58 PDT 2019
========================
= Starting submissions =
========================
Mon Sep 16 02:18:58 PDT 2019
========================
= Starting submissions =
========================
Mon Sep 16 02:18:58 PDT 2019
Submitted batch job 9981833
Submitted batch job 9981834
Submitted batch job 9981835
Submitted batch job 9981836
Submitted batch job 9981837
Submitted batch job 9981838
Submitted batch job 9981839
Submitted batch job 9981841
Submitted batch job 9981840
Submitted batch job 9981842
Submitted batch job 9981843
Submitted batch job 9981844
========================
= Starting submissions =
========================
Mon Sep 16 02:18:59 PDT 2019
========================
= Starting submissions =
========================
Mon Sep 16 02:18:59 PDT 2019
Submitted batch job 9981845
Submitted batch job 9981846
========================
= Starting submissions =
========================
Mon Sep 16 02:18:59 PDT 2019
========================
= Starting submissions =
========================
Mon Sep 16 02:18:59 PDT 2019
Submitted batch job 9981847
Submitted batch job 9981848
========================
= Starting submissions =
========================
Mon Sep 16 02:19:00 PDT 2019
========================
= Starting submissions =
========================
Mon Sep 16 02:19:00 PDT 2019
Submitted batch job 9981849
========================
= Starting submissions =
========================
Mon Sep 16 02:19:00 PDT 2019
========================
= Starting submissions =
========================
Mon Sep 16 02:19:00 PDT 2019
Submitted batch job 9981850
Submitted batch job 9981851
Submitted batch job 9981853
Submitted batch job 9981852
Submitted batch job 9981854
Submitted batch job 9981855
Submitted batch job 9981856
Submitted batch job 9981858
Submitted batch job 9981859
Submitted batch job 9981857
Submitted batch job 9981860
========================
= Starting submissions =
========================
Mon Sep 16 02:19:00 PDT 2019
Submitted batch job 9981861
========================
= Starting submissions =
========================
Mon Sep 16 02:19:00 PDT 2019
Submitted batch job 9981862
Submitted batch job 9981863
Submitted batch job 9981865
Submitted batch job 9981866
Submitted batch job 9981864
Submitted batch job 9981867
Submitted batch job 9981868
Submitted batch job 9981869
Submitted batch job 9981870
Submitted batch job 9981871
Submitted batch job 9981872
Submitted batch job 9981873
Submitted batch job 9981874
Submitted batch job 9981875
Submitted batch job 9981876
========================
= Starting submissions =
========================
Mon Sep 16 02:19:03 PDT 2019
Submitted batch job 9981877
Submitted batch job 9981878
Submitted batch job 9981879
Submitted batch job 9981880
Submitted batch job 9981881
Submitted batch job 9981882
Submitted batch job 9981883
Submitted batch job 9981884
Submitted batch job 9981885
Submitted batch job 9981886
Submitted batch job 9981887
Submitted batch job 9981889
Submitted batch job 9981890
Submitted batch job 9981888
Submitted batch job 9981891
Submitted batch job 9981892
Submitted batch job 9981894
Submitted batch job 9981893
Submitted batch job 9981895
Submitted batch job 9981896
Submitted batch job 9981897
Submitted batch job 9981898
Submitted batch job 9981899
Submitted batch job 9981900
Submitted batch job 9981901
Submitted batch job 9981902
Submitted batch job 9981903
Submitted batch job 9981904
Submitted batch job 9981905
Submitted batch job 9981912
Submitted batch job 9981908
Submitted batch job 9981910
Submitted batch job 9981913
Submitted batch job 9981914
Submitted batch job 9981915
Submitted batch job 9981909
Submitted batch job 9981918
Submitted batch job 9981920
Submitted batch job 9981907
Submitted batch job 9981906
Submitted batch job 9981911
Submitted batch job 9981917
Submitted batch job 9981919
Submitted batch job 9981916
Submitted batch job 9981921
Submitted batch job 9981924
Submitted batch job 9981923
Submitted batch job 9981925
Submitted batch job 9981926
Submitted batch job 9981922
Submitted batch job 9981927
Submitted batch job 9981928
Submitted batch job 9981929
Submitted batch job 9981930
Submitted batch job 9981931
========================
= Starting submissions =
========================
Mon Sep 16 02:19:11 PDT 2019
Submitted batch job 9981932
Submitted batch job 9981933
Submitted batch job 9981934
Submitted batch job 9981935
Submitted batch job 9981936
Submitted batch job 9981938
Submitted batch job 9981937
Submitted batch job 9981939
Submitted batch job 9981940
Submitted batch job 9981941
Submitted batch job 9981942
Submitted batch job 9981943
Submitted batch job 9981944
Submitted batch job 9981945
Submitted batch job 9981947
Submitted batch job 9981946
Submitted batch job 9981949
Submitted batch job 9981948
Submitted batch job 9981950
Submitted batch job 9981951
Submitted batch job 9981952
Submitted batch job 9981953
Submitted batch job 9981954
Submitted batch job 9981955
Submitted batch job 9981956
Submitted batch job 9981957
Submitted batch job 9981958
Submitted batch job 9981960
Submitted batch job 9981959
Submitted batch job 9981961
Submitted batch job 9981962
Submitted batch job 9981963
========================
= Starting submissions =
========================
Mon Sep 16 02:19:16 PDT 2019
Submitted batch job 9981964
Submitted batch job 9981965
Submitted batch job 9981966
Submitted batch job 9981967
Submitted batch job 9981969
Submitted batch job 9981968
Submitted batch job 9981970
Submitted batch job 9981971
Submitted batch job 9981973
Submitted batch job 9981972
Submitted batch job 9981974
Submitted batch job 9981975
Submitted batch job 9981977
Submitted batch job 9981979
Submitted batch job 9981976
Submitted batch job 9981981
Submitted batch job 9981984
Submitted batch job 9981986
Submitted batch job 9981982
Submitted batch job 9981987
Submitted batch job 9981978
Submitted batch job 9981983
Submitted batch job 9981990
Submitted batch job 9981980
Submitted batch job 9981985
Submitted batch job 9981989
Submitted batch job 9981988
========================
= Starting submissions =
========================
Mon Sep 16 02:19:17 PDT 2019
Submitted batch job 9981991
Submitted batch job 9981992
Submitted batch job 9981993
Submitted batch job 9981994
Submitted batch job 9981995
Submitted batch job 9981996
========================
= Starting submissions =
========================
Mon Sep 16 02:19:19 PDT 2019
Submitted batch job 9981997
Submitted batch job 9981998
========================
= Starting submissions =
========================
Mon Sep 16 02:19:20 PDT 2019
========================
= Starting submissions =
========================
Mon Sep 16 02:19:21 PDT 2019
Submitted batch job 9981999
Submitted batch job 9982000
Submitted batch job 9982001
========================
= Starting submissions =
========================
Mon Sep 16 02:19:22 PDT 2019
Submitted batch job 9982002
========================
= Starting submissions =
========================
Mon Sep 16 02:19:22 PDT 2019
Submitted batch job 9982003
Submitted batch job 9982004
Submitted batch job 9982005
========================
= Starting submissions =
========================
Mon Sep 16 02:19:23 PDT 2019
Submitted batch job 9982006
Submitted batch job 9982007
Submitted batch job 9982008
Submitted batch job 9982010
Submitted batch job 9982009
Submitted batch job 9982011
Submitted batch job 9982013
Submitted batch job 9982012
Submitted batch job 9982014
Submitted batch job 9982016
Submitted batch job 9982015
Submitted batch job 9982017
Submitted batch job 9982018
Submitted batch job 9982019
Submitted batch job 9982020
Submitted batch job 9982021
Submitted batch job 9982022
Submitted batch job 9982023
Submitted batch job 9982024
Submitted batch job 9982025
Submitted batch job 9982026
Submitted batch job 9982027
Submitted batch job 9982028
Submitted batch job 9982030
Submitted batch job 9982029
Submitted batch job 9982031
Submitted batch job 9982032
Submitted batch job 9982033
Submitted batch job 9982034
Submitted batch job 9982036
Submitted batch job 9982035
Submitted batch job 9982037
Submitted batch job 9982038
Submitted batch job 9982039
Submitted batch job 9982040
Submitted batch job 9982041
Submitted batch job 9982042
Submitted batch job 9982044
Submitted batch job 9982043
Submitted batch job 9982045
Submitted batch job 9982046
Submitted batch job 9982047
Submitted batch job 9982048
Submitted batch job 9982049
Submitted batch job 9982050
Submitted batch job 9982051
Submitted batch job 9982052
Submitted batch job 9982053
========================
= Starting submissions =
========================
Mon Sep 16 02:19:27 PDT 2019
Submitted batch job 9982054
Submitted batch job 9982055
Submitted batch job 9982056
========================
= Starting submissions =
========================
Mon Sep 16 02:19:28 PDT 2019
========================
= Starting submissions =
========================
Mon Sep 16 02:19:28 PDT 2019
========================
= Starting submissions =
========================
Mon Sep 16 02:19:29 PDT 2019
========================
= Starting submissions =
========================
Mon Sep 16 02:19:29 PDT 2019
Submitted batch job 9982057
Submitted batch job 9982059
Submitted batch job 9982058
Submitted batch job 9982060
Submitted batch job 9982061
Submitted batch job 9982062
========================
= Starting submissions =
========================
Mon Sep 16 02:19:30 PDT 2019
========================
= Starting submissions =
========================
Mon Sep 16 02:19:30 PDT 2019
========================
= Starting submissions =
========================
========================
Submitted batch job 9982063
= Starting submissions =
========================
Mon Sep 16 02:19:30 PDT 2019
Mon Sep 16 02:19:30 PDT 2019
Submitted batch job 9982064
Submitted batch job 9982065
Submitted batch job 9982066
Submitted batch job 9982067
Submitted batch job 9982068
Submitted batch job 9982069
Submitted batch job 9982070
Submitted batch job 9982071
Submitted batch job 9982072
Submitted batch job 9982073
Submitted batch job 9982074
Submitted batch job 9982075
Submitted batch job 9982076
========================
= Starting submissions =
========================
Mon Sep 16 02:19:31 PDT 2019
========================
= Starting submissions =
========================
Mon Sep 16 02:19:31 PDT 2019
========================
= Starting submissions =
========================
Mon Sep 16 02:19:31 PDT 2019
========================
= Starting submissions =
========================
========================
= Starting submissions =
========================
Mon Sep 16 02:19:31 PDT 2019
Mon Sep 16 02:19:31 PDT 2019
========================
= Starting submissions =
========================
========================
= Starting submissions =
========================
Mon Sep 16 02:19:31 PDT 2019
Mon Sep 16 02:19:31 PDT 2019
========================
= Starting submissions =
========================
Mon Sep 16 02:19:31 PDT 2019
========================
= Starting submissions =
========================
Submitted batch job 9982077
Mon Sep 16 02:19:31 PDT 2019
Submitted batch job 9982078
Submitted batch job 9982079
Submitted batch job 9982080
Submitted batch job 9982086
Submitted batch job 9982087
Submitted batch job 9982083
Submitted batch job 9982082
Submitted batch job 9982084
Submitted batch job 9982085
Submitted batch job 9982081
Submitted batch job 9982088
========================
= Starting submissions =
========================
Mon Sep 16 02:19:32 PDT 2019
========================
= Starting submissions =
========================
Mon Sep 16 02:19:32 PDT 2019
========================
= Starting submissions =
========================
Submitted batch job 9982089
Mon Sep 16 02:19:32 PDT 2019
Submitted batch job 9982090
Submitted batch job 9982091
Submitted batch job 9982092
Submitted batch job 9982093
========================
= Starting submissions =
========================
Mon Sep 16 02:19:32 PDT 2019
Submitted batch job 9982094
========================
= Starting submissions =
========================
Mon Sep 16 02:19:33 PDT 2019
Submitted batch job 9982095
========================
= Starting submissions =
========================
Mon Sep 16 02:19:34 PDT 2019
Submitted batch job 9982096
========================
= Starting submissions =
========================
Mon Sep 16 02:19:35 PDT 2019
Submitted batch job 9982097
========================
= Starting submissions =
========================
Mon Sep 16 02:19:35 PDT 2019
Submitted batch job 9982098
Submitted batch job 9982099
Submitted batch job 9982100
Submitted batch job 9982101
========================
= Starting submissions =
========================
Mon Sep 16 02:19:36 PDT 2019
Submitted batch job 9982102
Submitted batch job 9982103
========================
= Starting submissions =
========================
Submitted batch job 9982104
Submitted batch job 9982105
Mon Sep 16 02:19:36 PDT 2019
Submitted batch job 9982106
Submitted batch job 9982107
Submitted batch job 9982108
Submitted batch job 9982110
Submitted batch job 9982109
Submitted batch job 9982111
Submitted batch job 9982112
========================
Submitted batch job 9982113
= Starting submissions =
========================
========================
Submitted batch job 9982114
Submitted batch job 9982116
Submitted batch job 9982115
= Starting submissions =
Submitted batch job 9982117
========================
Submitted batch job 9982118
Mon Sep 16 02:19:36 PDT 2019
Mon Sep 16 02:19:36 PDT 2019
========================
= Starting submissions =
========================
Mon Sep 16 02:19:36 PDT 2019
========================
= Starting submissions =
========================
Mon Sep 16 02:19:36 PDT 2019
========================
= Starting submissions =
========================
Mon Sep 16 02:19:36 PDT 2019
========================
= Starting submissions =
========================
Mon Sep 16 02:19:37 PDT 2019
========================
= Starting submissions =
========================
Mon Sep 16 02:19:37 PDT 2019
========================
= Starting submissions =
========================
========================
= Starting submissions =
========================
Mon Sep 16 02:19:37 PDT 2019
Mon Sep 16 02:19:37 PDT 2019
========================
= Starting submissions =
========================
Mon Sep 16 02:19:37 PDT 2019
========================
= Starting submissions =
========================
Mon Sep 16 02:19:37 PDT 2019
========================
= Starting submissions =
========================
Mon Sep 16 02:19:37 PDT 2019
Submitted batch job 9982120
Submitted batch job 9982119
Submitted batch job 9982121
Submitted batch job 9982122
Submitted batch job 9982124
Submitted batch job 9982123
Submitted batch job 9982125
Submitted batch job 9982126
Submitted batch job 9982127
Submitted batch job 9982128
Submitted batch job 9982129
Submitted batch job 9982130
Submitted batch job 9982131
Submitted batch job 9982132
Submitted batch job 9982133
Submitted batch job 9982135
Submitted batch job 9982134
Submitted batch job 9982136
Submitted batch job 9982137
Submitted batch job 9982138
Submitted batch job 9982139
Submitted batch job 9982140
Submitted batch job 9982142
Submitted batch job 9982141
Submitted batch job 9982143
Submitted batch job 9982144
Submitted batch job 9982145
Submitted batch job 9982146
Submitted batch job 9982148
Submitted batch job 9982149
Submitted batch job 9982147
Submitted batch job 9982150
Submitted batch job 9982151
Submitted batch job 9982152
Submitted batch job 9982153
Submitted batch job 9982154
Submitted batch job 9982155
Submitted batch job 9982156
Submitted batch job 9982157
Submitted batch job 9982158
Submitted batch job 9982159
Submitted batch job 9982160
Submitted batch job 9982161
Submitted batch job 9982162
Submitted batch job 9982163
Submitted batch job 9982164
Submitted batch job 9982167
Submitted batch job 9982165
Submitted batch job 9982168
Submitted batch job 9982166
Submitted batch job 9982169
Submitted batch job 9982170
Submitted batch job 9982171
Submitted batch job 9982172
Submitted batch job 9982173
Submitted batch job 9982174
Submitted batch job 9982175
Submitted batch job 9982176
Submitted batch job 9982177
Submitted batch job 9982178
Submitted batch job 9982179
Submitted batch job 9982181
Submitted batch job 9982182
Submitted batch job 9982180
Submitted batch job 9982183
Submitted batch job 9982184
Submitted batch job 9982185
Submitted batch job 9982186
Submitted batch job 9982187
Submitted batch job 9982188
Submitted batch job 9982189
Submitted batch job 9982190
Submitted batch job 9982192
Submitted batch job 9982191
Submitted batch job 9982193
Submitted batch job 9982194
Submitted batch job 9982195
Submitted batch job 9982197
Submitted batch job 9982196
Submitted batch job 9982198
Submitted batch job 9982200
Submitted batch job 9982199
Submitted batch job 9982201
Submitted batch job 9982202
Submitted batch job 9982204
Submitted batch job 9982203
Submitted batch job 9982205
Submitted batch job 9982206
Submitted batch job 9982207
Submitted batch job 9982208
Submitted batch job 9982209
Submitted batch job 9982210
Submitted batch job 9982211
Submitted batch job 9982212
Submitted batch job 9982213
Submitted batch job 9982214
Submitted batch job 9982215
Submitted batch job 9982217
Submitted batch job 9982216
Submitted batch job 9982219
Submitted batch job 9982218
Submitted batch job 9982220
Submitted batch job 9982221
Submitted batch job 9982222
Submitted batch job 9982223
Submitted batch job 9982224
Submitted batch job 9982225
Submitted batch job 9982226
Submitted batch job 9982227
Submitted batch job 9982228
Submitted batch job 9982229
Submitted batch job 9982230
Submitted batch job 9982231
Submitted batch job 9982232
Submitted batch job 9982233
Submitted batch job 9982234
Submitted batch job 9982236
Submitted batch job 9982235
Submitted batch job 9982237
Submitted batch job 9982238
Submitted batch job 9982240
Submitted batch job 9982239
Submitted batch job 9982241
Submitted batch job 9982243
Submitted batch job 9982242
Submitted batch job 9982246
Submitted batch job 9982245
Submitted batch job 9982244
Submitted batch job 9982247
Submitted batch job 9982250
Submitted batch job 9982249
Submitted batch job 9982248
Submitted batch job 9982251
Submitted batch job 9982253
Submitted batch job 9982254
Submitted batch job 9982255
Submitted batch job 9982252
Submitted batch job 9982257
Submitted batch job 9982256
Submitted batch job 9982258
Submitted batch job 9982259
Submitted batch job 9982260
Submitted batch job 9982261
Submitted batch job 9982262
Submitted batch job 9982263
Submitted batch job 9982264
Submitted batch job 9982266
Submitted batch job 9982265
Submitted batch job 9982267
Submitted batch job 9982268
Submitted batch job 9982269
Submitted batch job 9982271
Submitted batch job 9982273
Submitted batch job 9982272
Submitted batch job 9982270
Submitted batch job 9982274
Submitted batch job 9982275
Submitted batch job 9982276
Submitted batch job 9982277
Submitted batch job 9982278
Submitted batch job 9982280
Submitted batch job 9982279
Submitted batch job 9982281
Submitted batch job 9982282
Submitted batch job 9982284
Submitted batch job 9982283
Submitted batch job 9982285
Submitted batch job 9982286
Submitted batch job 9982287
Submitted batch job 9982288
Submitted batch job 9982289
Submitted batch job 9982290
Submitted batch job 9982291
Submitted batch job 9982292
Submitted batch job 9982294
Submitted batch job 9982293
Submitted batch job 9982296
Submitted batch job 9982295
Submitted batch job 9982297
Submitted batch job 9982298
Submitted batch job 9982299
Submitted batch job 9982300
Submitted batch job 9982301
Submitted batch job 9982302
Submitted batch job 9982303
Submitted batch job 9982304
Submitted batch job 9982306
Submitted batch job 9982305
Submitted batch job 9982307
Submitted batch job 9982308
Submitted batch job 9982309
Submitted batch job 9982310
Submitted batch job 9982311
Submitted batch job 9982312
Submitted batch job 9982313
Submitted batch job 9982314
Submitted batch job 9982315
Submitted batch job 9982316
Submitted batch job 9982317
Submitted batch job 9982318
Submitted batch job 9982320
Submitted batch job 9982319
Submitted batch job 9982321
Submitted batch job 9982322
Submitted batch job 9982324
Submitted batch job 9982323
Submitted batch job 9982325
Submitted batch job 9982327
Submitted batch job 9982326
Submitted batch job 9982329
Submitted batch job 9982328
Submitted batch job 9982330
Submitted batch job 9982331
Submitted batch job 9982333
Submitted batch job 9982334
Submitted batch job 9982332
Submitted batch job 9982338
Submitted batch job 9982336
Submitted batch job 9982337
Submitted batch job 9982335
Submitted batch job 9982339
Submitted batch job 9982340
Submitted batch job 9982341
Submitted batch job 9982342
Submitted batch job 9982343
Submitted batch job 9982344
Submitted batch job 9982347
Submitted batch job 9982346
Submitted batch job 9982348
Submitted batch job 9982349
Submitted batch job 9982350
Submitted batch job 9982351
Submitted batch job 9982352
Submitted batch job 9982345
Submitted batch job 9982355
Submitted batch job 9982353
Submitted batch job 9982354
Submitted batch job 9982356
Submitted batch job 9982357
Submitted batch job 9982359
Submitted batch job 9982358
Submitted batch job 9982360
Submitted batch job 9982361
Submitted batch job 9982362
Submitted batch job 9982363
Submitted batch job 9982364
Submitted batch job 9982365
Submitted batch job 9982366
Submitted batch job 9982367
Submitted batch job 9982368
Submitted batch job 9982370
Submitted batch job 9982369
Submitted batch job 9982371
Submitted batch job 9982372
Submitted batch job 9982373
Submitted batch job 9982374
Submitted batch job 9982375
Submitted batch job 9982376
Submitted batch job 9982377
Submitted batch job 9982378
Submitted batch job 9982379
Submitted batch job 9982380
Submitted batch job 9982381
Submitted batch job 9982382
Submitted batch job 9982383
Submitted batch job 9982384
Submitted batch job 9982385
Submitted batch job 9982386
Submitted batch job 9982387
Submitted batch job 9982388
Submitted batch job 9982389
Submitted batch job 9982390
Submitted batch job 9982392
Submitted batch job 9982393
Submitted batch job 9982391
Submitted batch job 9982394
Submitted batch job 9982396
Submitted batch job 9982397
Submitted batch job 9982398
Submitted batch job 9982395
Submitted batch job 9982401
Submitted batch job 9982402
Submitted batch job 9982399
Submitted batch job 9982400
Submitted batch job 9982405
Submitted batch job 9982403
Submitted batch job 9982406
Submitted batch job 9982407
Submitted batch job 9982408
Submitted batch job 9982404
Submitted batch job 9982409
Submitted batch job 9982410
Submitted batch job 9982413
Submitted batch job 9982412
Submitted batch job 9982411
Submitted batch job 9982415
Submitted batch job 9982414
Submitted batch job 9982417
Submitted batch job 9982416
Submitted batch job 9982418
Submitted batch job 9982420
Submitted batch job 9982419
Submitted batch job 9982421
Submitted batch job 9982422
Submitted batch job 9982423
Submitted batch job 9982424
Submitted batch job 9982425
Submitted batch job 9982426
Submitted batch job 9982427
Submitted batch job 9982428
Submitted batch job 9982429
Submitted batch job 9982431
Submitted batch job 9982430
Submitted batch job 9982432
Submitted batch job 9982433
Submitted batch job 9982434
Submitted batch job 9982435
Submitted batch job 9982436
Submitted batch job 9982437
Submitted batch job 9982438
Submitted batch job 9982439
Submitted batch job 9982440
Submitted batch job 9982441
Submitted batch job 9982442
Submitted batch job 9982443
Submitted batch job 9982444
Submitted batch job 9982445
Submitted batch job 9982446
Submitted batch job 9982447
Submitted batch job 9982449
Submitted batch job 9982450
Submitted batch job 9982448
Submitted batch job 9982451
Submitted batch job 9982453
Submitted batch job 9982452
Submitted batch job 9982455
Submitted batch job 9982454
Submitted batch job 9982456
Submitted batch job 9982457
Submitted batch job 9982458
Submitted batch job 9982459
Submitted batch job 9982460
Submitted batch job 9982461
Submitted batch job 9982462
Submitted batch job 9982466
Submitted batch job 9982464
Submitted batch job 9982463
Submitted batch job 9982465
Submitted batch job 9982467
Submitted batch job 9982468
Submitted batch job 9982469
Submitted batch job 9982470
Submitted batch job 9982471
Submitted batch job 9982472
Submitted batch job 9982473
Submitted batch job 9982474
Submitted batch job 9982475
Submitted batch job 9982476
Submitted batch job 9982477
Submitted batch job 9982478
Submitted batch job 9982479
Submitted batch job 9982480
Submitted batch job 9982481
Submitted batch job 9982482
Submitted batch job 9982483
Submitted batch job 9982484
Submitted batch job 9982485
Submitted batch job 9982486
Submitted batch job 9982488
Submitted batch job 9982487
Submitted batch job 9982489
Submitted batch job 9982490
Submitted batch job 9982491
Submitted batch job 9982492
Submitted batch job 9982493
Submitted batch job 9982494
Submitted batch job 9982495
Submitted batch job 9982496
Submitted batch job 9982497
Submitted batch job 9982498
Submitted batch job 9982500
Submitted batch job 9982499
Submitted batch job 9982501
Submitted batch job 9982502
Submitted batch job 9982503
Submitted batch job 9982504
Submitted batch job 9982505
Submitted batch job 9982506
Submitted batch job 9982507
Submitted batch job 9982508
Submitted batch job 9982509
Submitted batch job 9982510
Submitted batch job 9982511
Submitted batch job 9982512
Submitted batch job 9982513
Submitted batch job 9982514
Submitted batch job 9982515
Submitted batch job 9982516
Submitted batch job 9982517
Submitted batch job 9982518
Submitted batch job 9982519
Submitted batch job 9982520
Submitted batch job 9982521
Submitted batch job 9982522
Submitted batch job 9982523
Submitted batch job 9982524
Submitted batch job 9982525
Submitted batch job 9982526
Submitted batch job 9982527
Submitted batch job 9982528
Submitted batch job 9982529
Submitted batch job 9982530
Submitted batch job 9982531
Submitted batch job 9982532
Submitted batch job 9982533
Submitted batch job 9982535
Submitted batch job 9982537
Submitted batch job 9982536
Submitted batch job 9982538
Submitted batch job 9982539
Submitted batch job 9982541
Submitted batch job 9982534
Submitted batch job 9982540
Submitted batch job 9982542
Submitted batch job 9982543
Submitted batch job 9982544
Submitted batch job 9982547
Submitted batch job 9982545
Submitted batch job 9982546
Submitted batch job 9982548
Submitted batch job 9982549
Submitted batch job 9982550
Submitted batch job 9982551
Submitted batch job 9982552
Submitted batch job 9982554
Submitted batch job 9982553
Submitted batch job 9982555
Submitted batch job 9982556
Submitted batch job 9982557
Submitted batch job 9982558
Submitted batch job 9982559
Submitted batch job 9982561
Submitted batch job 9982560
Submitted batch job 9982562
Submitted batch job 9982564
Submitted batch job 9982563
Submitted batch job 9982565
Submitted batch job 9982566
Submitted batch job 9982567
Submitted batch job 9982569
Submitted batch job 9982568
Submitted batch job 9982570
Submitted batch job 9982571
Submitted batch job 9982572
Submitted batch job 9982573
Submitted batch job 9982574
Submitted batch job 9982575
Submitted batch job 9982576
Submitted batch job 9982577
Submitted batch job 9982578
Submitted batch job 9982579
Submitted batch job 9982580
Submitted batch job 9982581
Submitted batch job 9982582
Submitted batch job 9982583
Submitted batch job 9982584
Submitted batch job 9982586
Submitted batch job 9982585
Submitted batch job 9982588
Submitted batch job 9982590
Submitted batch job 9982587
Submitted batch job 9982589
Submitted batch job 9982591
Submitted batch job 9982593
Submitted batch job 9982592
Submitted batch job 9982594
Submitted batch job 9982595
Submitted batch job 9982596
Submitted batch job 9982597
Submitted batch job 9982598
Submitted batch job 9982599
Submitted batch job 9982600
Submitted batch job 9982601
Submitted batch job 9982602
Submitted batch job 9982603
Submitted batch job 9982604
Submitted batch job 9982605
Submitted batch job 9982607
Submitted batch job 9982606
Submitted batch job 9982608
Submitted batch job 9982610
Submitted batch job 9982609
Submitted batch job 9982611
Submitted batch job 9982613
Submitted batch job 9982612
Submitted batch job 9982614
Submitted batch job 9982615
Submitted batch job 9982616
Submitted batch job 9982617
Submitted batch job 9982618
Submitted batch job 9982619
Submitted batch job 9982620
Submitted batch job 9982621
Submitted batch job 9982622
Submitted batch job 9982623
Submitted batch job 9982624
Submitted batch job 9982625
Submitted batch job 9982626
Submitted batch job 9982627
Submitted batch job 9982628
Submitted batch job 9982629
Submitted batch job 9982630
Submitted batch job 9982632
Submitted batch job 9982631
Submitted batch job 9982633
Submitted batch job 9982634
Submitted batch job 9982635
Submitted batch job 9982637
Submitted batch job 9982636
Submitted batch job 9982638
Submitted batch job 9982639
Submitted batch job 9982640
Submitted batch job 9982641
Submitted batch job 9982642
Submitted batch job 9982643
Submitted batch job 9982644
Submitted batch job 9982645
Submitted batch job 9982646
Submitted batch job 9982647
Submitted batch job 9982648
Submitted batch job 9982649
Submitted batch job 9982650
Submitted batch job 9982651
Submitted batch job 9982652
Submitted batch job 9982653
Submitted batch job 9982654
Submitted batch job 9982655
Submitted batch job 9982657
Submitted batch job 9982656
Submitted batch job 9982658
Submitted batch job 9982659
Submitted batch job 9982661
Submitted batch job 9982660
Submitted batch job 9982663
Submitted batch job 9982664
Submitted batch job 9982662
Submitted batch job 9982665
Submitted batch job 9982667
Submitted batch job 9982666
Submitted batch job 9982668
Submitted batch job 9982669
Submitted batch job 9982671
Submitted batch job 9982670
Submitted batch job 9982672
Submitted batch job 9982673
Submitted batch job 9982674
Submitted batch job 9982675
Submitted batch job 9982676
Submitted batch job 9982677
Submitted batch job 9982678
Submitted batch job 9982679
Submitted batch job 9982680
Submitted batch job 9982681
Submitted batch job 9982683
Submitted batch job 9982682
Submitted batch job 9982684
Submitted batch job 9982685
Submitted batch job 9982686
Submitted batch job 9982687
Submitted batch job 9982688
Submitted batch job 9982689
Submitted batch job 9982690
Submitted batch job 9982691
Submitted batch job 9982692
Submitted batch job 9982694
Submitted batch job 9982693
Submitted batch job 9982695
Submitted batch job 9982696
Submitted batch job 9982697
Submitted batch job 9982698
Submitted batch job 9982699
Submitted batch job 9982700
Submitted batch job 9982701
Submitted batch job 9982702
Submitted batch job 9982703
Submitted batch job 9982707
Submitted batch job 9982706
Submitted batch job 9982704
Submitted batch job 9982705
Submitted batch job 9982708
Submitted batch job 9982710
Submitted batch job 9982709
Submitted batch job 9982711
Submitted batch job 9982712
Submitted batch job 9982713
Submitted batch job 9982714
Submitted batch job 9982715
Submitted batch job 9982716
Submitted batch job 9982717
Submitted batch job 9982718
Submitted batch job 9982720
Submitted batch job 9982719
Submitted batch job 9982721
Submitted batch job 9982722
Submitted batch job 9982723
Submitted batch job 9982724
Submitted batch job 9982725
Submitted batch job 9982726
Submitted batch job 9982727
Submitted batch job 9982728
Submitted batch job 9982729
Submitted batch job 9982730
Submitted batch job 9982731
Submitted batch job 9982732
Submitted batch job 9982733
Submitted batch job 9982734
Submitted batch job 9982735
Submitted batch job 9982736
Submitted batch job 9982738
Submitted batch job 9982737
Submitted batch job 9982740
Submitted batch job 9982741
Submitted batch job 9982742
Submitted batch job 9982743
Submitted batch job 9982739
Submitted batch job 9982744
Submitted batch job 9982745
Submitted batch job 9982746
Submitted batch job 9982747
Submitted batch job 9982748
Submitted batch job 9982749
Submitted batch job 9982750
Submitted batch job 9982751
Submitted batch job 9982752
Submitted batch job 9982753
Submitted batch job 9982754
Submitted batch job 9982755
Submitted batch job 9982757
Submitted batch job 9982756
Submitted batch job 9982758
Submitted batch job 9982759
Submitted batch job 9982760
Submitted batch job 9982761
Submitted batch job 9982762
Submitted batch job 9982763
Submitted batch job 9982764
Submitted batch job 9982765
Submitted batch job 9982766
Submitted batch job 9982767
Submitted batch job 9982768
Submitted batch job 9982769
Submitted batch job 9982770
Submitted batch job 9982771
Submitted batch job 9982772
Submitted batch job 9982773
Submitted batch job 9982774
Submitted batch job 9982775
Submitted batch job 9982776
Submitted batch job 9982777
Submitted batch job 9982778
Submitted batch job 9982779
Submitted batch job 9982780
Submitted batch job 9982781
Submitted batch job 9982782
Submitted batch job 9982783
Submitted batch job 9982784
Submitted batch job 9982785
Submitted batch job 9982787
Submitted batch job 9982786
Submitted batch job 9982789
Submitted batch job 9982790
Submitted batch job 9982791
Submitted batch job 9982788
Submitted batch job 9982792
Submitted batch job 9982793
Submitted batch job 9982794
Submitted batch job 9982795
Submitted batch job 9982797
Submitted batch job 9982796
Submitted batch job 9982798
Submitted batch job 9982799
Submitted batch job 9982800
Submitted batch job 9982801
Submitted batch job 9982802
Submitted batch job 9982803
Submitted batch job 9982804
Submitted batch job 9982805
Submitted batch job 9982806
Submitted batch job 9982807
Submitted batch job 9982808
Submitted batch job 9982809
Submitted batch job 9982810
Submitted batch job 9982811
Submitted batch job 9982812
Submitted batch job 9982813
Submitted batch job 9982814
Submitted batch job 9982815
Submitted batch job 9982816
Submitted batch job 9982817
Submitted batch job 9982818
Submitted batch job 9982819
Submitted batch job 9982821
Submitted batch job 9982820
Submitted batch job 9982822
Submitted batch job 9982823
Submitted batch job 9982825
Submitted batch job 9982824
Submitted batch job 9982826
Submitted batch job 9982827
Submitted batch job 9982828
Submitted batch job 9982829
Submitted batch job 9982830
Submitted batch job 9982831
Submitted batch job 9982833
Submitted batch job 9982832
Submitted batch job 9982834
Submitted batch job 9982835
Submitted batch job 9982837
Submitted batch job 9982836
Submitted batch job 9982838
Submitted batch job 9982839
Submitted batch job 9982840
Submitted batch job 9982841
Submitted batch job 9982842
Submitted batch job 9982843
Submitted batch job 9982844
Submitted batch job 9982845
Submitted batch job 9982846
Submitted batch job 9982847
Submitted batch job 9982848
Submitted batch job 9982849
Submitted batch job 9982850
Submitted batch job 9982851
Submitted batch job 9982852
Submitted batch job 9982853
Submitted batch job 9982854
Submitted batch job 9982855
Submitted batch job 9982856
Submitted batch job 9982857
Submitted batch job 9982858
Submitted batch job 9982859
Submitted batch job 9982860
Submitted batch job 9982861
Submitted batch job 9982862
Submitted batch job 9982863
Submitted batch job 9982864
Submitted batch job 9982865
Submitted batch job 9982866
Submitted batch job 9982867
Submitted batch job 9982868
Submitted batch job 9982869
Submitted batch job 9982870
Submitted batch job 9982871
Submitted batch job 9982872
Submitted batch job 9982873
Submitted batch job 9982874
Submitted batch job 9982875
Submitted batch job 9982876
Submitted batch job 9982877
Submitted batch job 9982878
Submitted batch job 9982879
Submitted batch job 9982880
Submitted batch job 9982881
Submitted batch job 9982882
Submitted batch job 9982883
Submitted batch job 9982884
Submitted batch job 9982885
Submitted batch job 9982886
Submitted batch job 9982887
Submitted batch job 9982888
Submitted batch job 9982889
Submitted batch job 9982890
Submitted batch job 9982892
Submitted batch job 9982893
Submitted batch job 9982891
Submitted batch job 9982894
Submitted batch job 9982895
Submitted batch job 9982897
Submitted batch job 9982896
Submitted batch job 9982898
Submitted batch job 9982899
Submitted batch job 9982900
Submitted batch job 9982901
Submitted batch job 9982902
Submitted batch job 9982903
Submitted batch job 9982904
Submitted batch job 9982905
Submitted batch job 9982906
Submitted batch job 9982907
Submitted batch job 9982908
Submitted batch job 9982909
Submitted batch job 9982910
Submitted batch job 9982911
Submitted batch job 9982912
Submitted batch job 9982913
Submitted batch job 9982914
Submitted batch job 9982915
Submitted batch job 9982916
Submitted batch job 9982917
Submitted batch job 9982918
Submitted batch job 9982919
Submitted batch job 9982920
Submitted batch job 9982921
Submitted batch job 9982922
Submitted batch job 9982923
Submitted batch job 9982924
Submitted batch job 9982925
Submitted batch job 9982926
Submitted batch job 9982927
Submitted batch job 9982929
Submitted batch job 9982928
Submitted batch job 9982930
Submitted batch job 9982932
Submitted batch job 9982931
Submitted batch job 9982933
Submitted batch job 9982934
Submitted batch job 9982935
Submitted batch job 9982936
Submitted batch job 9982937
Submitted batch job 9982938
Submitted batch job 9982939
Submitted batch job 9982940
Submitted batch job 9982941
Submitted batch job 9982942
Submitted batch job 9982943
Submitted batch job 9982944
Submitted batch job 9982945
Submitted batch job 9982946
Submitted batch job 9982947
Submitted batch job 9982948
Submitted batch job 9982950
Submitted batch job 9982949
Submitted batch job 9982951
Submitted batch job 9982952
Submitted batch job 9982953
Submitted batch job 9982954
Submitted batch job 9982955
Submitted batch job 9982956
Submitted batch job 9982957
Submitted batch job 9982958
Submitted batch job 9982959
Submitted batch job 9982962
Submitted batch job 9982960
Submitted batch job 9982964
Submitted batch job 9982961
Submitted batch job 9982963
Submitted batch job 9982965
Submitted batch job 9982966
Submitted batch job 9982968
Submitted batch job 9982967
Submitted batch job 9982971
Submitted batch job 9982973
Submitted batch job 9982969
Submitted batch job 9982970
Submitted batch job 9982972
Submitted batch job 9982976
Submitted batch job 9982974
Submitted batch job 9982978
Submitted batch job 9982975
Submitted batch job 9982977
Submitted batch job 9982979
Submitted batch job 9982980
Submitted batch job 9982981
Submitted batch job 9982982
Submitted batch job 9982983
Submitted batch job 9982984
Submitted batch job 9982986
Submitted batch job 9982985
Submitted batch job 9982987
Submitted batch job 9982988
Submitted batch job 9982989
Submitted batch job 9982990
Submitted batch job 9982991
Submitted batch job 9982992
Submitted batch job 9982993
Submitted batch job 9982994
Submitted batch job 9982995
Submitted batch job 9982996
Submitted batch job 9982997
Submitted batch job 9982998
Submitted batch job 9982999
Submitted batch job 9983000
Submitted batch job 9983001
Submitted batch job 9983002
Submitted batch job 9983003
Submitted batch job 9983006
Submitted batch job 9983004
Submitted batch job 9983005
Submitted batch job 9983007
Submitted batch job 9983008
Submitted batch job 9983009
Submitted batch job 9983010
Submitted batch job 9983011
Submitted batch job 9983012
Submitted batch job 9983013
Submitted batch job 9983014
Submitted batch job 9983015
Submitted batch job 9983016
Submitted batch job 9983017
Submitted batch job 9983018
Submitted batch job 9983019
Submitted batch job 9983020
Submitted batch job 9983022
Submitted batch job 9983021
Submitted batch job 9983025
Submitted batch job 9983023
Submitted batch job 9983024
Submitted batch job 9983026
Submitted batch job 9983027
Submitted batch job 9983028
Submitted batch job 9983029
Submitted batch job 9983030
Submitted batch job 9983031
Submitted batch job 9983032
Submitted batch job 9983033
Submitted batch job 9983034
Submitted batch job 9983035
Submitted batch job 9983036
Submitted batch job 9983037
Submitted batch job 9983038
Submitted batch job 9983039
Submitted batch job 9983040
Submitted batch job 9983041
Submitted batch job 9983042
Submitted batch job 9983043
Submitted batch job 9983044
Submitted batch job 9983045
Submitted batch job 9983047
Submitted batch job 9983048
Submitted batch job 9983046
Submitted batch job 9983049
Submitted batch job 9983050
Submitted batch job 9983052
Submitted batch job 9983051
Submitted batch job 9983053
Submitted batch job 9983054
Submitted batch job 9983055
Submitted batch job 9983057
Submitted batch job 9983056
Submitted batch job 9983058
Submitted batch job 9983060
Submitted batch job 9983061
Submitted batch job 9983062
Submitted batch job 9983063
Submitted batch job 9983059
Submitted batch job 9983064
Submitted batch job 9983065
Submitted batch job 9983066
Submitted batch job 9983067
Submitted batch job 9983068
Submitted batch job 9983069
Submitted batch job 9983070
Submitted batch job 9983071
Submitted batch job 9983073
Submitted batch job 9983074
Submitted batch job 9983075
Submitted batch job 9983076
Submitted batch job 9983072
Submitted batch job 9983077
Submitted batch job 9983078
Submitted batch job 9983079
Submitted batch job 9983080
Submitted batch job 9983081
Submitted batch job 9983082
Submitted batch job 9983083
Submitted batch job 9983084
Submitted batch job 9983085
Submitted batch job 9983086
Submitted batch job 9983087
Submitted batch job 9983088
Submitted batch job 9983089
Submitted batch job 9983091
Submitted batch job 9983090
Submitted batch job 9983092
Submitted batch job 9983093
Submitted batch job 9983094
Submitted batch job 9983095
Submitted batch job 9983096
Submitted batch job 9983097
Submitted batch job 9983098
Submitted batch job 9983099
Submitted batch job 9983100
Submitted batch job 9983101
Submitted batch job 9983102
Submitted batch job 9983103
Submitted batch job 9983104
Submitted batch job 9983106
Submitted batch job 9983107
Submitted batch job 9983105
Submitted batch job 9983108
Submitted batch job 9983109
Submitted batch job 9983112
Submitted batch job 9983110
Submitted batch job 9983111
Submitted batch job 9983115
Submitted batch job 9983116
Submitted batch job 9983114
Submitted batch job 9983113
Submitted batch job 9983117
Submitted batch job 9983118
Submitted batch job 9983119
Submitted batch job 9983120
Submitted batch job 9983121
Submitted batch job 9983122
Submitted batch job 9983123
Submitted batch job 9983124
Submitted batch job 9983125
Submitted batch job 9983126
Submitted batch job 9983127
Submitted batch job 9983129
Submitted batch job 9983128
Submitted batch job 9983130
Submitted batch job 9983131
Submitted batch job 9983132
Submitted batch job 9983133
Submitted batch job 9983134
Submitted batch job 9983135
Submitted batch job 9983136
Submitted batch job 9983137
Submitted batch job 9983138
Submitted batch job 9983139
Submitted batch job 9983140
Submitted batch job 9983141
Submitted batch job 9983142
Submitted batch job 9983143
Submitted batch job 9983144
Submitted batch job 9983145
Submitted batch job 9983147
Submitted batch job 9983146
Submitted batch job 9983148
Submitted batch job 9983149
Submitted batch job 9983150
Submitted batch job 9983151
Submitted batch job 9983153
Submitted batch job 9983152
Submitted batch job 9983155
Submitted batch job 9983154
Submitted batch job 9983157
Submitted batch job 9983156
Submitted batch job 9983158
Submitted batch job 9983159
Submitted batch job 9983161
Submitted batch job 9983160
Submitted batch job 9983162
Submitted batch job 9983163
Submitted batch job 9983164
Submitted batch job 9983165
Submitted batch job 9983166
Submitted batch job 9983167
Submitted batch job 9983168
Submitted batch job 9983169
Submitted batch job 9983170
Submitted batch job 9983171
Submitted batch job 9983173
Submitted batch job 9983174
Submitted batch job 9983172
Submitted batch job 9983175
Submitted batch job 9983176
Submitted batch job 9983177
Submitted batch job 9983178
Submitted batch job 9983179
Submitted batch job 9983180
Submitted batch job 9983181
Submitted batch job 9983182
Submitted batch job 9983183
Submitted batch job 9983184
Submitted batch job 9983185
Submitted batch job 9983187
Submitted batch job 9983186
Submitted batch job 9983188
Submitted batch job 9983189
Submitted batch job 9983190
Submitted batch job 9983191
Submitted batch job 9983192
Submitted batch job 9983193
Submitted batch job 9983194
Submitted batch job 9983195
Submitted batch job 9983196
Submitted batch job 9983197
Submitted batch job 9983198
Submitted batch job 9983199
Submitted batch job 9983200
Submitted batch job 9983201
Submitted batch job 9983203
Submitted batch job 9983202
Submitted batch job 9983204
Submitted batch job 9983205
Submitted batch job 9983206
Submitted batch job 9983207
Submitted batch job 9983208
Submitted batch job 9983209
Submitted batch job 9983210
Submitted batch job 9983211
Submitted batch job 9983212
Submitted batch job 9983213
Submitted batch job 9983214
Submitted batch job 9983215
Submitted batch job 9983217
Submitted batch job 9983216
Submitted batch job 9983218
Submitted batch job 9983219
Submitted batch job 9983220
Submitted batch job 9983221
Submitted batch job 9983222
Submitted batch job 9983223
Submitted batch job 9983224
Submitted batch job 9983225
Submitted batch job 9983226
Submitted batch job 9983227
Submitted batch job 9983228
Submitted batch job 9983229
Submitted batch job 9983230
Submitted batch job 9983232
Submitted batch job 9983231
Submitted batch job 9983233
Submitted batch job 9983234
Submitted batch job 9983235
Submitted batch job 9983236
Submitted batch job 9983237
Submitted batch job 9983238
Submitted batch job 9983241
Submitted batch job 9983239
Submitted batch job 9983240
Submitted batch job 9983242
Submitted batch job 9983243
Submitted batch job 9983244
Submitted batch job 9983245
Submitted batch job 9983246
Submitted batch job 9983248
Submitted batch job 9983247
Submitted batch job 9983249
Submitted batch job 9983250
Submitted batch job 9983251
Submitted batch job 9983252
Submitted batch job 9983253
Submitted batch job 9983254
Submitted batch job 9983255
Submitted batch job 9983256
Submitted batch job 9983257
Submitted batch job 9983258
Submitted batch job 9983259
Submitted batch job 9983260
Submitted batch job 9983261
Submitted batch job 9983262
Submitted batch job 9983263
Submitted batch job 9983264
Submitted batch job 9983265
Submitted batch job 9983266
Submitted batch job 9983267
Submitted batch job 9983268
Submitted batch job 9983269
Submitted batch job 9983270
Submitted batch job 9983271
Submitted batch job 9983272
Submitted batch job 9983273
Submitted batch job 9983274
Submitted batch job 9983275
Submitted batch job 9983276
Submitted batch job 9983277
Submitted batch job 9983278
Submitted batch job 9983279
Submitted batch job 9983280
Submitted batch job 9983281
Submitted batch job 9983282
Submitted batch job 9983284
Submitted batch job 9983283
Submitted batch job 9983285
Submitted batch job 9983286
Submitted batch job 9983287
Submitted batch job 9983288
Submitted batch job 9983289
Submitted batch job 9983290
Submitted batch job 9983291
Submitted batch job 9983292
Submitted batch job 9983295
Submitted batch job 9983294
Submitted batch job 9983293
Submitted batch job 9983296
Submitted batch job 9983297
Submitted batch job 9983298
Submitted batch job 9983300
Submitted batch job 9983299
Submitted batch job 9983301
Submitted batch job 9983304
Submitted batch job 9983303
Submitted batch job 9983302
Submitted batch job 9983305
Submitted batch job 9983306
Submitted batch job 9983307
Submitted batch job 9983308
Submitted batch job 9983309
Submitted batch job 9983310
Submitted batch job 9983311
Submitted batch job 9983312
Submitted batch job 9983313
Submitted batch job 9983314
Submitted batch job 9983315
Submitted batch job 9983316
Submitted batch job 9983317
Submitted batch job 9983319
Submitted batch job 9983318
Submitted batch job 9983320
Submitted batch job 9983321
Submitted batch job 9983322
Submitted batch job 9983323
Submitted batch job 9983324
Submitted batch job 9983325
Submitted batch job 9983327
Submitted batch job 9983326
Submitted batch job 9983328
Submitted batch job 9983330
Submitted batch job 9983329
Submitted batch job 9983331
Submitted batch job 9983332
Submitted batch job 9983333
Submitted batch job 9983334
Submitted batch job 9983335
Submitted batch job 9983336
Submitted batch job 9983337
Submitted batch job 9983338
Submitted batch job 9983339
Submitted batch job 9983340
Submitted batch job 9983341
Submitted batch job 9983342
Submitted batch job 9983343
Submitted batch job 9983345
Submitted batch job 9983344
Submitted batch job 9983346
Submitted batch job 9983347
Submitted batch job 9983348
Submitted batch job 9983349
Submitted batch job 9983350
Submitted batch job 9983351
Submitted batch job 9983352
Submitted batch job 9983353
Submitted batch job 9983354
Submitted batch job 9983355
Submitted batch job 9983356
Submitted batch job 9983357
Submitted batch job 9983358
Submitted batch job 9983359
Submitted batch job 9983361
Submitted batch job 9983360
Submitted batch job 9983362
Submitted batch job 9983364
Submitted batch job 9983363
Submitted batch job 9983365
Submitted batch job 9983366
Submitted batch job 9983367
Submitted batch job 9983369
Submitted batch job 9983368
Submitted batch job 9983370
Submitted batch job 9983372
Submitted batch job 9983371
Submitted batch job 9983373
Submitted batch job 9983374
Submitted batch job 9983375
Submitted batch job 9983376
Submitted batch job 9983377
Submitted batch job 9983378
Submitted batch job 9983379
Submitted batch job 9983381
Submitted batch job 9983380
Submitted batch job 9983382
Submitted batch job 9983383
Submitted batch job 9983385
Submitted batch job 9983384
Submitted batch job 9983386
Submitted batch job 9983387
Submitted batch job 9983388
Submitted batch job 9983389
Submitted batch job 9983390
Submitted batch job 9983391
Submitted batch job 9983392
Submitted batch job 9983393
Submitted batch job 9983394
Submitted batch job 9983395
Submitted batch job 9983396
Submitted batch job 9983398
Submitted batch job 9983397
Submitted batch job 9983399
Submitted batch job 9983400
Submitted batch job 9983401
Submitted batch job 9983402
Submitted batch job 9983405
Submitted batch job 9983403
Submitted batch job 9983404
Submitted batch job 9983406
Submitted batch job 9983407
Submitted batch job 9983410
Submitted batch job 9983408
Submitted batch job 9983409
Submitted batch job 9983415
Submitted batch job 9983413
Submitted batch job 9983414
Submitted batch job 9983411
Submitted batch job 9983412
Submitted batch job 9983416
Submitted batch job 9983417
Submitted batch job 9983418
Submitted batch job 9983419
Submitted batch job 9983420
Submitted batch job 9983421
Submitted batch job 9983423
Submitted batch job 9983422
Submitted batch job 9983424
Submitted batch job 9983425
Submitted batch job 9983427
Submitted batch job 9983426
Submitted batch job 9983428
Submitted batch job 9983429
Submitted batch job 9983430
Submitted batch job 9983431
Submitted batch job 9983432
Submitted batch job 9983433
Submitted batch job 9983434
Submitted batch job 9983435
Submitted batch job 9983436
Submitted batch job 9983437
Submitted batch job 9983438
Submitted batch job 9983439
Submitted batch job 9983440
Submitted batch job 9983441
Submitted batch job 9983442
Submitted batch job 9983443
Submitted batch job 9983444
Submitted batch job 9983445
Submitted batch job 9983446
Submitted batch job 9983447
Submitted batch job 9983448
Submitted batch job 9983449
Submitted batch job 9983450
Submitted batch job 9983451
Submitted batch job 9983452
Submitted batch job 9983454
Submitted batch job 9983455
Submitted batch job 9983456
Submitted batch job 9983453
Submitted batch job 9983457
Submitted batch job 9983459
Submitted batch job 9983458
Submitted batch job 9983460
Submitted batch job 9983461
Submitted batch job 9983463
Submitted batch job 9983462
Submitted batch job 9983464
Submitted batch job 9983465
Submitted batch job 9983466
Submitted batch job 9983468
Submitted batch job 9983467
Submitted batch job 9983469
Submitted batch job 9983470
Submitted batch job 9983471
Submitted batch job 9983472
Submitted batch job 9983473
Submitted batch job 9983474
Submitted batch job 9983475
Submitted batch job 9983476
Submitted batch job 9983477
Submitted batch job 9983478
Submitted batch job 9983480
Submitted batch job 9983479
Submitted batch job 9983481
Submitted batch job 9983482
Submitted batch job 9983483
Submitted batch job 9983485
Submitted batch job 9983484
Submitted batch job 9983486
Submitted batch job 9983487
Submitted batch job 9983488
Submitted batch job 9983489
Submitted batch job 9983490
Submitted batch job 9983491
Submitted batch job 9983492
Submitted batch job 9983493
Submitted batch job 9983494
Submitted batch job 9983495
Submitted batch job 9983496
Submitted batch job 9983497
Submitted batch job 9983498
Submitted batch job 9983499
Submitted batch job 9983500
Submitted batch job 9983501
Submitted batch job 9983502
Submitted batch job 9983504
Submitted batch job 9983503
Submitted batch job 9983505
Submitted batch job 9983506
Submitted batch job 9983507
Submitted batch job 9983508
Submitted batch job 9983509
Submitted batch job 9983510
Submitted batch job 9983511
Submitted batch job 9983512
Submitted batch job 9983513
Submitted batch job 9983514
Submitted batch job 9983515
Submitted batch job 9983516
Submitted batch job 9983517
Submitted batch job 9983518
Submitted batch job 9983519
Submitted batch job 9983520
Submitted batch job 9983521
Submitted batch job 9983522
Submitted batch job 9983524
Submitted batch job 9983523
Submitted batch job 9983525
Submitted batch job 9983527
Submitted batch job 9983526
Submitted batch job 9983528
Submitted batch job 9983529
Submitted batch job 9983530
Submitted batch job 9983531
Submitted batch job 9983533
Submitted batch job 9983534
Submitted batch job 9983532
Submitted batch job 9983535
Submitted batch job 9983536
Submitted batch job 9983537
Submitted batch job 9983538
Submitted batch job 9983539
Submitted batch job 9983540
Submitted batch job 9983541
Submitted batch job 9983542
Submitted batch job 9983543
Submitted batch job 9983544
Submitted batch job 9983545
Submitted batch job 9983546
Submitted batch job 9983547
Submitted batch job 9983548
Submitted batch job 9983549
Submitted batch job 9983550
Submitted batch job 9983551
Submitted batch job 9983552
Submitted batch job 9983553
Submitted batch job 9983554
Submitted batch job 9983555
Submitted batch job 9983556
Submitted batch job 9983557
Submitted batch job 9983558
Submitted batch job 9983559
Submitted batch job 9983560
Submitted batch job 9983561
Submitted batch job 9983562
Submitted batch job 9983563
Submitted batch job 9983564
Submitted batch job 9983565
Submitted batch job 9983566
Submitted batch job 9983567
Submitted batch job 9983568
Submitted batch job 9983569
Submitted batch job 9983570
Submitted batch job 9983571
Submitted batch job 9983572
Submitted batch job 9983573
Submitted batch job 9983574
Submitted batch job 9983575
Submitted batch job 9983576
Submitted batch job 9983577
Submitted batch job 9983578
Submitted batch job 9983579
Submitted batch job 9983580
Submitted batch job 9983581
Submitted batch job 9983582
Submitted batch job 9983583
Submitted batch job 9983584
Submitted batch job 9983585
Submitted batch job 9983586
Submitted batch job 9983587
Submitted batch job 9983588
Submitted batch job 9983589
Submitted batch job 9983590
Submitted batch job 9983592
Submitted batch job 9983594
Submitted batch job 9983591
Submitted batch job 9983593
Submitted batch job 9983595
Submitted batch job 9983596
Submitted batch job 9983597
Submitted batch job 9983598
Submitted batch job 9983599
Submitted batch job 9983602
Submitted batch job 9983601
Submitted batch job 9983604
Submitted batch job 9983605
Submitted batch job 9983603
Submitted batch job 9983607
Submitted batch job 9983606
Submitted batch job 9983609
Submitted batch job 9983608
Submitted batch job 9983610
Submitted batch job 9983613
Submitted batch job 9983611
Submitted batch job 9983614
Submitted batch job 9983616
Submitted batch job 9983612
Submitted batch job 9983615
Submitted batch job 9983617
Submitted batch job 9983600
Submitted batch job 9983618
Submitted batch job 9983619
Submitted batch job 9983620
Submitted batch job 9983621
Submitted batch job 9983622
Submitted batch job 9983623
Submitted batch job 9983624
Submitted batch job 9983625
Submitted batch job 9983626
Submitted batch job 9983627
Submitted batch job 9983628
Submitted batch job 9983629
Submitted batch job 9983630
Submitted batch job 9983631
Submitted batch job 9983632
Submitted batch job 9983634
Submitted batch job 9983633
Submitted batch job 9983635
Submitted batch job 9983636
Submitted batch job 9983637
Submitted batch job 9983638
Submitted batch job 9983639
Submitted batch job 9983640
Submitted batch job 9983641
Submitted batch job 9983642
Submitted batch job 9983643
Submitted batch job 9983644
Submitted batch job 9983645
Submitted batch job 9983646
Submitted batch job 9983647
Submitted batch job 9983648
Submitted batch job 9983649
Submitted batch job 9983651
Submitted batch job 9983650
Submitted batch job 9983652
Submitted batch job 9983653
Submitted batch job 9983654
Submitted batch job 9983656
Submitted batch job 9983655
Submitted batch job 9983657
Submitted batch job 9983659
Submitted batch job 9983658
Submitted batch job 9983660
Submitted batch job 9983663
Submitted batch job 9983661
Submitted batch job 9983664
Submitted batch job 9983662
Submitted batch job 9983665
Submitted batch job 9983666
Submitted batch job 9983667
Submitted batch job 9983668
Submitted batch job 9983669
Submitted batch job 9983670
Submitted batch job 9983671
Submitted batch job 9983672
Submitted batch job 9983673
Submitted batch job 9983674
Submitted batch job 9983675
Submitted batch job 9983676
Submitted batch job 9983677
Submitted batch job 9983678
Submitted batch job 9983679
Submitted batch job 9983680
Submitted batch job 9983681
Submitted batch job 9983682
Submitted batch job 9983683
Submitted batch job 9983684
Submitted batch job 9983685
Submitted batch job 9983686
Submitted batch job 9983687
Submitted batch job 9983688
Submitted batch job 9983689
Submitted batch job 9983690
Submitted batch job 9983691
Submitted batch job 9983692
Submitted batch job 9983694
Submitted batch job 9983693
Submitted batch job 9983695
Submitted batch job 9983696
Submitted batch job 9983697
Submitted batch job 9983698
Submitted batch job 9983699
Submitted batch job 9983700
Submitted batch job 9983701
Submitted batch job 9983703
Submitted batch job 9983704
Submitted batch job 9983702
Submitted batch job 9983705
Submitted batch job 9983706
Submitted batch job 9983707
Submitted batch job 9983708
Submitted batch job 9983709
Submitted batch job 9983711
Submitted batch job 9983710
Submitted batch job 9983712
Submitted batch job 9983713
Submitted batch job 9983714
Submitted batch job 9983715
Submitted batch job 9983716
Submitted batch job 9983717
Submitted batch job 9983718
Submitted batch job 9983719
Submitted batch job 9983720
Submitted batch job 9983721
Submitted batch job 9983722
Submitted batch job 9983723
Submitted batch job 9983724
Submitted batch job 9983725
Submitted batch job 9983727
Submitted batch job 9983726
Submitted batch job 9983728
Submitted batch job 9983729
Submitted batch job 9983730
Submitted batch job 9983731
Submitted batch job 9983733
Submitted batch job 9983732
Submitted batch job 9983734
Submitted batch job 9983735
Submitted batch job 9983736
Submitted batch job 9983737
Submitted batch job 9983738
Submitted batch job 9983739
Submitted batch job 9983741
Submitted batch job 9983740
Submitted batch job 9983742
Submitted batch job 9983743
Submitted batch job 9983744
Submitted batch job 9983745
Submitted batch job 9983746
Submitted batch job 9983747
Submitted batch job 9983748
Submitted batch job 9983749
Submitted batch job 9983750
Submitted batch job 9983752
Submitted batch job 9983751
Submitted batch job 9983753
Submitted batch job 9983754
Submitted batch job 9983755
Submitted batch job 9983756
Submitted batch job 9983757
Submitted batch job 9983758
Submitted batch job 9983759
Submitted batch job 9983761
Submitted batch job 9983760
Submitted batch job 9983762
Submitted batch job 9983763
Submitted batch job 9983764
Submitted batch job 9983765
Submitted batch job 9983766
Submitted batch job 9983767
Submitted batch job 9983768
Submitted batch job 9983769
Submitted batch job 9983770
Submitted batch job 9983771
Submitted batch job 9983772
Submitted batch job 9983773
Submitted batch job 9983774
Submitted batch job 9983775
Submitted batch job 9983776
Submitted batch job 9983777
Submitted batch job 9983778
Submitted batch job 9983779
Submitted batch job 9983780
Submitted batch job 9983781
Submitted batch job 9983784
Submitted batch job 9983783
Submitted batch job 9983782
Submitted batch job 9983785
Submitted batch job 9983786
Submitted batch job 9983787
Submitted batch job 9983788
Submitted batch job 9983789
Submitted batch job 9983790
Submitted batch job 9983793
Submitted batch job 9983791
Submitted batch job 9983792
Submitted batch job 9983794
Submitted batch job 9983795
Submitted batch job 9983796
Submitted batch job 9983797
Submitted batch job 9983798
Submitted batch job 9983799
Submitted batch job 9983800
Submitted batch job 9983801
Submitted batch job 9983803
Submitted batch job 9983802
Submitted batch job 9983805
Submitted batch job 9983807
Submitted batch job 9983806
Submitted batch job 9983810
Submitted batch job 9983813
Submitted batch job 9983814
Submitted batch job 9983804
Submitted batch job 9983808
Submitted batch job 9983812
Submitted batch job 9983811
Submitted batch job 9983809
Submitted batch job 9983815
Submitted batch job 9983816
Submitted batch job 9983817
Submitted batch job 9983818
Submitted batch job 9983819
Submitted batch job 9983820
Submitted batch job 9983821
Submitted batch job 9983822
Submitted batch job 9983823
Submitted batch job 9983824
Submitted batch job 9983825
Submitted batch job 9983826
Submitted batch job 9983827
Submitted batch job 9983828
Submitted batch job 9983829
Submitted batch job 9983831
Submitted batch job 9983830
Submitted batch job 9983832
Submitted batch job 9983834
Submitted batch job 9983833
Submitted batch job 9983835
Submitted batch job 9983836
Submitted batch job 9983837
Submitted batch job 9983838
Submitted batch job 9983839
Submitted batch job 9983840
Submitted batch job 9983841
Submitted batch job 9983843
Submitted batch job 9983842
Submitted batch job 9983844
Submitted batch job 9983845
Submitted batch job 9983846
Submitted batch job 9983847
Submitted batch job 9983848
Submitted batch job 9983849
Submitted batch job 9983850
Submitted batch job 9983852
Submitted batch job 9983851
Submitted batch job 9983853
Submitted batch job 9983854
Submitted batch job 9983855
Submitted batch job 9983856
Submitted batch job 9983857
Submitted batch job 9983858
Submitted batch job 9983859
Submitted batch job 9983860
Submitted batch job 9983862
Submitted batch job 9983861
Submitted batch job 9983864
Submitted batch job 9983863
Submitted batch job 9983865
Submitted batch job 9983866
Submitted batch job 9983867
Submitted batch job 9983868
Submitted batch job 9983869
Submitted batch job 9983871
Submitted batch job 9983870
Submitted batch job 9983872
Submitted batch job 9983873
Submitted batch job 9983874
Submitted batch job 9983875
Submitted batch job 9983876
Submitted batch job 9983879
Submitted batch job 9983878
Submitted batch job 9983880
Submitted batch job 9983877
Submitted batch job 9983881
Submitted batch job 9983882
Submitted batch job 9983884
Submitted batch job 9983883
Submitted batch job 9983885
Submitted batch job 9983886
Submitted batch job 9983887
Submitted batch job 9983888
Submitted batch job 9983889
Submitted batch job 9983890
Submitted batch job 9983891
Submitted batch job 9983892
Submitted batch job 9983893
Submitted batch job 9983894
Submitted batch job 9983895
Submitted batch job 9983897
Submitted batch job 9983896
Submitted batch job 9983898
Submitted batch job 9983899
Submitted batch job 9983900
Submitted batch job 9983901
Submitted batch job 9983902
Submitted batch job 9983904
Submitted batch job 9983903
Submitted batch job 9983905
Submitted batch job 9983906
Submitted batch job 9983908
Submitted batch job 9983909
Submitted batch job 9983907
Submitted batch job 9983910
Submitted batch job 9983911
Submitted batch job 9983914
Submitted batch job 9983912
Submitted batch job 9983913
Submitted batch job 9983915
Submitted batch job 9983916
Submitted batch job 9983917
Submitted batch job 9983918
Submitted batch job 9983919
Submitted batch job 9983920
Submitted batch job 9983921
Submitted batch job 9983922
Submitted batch job 9983923
Submitted batch job 9983924
Submitted batch job 9983925
Submitted batch job 9983926
Submitted batch job 9983927
Submitted batch job 9983928
Submitted batch job 9983929
Submitted batch job 9983931
Submitted batch job 9983933
Submitted batch job 9983930
Submitted batch job 9983932
Submitted batch job 9983935
Submitted batch job 9983934
Submitted batch job 9983936
Submitted batch job 9983938
Submitted batch job 9983939
Submitted batch job 9983940
Submitted batch job 9983941
Submitted batch job 9983943
Submitted batch job 9983942
Submitted batch job 9983945
Submitted batch job 9983944
Submitted batch job 9983937
Submitted batch job 9983946
Submitted batch job 9983947
Submitted batch job 9983948
Submitted batch job 9983949
Submitted batch job 9983950
Submitted batch job 9983951
Submitted batch job 9983953
Submitted batch job 9983952
Submitted batch job 9983954
Submitted batch job 9983955
Submitted batch job 9983956
Submitted batch job 9983958
Submitted batch job 9983957
Submitted batch job 9983959
Submitted batch job 9983961
Submitted batch job 9983960
Submitted batch job 9983962
Submitted batch job 9983963
Submitted batch job 9983964
Submitted batch job 9983965
Submitted batch job 9983966
Submitted batch job 9983967
Submitted batch job 9983969
Submitted batch job 9983968
Submitted batch job 9983970
Submitted batch job 9983971
Submitted batch job 9983973
Submitted batch job 9983972
Submitted batch job 9983974
Submitted batch job 9983975
Submitted batch job 9983976
Submitted batch job 9983977
Submitted batch job 9983979
Submitted batch job 9983978
Submitted batch job 9983980
Submitted batch job 9983981
Submitted batch job 9983982
Submitted batch job 9983983
Submitted batch job 9983984
Submitted batch job 9983985
Submitted batch job 9983987
Submitted batch job 9983986
Submitted batch job 9983988
Submitted batch job 9983989
Submitted batch job 9983990
Submitted batch job 9983991
Submitted batch job 9983992
Submitted batch job 9983993
Submitted batch job 9983995
Submitted batch job 9983994
Submitted batch job 9983996
Submitted batch job 9983997
Submitted batch job 9983998
Submitted batch job 9984001
Submitted batch job 9983999
Submitted batch job 9984002
Submitted batch job 9984000
Submitted batch job 9984003
Submitted batch job 9984004
Submitted batch job 9984005
Submitted batch job 9984006
Submitted batch job 9984007
Submitted batch job 9984008
Submitted batch job 9984009
Submitted batch job 9984010
Submitted batch job 9984011
Submitted batch job 9984012
Submitted batch job 9984013
Submitted batch job 9984014
Submitted batch job 9984015
Submitted batch job 9984016
Submitted batch job 9984017
Submitted batch job 9984018
Submitted batch job 9984019
Submitted batch job 9984020
Submitted batch job 9984021
Submitted batch job 9984022
Submitted batch job 9984023
Submitted batch job 9984024
Submitted batch job 9984025
Submitted batch job 9984026
Submitted batch job 9984027
Submitted batch job 9984028
Submitted batch job 9984029
Submitted batch job 9984030
Submitted batch job 9984031
Submitted batch job 9984032
Submitted batch job 9984033
Submitted batch job 9984034
Submitted batch job 9984035
Submitted batch job 9984037
Submitted batch job 9984036
Submitted batch job 9984039
Submitted batch job 9984038
Submitted batch job 9984041
Submitted batch job 9984040
Submitted batch job 9984042
Submitted batch job 9984043
Submitted batch job 9984044
Submitted batch job 9984045
Submitted batch job 9984046
Submitted batch job 9984047
Submitted batch job 9984048
Submitted batch job 9984049
Submitted batch job 9984050
Submitted batch job 9984051
Submitted batch job 9984052
Submitted batch job 9984053
Submitted batch job 9984054
Submitted batch job 9984055
Submitted batch job 9984056
Submitted batch job 9984058
Submitted batch job 9984057
Submitted batch job 9984060
Submitted batch job 9984061
Submitted batch job 9984059
Submitted batch job 9984062
Submitted batch job 9984063
Submitted batch job 9984064
Submitted batch job 9984065
Submitted batch job 9984066
Submitted batch job 9984067
Submitted batch job 9984068
Submitted batch job 9984069
Submitted batch job 9984070
Submitted batch job 9984072
Submitted batch job 9984071
Submitted batch job 9984073
Submitted batch job 9984074
Submitted batch job 9984075
Submitted batch job 9984076
Submitted batch job 9984077
Submitted batch job 9984078
Submitted batch job 9984079
Submitted batch job 9984080
Submitted batch job 9984082
Submitted batch job 9984081
Submitted batch job 9984083
Submitted batch job 9984084
Submitted batch job 9984085
Submitted batch job 9984086
Submitted batch job 9984087
Submitted batch job 9984088
Submitted batch job 9984089
Submitted batch job 9984090
Submitted batch job 9984091
Submitted batch job 9984092
Submitted batch job 9984093
Submitted batch job 9984094
Submitted batch job 9984096
Submitted batch job 9984095
Submitted batch job 9984097
Submitted batch job 9984098
Submitted batch job 9984099
Submitted batch job 9984100
Submitted batch job 9984101
Submitted batch job 9984102
Submitted batch job 9984103
Submitted batch job 9984104
Submitted batch job 9984105
Submitted batch job 9984106
Submitted batch job 9984107
Submitted batch job 9984108
Submitted batch job 9984109
Submitted batch job 9984110
Submitted batch job 9984111
Submitted batch job 9984112
Submitted batch job 9984113
Submitted batch job 9984114
Submitted batch job 9984115
Submitted batch job 9984116
Submitted batch job 9984117
Submitted batch job 9984118
Submitted batch job 9984119
Submitted batch job 9984120
Submitted batch job 9984121
Submitted batch job 9984122
Submitted batch job 9984123
Submitted batch job 9984124
Submitted batch job 9984126
Submitted batch job 9984125
Submitted batch job 9984127
Submitted batch job 9984128
Submitted batch job 9984130
Submitted batch job 9984129
Submitted batch job 9984132
Submitted batch job 9984131
Submitted batch job 9984134
Submitted batch job 9984135
Submitted batch job 9984133
Submitted batch job 9984136
Submitted batch job 9984137
Submitted batch job 9984138
Submitted batch job 9984139
Submitted batch job 9984142
Submitted batch job 9984143
Submitted batch job 9984144
Submitted batch job 9984140
Submitted batch job 9984141
Submitted batch job 9984145
Submitted batch job 9984146
Submitted batch job 9984147
Submitted batch job 9984148
Submitted batch job 9984149
Submitted batch job 9984151
Submitted batch job 9984150
Submitted batch job 9984152
Submitted batch job 9984153
Submitted batch job 9984154
Submitted batch job 9984155
Submitted batch job 9984156
Submitted batch job 9984157
Submitted batch job 9984158
Submitted batch job 9984159
Submitted batch job 9984161
Submitted batch job 9984160
Submitted batch job 9984162
Submitted batch job 9984163
Submitted batch job 9984164
Submitted batch job 9984165
Submitted batch job 9984166
Submitted batch job 9984167
Submitted batch job 9984168
Submitted batch job 9984169
Submitted batch job 9984170
Submitted batch job 9984171
Submitted batch job 9984172
Submitted batch job 9984173
Submitted batch job 9984174
Submitted batch job 9984175
Submitted batch job 9984177
Submitted batch job 9984176
Submitted batch job 9984178
Submitted batch job 9984179
Submitted batch job 9984180
Submitted batch job 9984181
Submitted batch job 9984182
Submitted batch job 9984183
Submitted batch job 9984184
Submitted batch job 9984186
Submitted batch job 9984185
Submitted batch job 9984187
Submitted batch job 9984188
Submitted batch job 9984189
Submitted batch job 9984190
Submitted batch job 9984191
Submitted batch job 9984192
Submitted batch job 9984194
Submitted batch job 9984193
Submitted batch job 9984195
Submitted batch job 9984196
Submitted batch job 9984197
Submitted batch job 9984198
Submitted batch job 9984199
Submitted batch job 9984200
Submitted batch job 9984201
Submitted batch job 9984202
Submitted batch job 9984203
Submitted batch job 9984204
Submitted batch job 9984205
Submitted batch job 9984206
Submitted batch job 9984207
Submitted batch job 9984208
Submitted batch job 9984209
Submitted batch job 9984210
Submitted batch job 9984212
Submitted batch job 9984211
Submitted batch job 9984213
Submitted batch job 9984214
Submitted batch job 9984215
Submitted batch job 9984216
Submitted batch job 9984217
Submitted batch job 9984218
Submitted batch job 9984219
Submitted batch job 9984220
Submitted batch job 9984221
Submitted batch job 9984222
Submitted batch job 9984223
Submitted batch job 9984224
Submitted batch job 9984225
Submitted batch job 9984227
Submitted batch job 9984226
Submitted batch job 9984228
Submitted batch job 9984229
Submitted batch job 9984230
Submitted batch job 9984232
Submitted batch job 9984231
Submitted batch job 9984233
Submitted batch job 9984234
Submitted batch job 9984235
Submitted batch job 9984236
Submitted batch job 9984237
Submitted batch job 9984238
Submitted batch job 9984239
Submitted batch job 9984240
Submitted batch job 9984242
Submitted batch job 9984241
Submitted batch job 9984243
Submitted batch job 9984244
Submitted batch job 9984245
Submitted batch job 9984246
Submitted batch job 9984247
Submitted batch job 9984248
