usage: fmriprep [-h] [--version] [--skip_bids_validation]
                [--participant_label PARTICIPANT_LABEL [PARTICIPANT_LABEL ...]]
                [-t TASK_ID] [--echo-idx ECHO_IDX] [--nthreads NTHREADS]
                [--omp-nthreads OMP_NTHREADS] [--mem_mb MEM_MB] [--low-mem]
                [--use-plugin USE_PLUGIN] [--anat-only] [--boilerplate]
                [--ignore-aroma-denoising-errors] [--error-on-aroma-warnings]
                [-v] [--debug]
                [--ignore {fieldmaps,slicetiming,sbref} [{fieldmaps,slicetiming,sbref} ...]]
                [--longitudinal] [--t2s-coreg]
                [--output-spaces OUTPUT_SPACES [OUTPUT_SPACES ...]]
                [--output-space {T1w,template,fsnative,fsaverage,fsaverage6,fsaverage5} [{T1w,template,fsnative,fsaverage,fsaverage6,fsaverage5} ...]]
                [--template {MNI152NLin2009cAsym}]
                [--template-resampling-grid TEMPLATE_RESAMPLING_GRID]
                [--bold2t1w-dof {6,9,12}] [--force-bbr] [--force-no-bbr]
                [--medial-surface-nan] [--dummy-scans DUMMY_SCANS]
                [--use-aroma]
                [--aroma-melodic-dimensionality AROMA_MELODIC_DIMENSIONALITY]
                [--return-all-components]
                [--fd-spike-threshold FD_SPIKE_THRESHOLD]
                [--dvars-spike-threshold DVARS_SPIKE_THRESHOLD]
                [--skull-strip-template SKULL_STRIP_TEMPLATE]
                [--skull-strip-fixed-seed] [--fmap-bspline] [--fmap-no-demean]
                [--use-syn-sdc] [--force-syn] [--fs-license-file PATH]
                [--no-submm-recon] [--cifti-output | --fs-no-reconall]
                [-w WORK_DIR] [--resource-monitor] [--reports-only]
                [--run-uuid RUN_UUID] [--write-graph] [--stop-on-first-crash]
                [--notrack] [--sloppy]
                bids_dir output_dir {participant}
fmriprep: error: argument --participant_label/--participant-label: expected at least one argument
