Running task 1
Commandline: singularity run --bind /projects/adapt_lab/shared:/projects/adapt_lab/shared /projects/adapt_lab/shared/containers/fmriprep-1.4.1.simg /projects/adapt_lab/shared/TPOT/bids_data /projects/adapt_lab/shared/TPOT/bids_data/derivatives participant --participant-label sub-TPOT011 -w /projects/adapt_lab/shared/TPOT/bids_data/derivatives/working_bids_fmripreprest_test/ --omp-nthreads 8 --nthreads 12 --mem_mb 30000 --ignore-aroma-denoising-errors --output-space T1w template fsaverage5 fsnative --template-resampling-grid 2mm --medial-surface-nan --cifti-output --use-aroma
	[31m1: [ERR] No BIDS compatible data found for at least one subject. (code: 67 - NO_VALID_DATA_FOUND_FOR_SUBJECT)[39m
		./sub-TPOT013_2
		./sub-TPOT030_2
		./sub-TPOT051_2

[36m	Please visit https://neurostars.org/search?q=NO_VALID_DATA_FOUND_FOR_SUBJECT for existing conversations about this issue.[39m

	[33m1: [WARN] The recommended file /README is missing. See Section 03 (Modality agnostic files) of the BIDS specification. (code: 101 - README_FILE_MISSING)[39m

[36m	Please visit https://neurostars.org/search?q=README_FILE_MISSING for existing conversations about this issue.[39m


        [34m[4mSummary:[24m[39m                    [34m[4mAvailable Tasks:[24m[39m        [34m[4mAvailable Modalities:[24m[39m 
        3637 Files, 178.59GB        affect                  T1w                   
        149 - Subjects              rest                    dwi                   
        1 - Session                 video                   bold                  
                                                            fieldmap              


[36m	If you have any questions, please post on https://neurostars.org/tags/bids.[39m

Making sure the input data is BIDS compliant (warnings can be ignored in most cases).
Option ``--template-resampling-grid`` is deprecated, please specify resampling grid options as modifiers to templates listed in ``--output-spaces``. The configuration value will be applied to ALL output standard spaces.
190801-21:48:20,248 nipype.workflow IMPORTANT:
	 
    Running fMRIPREP version 1.5.0rc1:
      * BIDS dataset path: /projects/adapt_lab/shared/TPOT/bids_data.
      * Participant list: ['TPOT011'].
      * Run identifier: 20190801-214501_abf6d76d-5605-4dfd-bb53-c58aadec9e62.
    
190801-21:48:29,59 nipype.workflow IMPORTANT:
	 Creating bold processing workflow for "/projects/adapt_lab/shared/TPOT/bids_data/sub-TPOT011/ses-1/func/sub-TPOT011_ses-1_task-affect_acq-1_run-01_bold.nii.gz" (0.02 GB / 17 TRs). Memory resampled/largemem=0.08/0.10 GB.
190801-21:48:29,467 nipype.workflow IMPORTANT:
	 No single-band-reference found for sub-TPOT011_ses-1_task-affect_acq-1_run-01_bold.nii.gz
190801-21:48:33,394 nipype.workflow IMPORTANT:
	 Slice-timing correction will be included.
190801-21:48:34,153 nipype.workflow IMPORTANT:
	 SDC: fieldmap estimation of type "epi" intended for /projects/adapt_lab/shared/TPOT/bids_data/sub-TPOT011/ses-1/func/sub-TPOT011_ses-1_task-affect_acq-1_run-01_bold.nii.gz found.
190801-21:48:35,592 nipype.workflow IMPORTANT:
	 Creating BOLD surface-sampling workflow.
190801-21:48:38,461 nipype.workflow IMPORTANT:
	 Creating bold processing workflow for "/projects/adapt_lab/shared/TPOT/bids_data/sub-TPOT011/ses-1/func/sub-TPOT011_ses-1_task-affect_acq-1_run-02_bold.nii.gz" (0.21 GB / 185 TRs). Memory resampled/largemem=0.84/1.23 GB.
190801-21:48:38,861 nipype.workflow IMPORTANT:
	 No single-band-reference found for sub-TPOT011_ses-1_task-affect_acq-1_run-02_bold.nii.gz
190801-21:48:42,189 nipype.workflow IMPORTANT:
	 Slice-timing correction will be included.
190801-21:48:42,628 nipype.workflow IMPORTANT:
	 SDC: fieldmap estimation of type "epi" intended for /projects/adapt_lab/shared/TPOT/bids_data/sub-TPOT011/ses-1/func/sub-TPOT011_ses-1_task-affect_acq-1_run-02_bold.nii.gz found.
190801-21:48:43,911 nipype.workflow IMPORTANT:
	 Creating BOLD surface-sampling workflow.
190801-21:48:46,560 nipype.workflow IMPORTANT:
	 Creating bold processing workflow for "/projects/adapt_lab/shared/TPOT/bids_data/sub-TPOT011/ses-1/func/sub-TPOT011_ses-1_task-affect_acq-2_bold.nii.gz" (0.21 GB / 185 TRs). Memory resampled/largemem=0.84/1.23 GB.
190801-21:48:46,958 nipype.workflow IMPORTANT:
	 No single-band-reference found for sub-TPOT011_ses-1_task-affect_acq-2_bold.nii.gz
190801-21:48:49,689 nipype.workflow IMPORTANT:
	 Slice-timing correction will be included.
190801-21:48:50,48 nipype.workflow IMPORTANT:
	 SDC: fieldmap estimation of type "epi" intended for /projects/adapt_lab/shared/TPOT/bids_data/sub-TPOT011/ses-1/func/sub-TPOT011_ses-1_task-affect_acq-2_bold.nii.gz found.
190801-21:48:51,80 nipype.workflow IMPORTANT:
	 Creating BOLD surface-sampling workflow.
190801-21:48:53,995 nipype.workflow IMPORTANT:
	 Creating bold processing workflow for "/projects/adapt_lab/shared/TPOT/bids_data/sub-TPOT011/ses-1/func/sub-TPOT011_ses-1_task-rest_run-01_bold.nii.gz" (0.22 GB / 375 TRs). Memory resampled/largemem=0.86/1.68 GB.
190801-21:48:54,429 nipype.workflow IMPORTANT:
	 No single-band-reference found for sub-TPOT011_ses-1_task-rest_run-01_bold.nii.gz
190801-21:48:56,857 nipype.workflow IMPORTANT:
	 Slice-timing correction will be included.
190801-21:48:57,239 nipype.workflow IMPORTANT:
	 SDC: fieldmap estimation of type "epi" intended for /projects/adapt_lab/shared/TPOT/bids_data/sub-TPOT011/ses-1/func/sub-TPOT011_ses-1_task-rest_run-01_bold.nii.gz found.
190801-21:48:58,458 nipype.workflow IMPORTANT:
	 Creating BOLD surface-sampling workflow.
190801-21:49:01,108 nipype.workflow IMPORTANT:
	 Creating bold processing workflow for "/projects/adapt_lab/shared/TPOT/bids_data/sub-TPOT011/ses-1/func/sub-TPOT011_ses-1_task-rest_run-02_bold.nii.gz" (0.22 GB / 375 TRs). Memory resampled/largemem=0.87/1.68 GB.
190801-21:49:01,574 nipype.workflow IMPORTANT:
	 No single-band-reference found for sub-TPOT011_ses-1_task-rest_run-02_bold.nii.gz
190801-21:49:03,886 nipype.workflow IMPORTANT:
	 Slice-timing correction will be included.
190801-21:49:04,269 nipype.workflow IMPORTANT:
	 SDC: fieldmap estimation of type "epi" intended for /projects/adapt_lab/shared/TPOT/bids_data/sub-TPOT011/ses-1/func/sub-TPOT011_ses-1_task-rest_run-02_bold.nii.gz found.
190801-21:49:05,323 nipype.workflow IMPORTANT:
	 Creating BOLD surface-sampling workflow.
190801-21:49:08,121 nipype.workflow IMPORTANT:
	 Creating bold processing workflow for "/projects/adapt_lab/shared/TPOT/bids_data/sub-TPOT011/ses-1/func/sub-TPOT011_ses-1_task-video_run-01_bold.nii.gz" (0.23 GB / 199 TRs). Memory resampled/largemem=0.90/1.35 GB.
190801-21:49:08,511 nipype.workflow IMPORTANT:
	 No single-band-reference found for sub-TPOT011_ses-1_task-video_run-01_bold.nii.gz
190801-21:49:11,324 nipype.workflow IMPORTANT:
	 Slice-timing correction will be included.
190801-21:49:11,708 nipype.workflow IMPORTANT:
	 SDC: fieldmap estimation of type "epi" intended for /projects/adapt_lab/shared/TPOT/bids_data/sub-TPOT011/ses-1/func/sub-TPOT011_ses-1_task-video_run-01_bold.nii.gz found.
190801-21:49:12,783 nipype.workflow IMPORTANT:
	 Creating BOLD surface-sampling workflow.
190801-21:49:15,452 nipype.workflow IMPORTANT:
	 Creating bold processing workflow for "/projects/adapt_lab/shared/TPOT/bids_data/sub-TPOT011/ses-1/func/sub-TPOT011_ses-1_task-video_run-02_bold.nii.gz" (0.01 GB / 7 TRs). Memory resampled/largemem=0.03/0.04 GB.
190801-21:49:15,843 nipype.workflow IMPORTANT:
	 No single-band-reference found for sub-TPOT011_ses-1_task-video_run-02_bold.nii.gz
190801-21:49:17,346 nipype.workflow IMPORTANT:
	 Slice-timing correction will be included.
190801-21:49:17,670 nipype.workflow IMPORTANT:
	 SDC: fieldmap estimation of type "epi" intended for /projects/adapt_lab/shared/TPOT/bids_data/sub-TPOT011/ses-1/func/sub-TPOT011_ses-1_task-video_run-02_bold.nii.gz found.
190801-21:49:18,690 nipype.workflow IMPORTANT:
	 Creating BOLD surface-sampling workflow.
190801-21:49:21,420 nipype.workflow IMPORTANT:
	 Creating bold processing workflow for "/projects/adapt_lab/shared/TPOT/bids_data/sub-TPOT011/ses-1/func/sub-TPOT011_ses-1_task-video_run-03_bold.nii.gz" (0.28 GB / 249 TRs). Memory resampled/largemem=1.13/1.83 GB.
190801-21:49:21,812 nipype.workflow IMPORTANT:
	 No single-band-reference found for sub-TPOT011_ses-1_task-video_run-03_bold.nii.gz
190801-21:49:24,521 nipype.workflow IMPORTANT:
	 Slice-timing correction will be included.
190801-21:49:24,892 nipype.workflow IMPORTANT:
	 SDC: fieldmap estimation of type "epi" intended for /projects/adapt_lab/shared/TPOT/bids_data/sub-TPOT011/ses-1/func/sub-TPOT011_ses-1_task-video_run-03_bold.nii.gz found.
190801-21:49:26,238 nipype.workflow IMPORTANT:
	 Creating BOLD surface-sampling workflow.
190801-21:49:34,778 nipype.workflow IMPORTANT:
	 Works derived from this fMRIPrep execution should include the following boilerplate:


Results included in this manuscript come from preprocessing
performed using *fMRIPrep* 1.5.0rc1
(@fmriprep1; @fmriprep2; RRID:SCR_016216),
which is based on *Nipype* 1.2.0
(@nipype1; @nipype2; RRID:SCR_002502).

Anatomical data preprocessing

: The T1-weighted (T1w) image was corrected for intensity non-uniformity (INU)
with `N4BiasFieldCorrection` [@n4], distributed with ANTs 2.2.0 [@ants, RRID:SCR_004757], and used as T1w-reference throughout the workflow.
The T1w-reference was then skull-stripped with a *Nipype* implementation of
the `antsBrainExtraction.sh` workflow (from ANTs), using OASIS30ANTs
as target template.
Brain tissue segmentation of cerebrospinal fluid (CSF),
white-matter (WM) and gray-matter (GM) was performed on
the brain-extracted T1w using `fast` [FSL 5.0.9, RRID:SCR_002823,
@fsl_fast].
Brain surfaces were reconstructed using `recon-all` [FreeSurfer 6.0.1,
RRID:SCR_001847, @fs_reconall], and the brain mask estimated
previously was refined with a custom variation of the method to reconcile
ANTs-derived and FreeSurfer-derived segmentations of the cortical
gray-matter of Mindboggle [RRID:SCR_002438, @mindboggle].
Volume-based spatial normalization to two standard spaces (MNI152NLin2009cAsym, MNI152NLin6Asym) was performed through
nonlinear registration with `antsRegistration` (ANTs 2.2.0),
using brain-extracted versions of both T1w reference and the T1w template.
The following templates were selected for spatial normalization:
*ICBM 152 Nonlinear Asymmetrical template version 2009c* [@mni152nlin2009casym, RRID:SCR_008796; TemplateFlow ID: MNI152NLin2009cAsym], *FSL's MNI ICBM 152 non-linear 6th Generation Asymmetric Average Brain Stereotaxic Registration Model* [@mni152nlin6asym, RRID:SCR_002823; TemplateFlow ID: MNI152NLin6Asym].

Functional data preprocessing

: For each of the 8 BOLD runs found per subject (across all
tasks and sessions), the following preprocessing was performed.
First, a reference volume and its skull-stripped version were generated
using a custom methodology of *fMRIPrep*.
A deformation field to correct for susceptibility distortions was estimated
based on two echo-planar imaging (EPI) references with opposing phase-encoding
directions, using `3dQwarp` @afni (AFNI 20160207).
Based on the estimated susceptibility distortion, an
unwarped BOLD reference was calculated for a more accurate
co-registration with the anatomical reference.
The BOLD reference was then co-registered to the T1w reference using
`bbregister` (FreeSurfer) which implements boundary-based registration [@bbr].
Co-registration was configured with six degrees of freedom.
Head-motion parameters with respect to the BOLD reference
(transformation matrices, and six corresponding rotation and translation
parameters) are estimated before any spatiotemporal filtering using
`mcflirt` [FSL 5.0.9, @mcflirt].
BOLD runs were slice-time corrected using `3dTshift` from
AFNI 20160207 [@afni, RRID:SCR_005927].
The BOLD time-series, were resampled to surfaces on the following
spaces: *fsnative*, *fsaverage5*.
*Grayordinates* files [@hcppipelines], which combine surface-sampled
data and volume-sampled data, were also generated.
The BOLD time-series (including slice-timing correction when applied)
were resampled onto their original, native space by applying
a single, composite transform to correct for head-motion and
susceptibility distortions.
These resampled BOLD time-series will be referred to as *preprocessed
BOLD in original space*, or just *preprocessed BOLD*.
The BOLD time-series were resampled into several standard spaces,
correspondingly generating the following *spatially-normalized,
preprocessed BOLD runs*: MNI152NLin2009cAsym, MNI152NLin6Asym.
First, a reference volume and its skull-stripped version were generated
using a custom methodology of *fMRIPrep*.
Automatic removal of motion artifacts using independent component analysis
[ICA-AROMA, @aroma] was performed on the *preprocessed BOLD on MNI space*
time-series after removal of non-steady state volumes and spatial smoothing
with an isotropic, Gaussian kernel of 6mm FWHM (full-width half-maximum).
Corresponding "non-aggresively" denoised runs were produced after such
smoothing.
Additionally, the "aggressive" noise-regressors were collected and placed
in the corresponding confounds file.
Several confounding time-series were calculated based on the
*preprocessed BOLD*: framewise displacement (FD), DVARS and
three region-wise global signals.
FD and DVARS are calculated for each functional run, both using their
implementations in *Nipype* [following the definitions by @power_fd_dvars].
The three global signals are extracted within the CSF, the WM, and
the whole-brain masks.
Additionally, a set of physiological regressors were extracted to
allow for component-based noise correction [*CompCor*, @compcor].
Principal components are estimated after high-pass filtering the
*preprocessed BOLD* time-series (using a discrete cosine filter with
128s cut-off) for the two *CompCor* variants: temporal (tCompCor)
and anatomical (aCompCor).
tCompCor components are then calculated from the top 5% variable
voxels within a mask covering the subcortical regions.
This subcortical mask is obtained by heavily eroding the brain mask,
which ensures it does not include cortical GM regions.
For aCompCor, components are calculated within the intersection of
the aforementioned mask and the union of CSF and WM masks calculated
in T1w space, after their projection to the native space of each
functional run (using the inverse BOLD-to-T1w transformation). Components
are also calculated separately within the WM and CSF masks.
For each CompCor decomposition, the *k* components with the largest singular
values are retained, such that the retained components' time series are
sufficient to explain 50 percent of variance across the nuisance mask (CSF,
WM, combined, or temporal). The remaining components are dropped from
consideration.
The head-motion estimates calculated in the correction step were also
placed within the corresponding confounds file.
The confound time series derived from head motion estimates and global
signals were expanded with the inclusion of temporal derivatives and
quadratic terms for each [@confounds_satterthwaite_2013].
Frames that exceeded a threshold of 0.5 mm FD or 1.5 standardised DVARS
were annotated as motion outliers.
All resamplings can be performed with *a single interpolation
step* by composing all the pertinent transformations (i.e. head-motion
transform matrices, susceptibility distortion correction when available,
and co-registrations to anatomical and output spaces).
Gridded (volumetric) resamplings were performed using `antsApplyTransforms` (ANTs),
configured with Lanczos interpolation to minimize the smoothing
effects of other kernels [@lanczos].
Non-gridded (surface) resamplings were performed using `mri_vol2surf`
(FreeSurfer).


Many internal operations of *fMRIPrep* use
*Nilearn* 0.5.2 [@nilearn, RRID:SCR_001362],
mostly within the functional processing workflow.
For more details of the pipeline, see [the section corresponding
to workflows in *fMRIPrep*'s documentation](https://fmriprep.readthedocs.io/en/latest/workflows.html "FMRIPrep's documentation").


### Copyright Waiver

The above boilerplate text was automatically generated by fMRIPrep
with the express intention that users should copy and paste this
text into their manuscripts *unchanged*.
It is released under the [CC0](https://creativecommons.org/publicdomain/zero/1.0/) license.

### References


190801-21:50:35,646 nipype.workflow INFO:
	 [Node] Setting-up "fmriprep_wf.single_subject_TPOT011_wf.func_preproc_ses_1_task_affect_acq_1_run_02_wf.func_derivatives_wf.raw_sources" in "/projects/adapt_lab/shared/TPOT/bids_data/derivatives/working_bids_fmripreprest_test/fmriprep_wf/single_subject_TPOT011_wf/func_preproc_ses_1_task_affect_acq_1_run_02_wf/func_derivatives_wf/raw_sources".
190801-21:50:35,657 nipype.workflow INFO:
	 [Node] Running "raw_sources" ("nipype.interfaces.utility.wrappers.Function")
190801-21:50:35,667 nipype.workflow INFO:
	 [Node] Setting-up "fmriprep_wf.single_subject_TPOT011_wf.func_preproc_ses_1_task_affect_acq_2_wf.func_derivatives_wf.raw_sources" in "/projects/adapt_lab/shared/TPOT/bids_data/derivatives/working_bids_fmripreprest_test/fmriprep_wf/single_subject_TPOT011_wf/func_preproc_ses_1_task_affect_acq_2_wf/func_derivatives_wf/raw_sources".
190801-21:50:35,672 nipype.workflow INFO:
	 [Node] Finished "fmriprep_wf.single_subject_TPOT011_wf.func_preproc_ses_1_task_affect_acq_1_run_02_wf.func_derivatives_wf.raw_sources".
190801-21:50:35,679 nipype.workflow INFO:
	 [Node] Setting-up "fmriprep_wf.single_subject_TPOT011_wf.func_preproc_ses_1_task_affect_acq_1_run_01_wf.func_derivatives_wf.raw_sources" in "/projects/adapt_lab/shared/TPOT/bids_data/derivatives/working_bids_fmripreprest_test/fmriprep_wf/single_subject_TPOT011_wf/func_preproc_ses_1_task_affect_acq_1_run_01_wf/func_derivatives_wf/raw_sources".
190801-21:50:35,687 nipype.workflow INFO:
	 [Node] Running "raw_sources" ("nipype.interfaces.utility.wrappers.Function")
190801-21:50:35,690 nipype.workflow INFO:
	 [Node] Running "raw_sources" ("nipype.interfaces.utility.wrappers.Function")
190801-21:50:35,710 nipype.workflow INFO:
	 [Node] Finished "fmriprep_wf.single_subject_TPOT011_wf.func_preproc_ses_1_task_affect_acq_2_wf.func_derivatives_wf.raw_sources".
190801-21:50:35,711 nipype.workflow INFO:
	 [Node] Finished "fmriprep_wf.single_subject_TPOT011_wf.func_preproc_ses_1_task_affect_acq_1_run_01_wf.func_derivatives_wf.raw_sources".
190801-21:50:35,774 nipype.workflow INFO:
	 [Node] Setting-up "fmriprep_wf.single_subject_TPOT011_wf.func_preproc_ses_1_task_affect_acq_1_run_01_wf.sdc_wf.pepolar_unwarp_wf.prepare_epi_matching_wf.split" in "/projects/adapt_lab/shared/TPOT/bids_data/derivatives/working_bids_fmripreprest_test/fmriprep_wf/single_subject_TPOT011_wf/func_preproc_ses_1_task_affect_acq_1_run_01_wf/sdc_wf/pepolar_unwarp_wf/prepare_epi_matching_wf/split".
190801-21:50:35,803 nipype.workflow INFO:
	 [Node] Setting-up "fmriprep_wf.single_subject_TPOT011_wf.func_preproc_ses_1_task_affect_acq_1_run_01_wf.sdc_wf.pepolar_unwarp_wf.prepare_epi_opposite_wf.split" in "/projects/adapt_lab/shared/TPOT/bids_data/derivatives/working_bids_fmripreprest_test/fmriprep_wf/single_subject_TPOT011_wf/func_preproc_ses_1_task_affect_acq_1_run_01_wf/sdc_wf/pepolar_unwarp_wf/prepare_epi_opposite_wf/split".
190801-21:50:35,812 nipype.workflow INFO:
	 [Node] Setting-up "_split0" in "/projects/adapt_lab/shared/TPOT/bids_data/derivatives/working_bids_fmripreprest_test/fmriprep_wf/single_subject_TPOT011_wf/func_preproc_ses_1_task_affect_acq_1_run_01_wf/sdc_wf/pepolar_unwarp_wf/prepare_epi_matching_wf/split/mapflow/_split0".
190801-21:50:35,830 nipype.workflow INFO:
	 [Node] Setting-up "fmriprep_wf.single_subject_TPOT011_wf.func_preproc_ses_1_task_affect_acq_2_wf.sdc_wf.pepolar_unwarp_wf.prepare_epi_opposite_wf.split" in "/projects/adapt_lab/shared/TPOT/bids_data/derivatives/working_bids_fmripreprest_test/fmriprep_wf/single_subject_TPOT011_wf/func_preproc_ses_1_task_affect_acq_2_wf/sdc_wf/pepolar_unwarp_wf/prepare_epi_opposite_wf/split".
190801-21:50:35,835 nipype.workflow INFO:
	 [Node] Setting-up "_split0" in "/projects/adapt_lab/shared/TPOT/bids_data/derivatives/working_bids_fmripreprest_test/fmriprep_wf/single_subject_TPOT011_wf/func_preproc_ses_1_task_affect_acq_1_run_01_wf/sdc_wf/pepolar_unwarp_wf/prepare_epi_opposite_wf/split/mapflow/_split0".
190801-21:50:35,837 nipype.workflow INFO:
	 [Node] Setting-up "fmriprep_wf.single_subject_TPOT011_wf.func_preproc_ses_1_task_affect_acq_2_wf.sdc_wf.pepolar_unwarp_wf.prepare_epi_matching_wf.split" in "/projects/adapt_lab/shared/TPOT/bids_data/derivatives/working_bids_fmripreprest_test/fmriprep_wf/single_subject_TPOT011_wf/func_preproc_ses_1_task_affect_acq_2_wf/sdc_wf/pepolar_unwarp_wf/prepare_epi_matching_wf/split".
190801-21:50:35,852 nipype.workflow INFO:
	 [Node] Setting-up "fmriprep_wf.single_subject_TPOT011_wf.func_preproc_ses_1_task_affect_acq_1_run_02_wf.sdc_wf.pepolar_unwarp_wf.prepare_epi_matching_wf.split" in "/projects/adapt_lab/shared/TPOT/bids_data/derivatives/working_bids_fmripreprest_test/fmriprep_wf/single_subject_TPOT011_wf/func_preproc_ses_1_task_affect_acq_1_run_02_wf/sdc_wf/pepolar_unwarp_wf/prepare_epi_matching_wf/split".
190801-21:50:35,877 nipype.workflow INFO:
	 [Node] Running "_split0" ("nipype.interfaces.fsl.utils.Split"), a CommandLine Interface with command:
fslsplit /projects/adapt_lab/shared/TPOT/bids_data/sub-TPOT011/ses-1/fmap/sub-TPOT011_ses-1_dir-ap_epi.nii.gz -t
190801-21:50:35,895 nipype.workflow INFO:
	 [Node] Setting-up "fmriprep_wf.single_subject_TPOT011_wf.func_preproc_ses_1_task_affect_acq_1_run_02_wf.sdc_wf.pepolar_unwarp_wf.prepare_epi_opposite_wf.split" in "/projects/adapt_lab/shared/TPOT/bids_data/derivatives/working_bids_fmripreprest_test/fmriprep_wf/single_subject_TPOT011_wf/func_preproc_ses_1_task_affect_acq_1_run_02_wf/sdc_wf/pepolar_unwarp_wf/prepare_epi_opposite_wf/split".
190801-21:50:35,921 nipype.workflow INFO:
	 [Node] Running "_split0" ("nipype.interfaces.fsl.utils.Split"), a CommandLine Interface with command:
fslsplit /projects/adapt_lab/shared/TPOT/bids_data/sub-TPOT011/ses-1/fmap/sub-TPOT011_ses-1_dir-pa_epi.nii.gz -t
190801-21:50:35,931 nipype.workflow INFO:
	 [Node] Setting-up "_split0" in "/projects/adapt_lab/shared/TPOT/bids_data/derivatives/working_bids_fmripreprest_test/fmriprep_wf/single_subject_TPOT011_wf/func_preproc_ses_1_task_affect_acq_2_wf/sdc_wf/pepolar_unwarp_wf/prepare_epi_opposite_wf/split/mapflow/_split0".
190801-21:50:35,942 nipype.workflow INFO:
	 [Node] Setting-up "_split0" in "/projects/adapt_lab/shared/TPOT/bids_data/derivatives/working_bids_fmripreprest_test/fmriprep_wf/single_subject_TPOT011_wf/func_preproc_ses_1_task_affect_acq_1_run_02_wf/sdc_wf/pepolar_unwarp_wf/prepare_epi_matching_wf/split/mapflow/_split0".
190801-21:50:35,947 nipype.workflow INFO:
	 [Node] Setting-up "_split0" in "/projects/adapt_lab/shared/TPOT/bids_data/derivatives/working_bids_fmripreprest_test/fmriprep_wf/single_subject_TPOT011_wf/func_preproc_ses_1_task_affect_acq_2_wf/sdc_wf/pepolar_unwarp_wf/prepare_epi_matching_wf/split/mapflow/_split0".
190801-21:50:35,957 nipype.workflow INFO:
	 [Node] Setting-up "_split0" in "/projects/adapt_lab/shared/TPOT/bids_data/derivatives/working_bids_fmripreprest_test/fmriprep_wf/single_subject_TPOT011_wf/func_preproc_ses_1_task_affect_acq_1_run_02_wf/sdc_wf/pepolar_unwarp_wf/prepare_epi_opposite_wf/split/mapflow/_split0".
190801-21:50:35,974 nipype.workflow INFO:
	 [Node] Running "_split0" ("nipype.interfaces.fsl.utils.Split"), a CommandLine Interface with command:
fslsplit /projects/adapt_lab/shared/TPOT/bids_data/sub-TPOT011/ses-1/fmap/sub-TPOT011_ses-1_dir-pa_epi.nii.gz -t
190801-21:50:35,975 nipype.workflow INFO:
	 [Node] Running "_split0" ("nipype.interfaces.fsl.utils.Split"), a CommandLine Interface with command:
fslsplit /projects/adapt_lab/shared/TPOT/bids_data/sub-TPOT011/ses-1/fmap/sub-TPOT011_ses-1_dir-ap_epi.nii.gz -t
190801-21:50:35,975 nipype.workflow INFO:
	 [Node] Running "_split0" ("nipype.interfaces.fsl.utils.Split"), a CommandLine Interface with command:
fslsplit /projects/adapt_lab/shared/TPOT/bids_data/sub-TPOT011/ses-1/fmap/sub-TPOT011_ses-1_dir-ap_epi.nii.gz -t
190801-21:50:35,977 nipype.workflow INFO:
	 [Node] Running "_split0" ("nipype.interfaces.fsl.utils.Split"), a CommandLine Interface with command:
fslsplit /projects/adapt_lab/shared/TPOT/bids_data/sub-TPOT011/ses-1/fmap/sub-TPOT011_ses-1_dir-pa_epi.nii.gz -t
190801-21:50:36,525 nipype.workflow INFO:
	 [Node] Finished "_split0".
190801-21:50:36,531 nipype.workflow INFO:
	 [Node] Finished "fmriprep_wf.single_subject_TPOT011_wf.func_preproc_ses_1_task_affect_acq_1_run_02_wf.sdc_wf.pepolar_unwarp_wf.prepare_epi_matching_wf.split".
190801-21:50:36,640 nipype.workflow INFO:
	 [Node] Finished "_split0".
190801-21:50:36,641 nipype.workflow INFO:
	 [Node] Finished "_split0".
190801-21:50:36,644 nipype.workflow INFO:
	 [Node] Finished "_split0".
190801-21:50:36,646 nipype.workflow INFO:
	 [Node] Finished "fmriprep_wf.single_subject_TPOT011_wf.func_preproc_ses_1_task_affect_acq_1_run_01_wf.sdc_wf.pepolar_unwarp_wf.prepare_epi_matching_wf.split".
190801-21:50:36,647 nipype.workflow INFO:
	 [Node] Finished "fmriprep_wf.single_subject_TPOT011_wf.func_preproc_ses_1_task_affect_acq_2_wf.sdc_wf.pepolar_unwarp_wf.prepare_epi_opposite_wf.split".
190801-21:50:36,649 nipype.workflow INFO:
	 [Node] Finished "_split0".
190801-21:50:36,650 nipype.workflow INFO:
	 [Node] Finished "fmriprep_wf.single_subject_TPOT011_wf.func_preproc_ses_1_task_affect_acq_1_run_02_wf.sdc_wf.pepolar_unwarp_wf.prepare_epi_opposite_wf.split".
190801-21:50:36,652 nipype.workflow INFO:
	 [Node] Finished "_split0".
190801-21:50:36,655 nipype.workflow INFO:
	 [Node] Finished "fmriprep_wf.single_subject_TPOT011_wf.func_preproc_ses_1_task_affect_acq_1_run_01_wf.sdc_wf.pepolar_unwarp_wf.prepare_epi_opposite_wf.split".
190801-21:50:36,658 nipype.workflow INFO:
	 [Node] Finished "fmriprep_wf.single_subject_TPOT011_wf.func_preproc_ses_1_task_affect_acq_2_wf.sdc_wf.pepolar_unwarp_wf.prepare_epi_matching_wf.split".
190801-21:50:38,404 nipype.workflow INFO:
	 [Node] Setting-up "fmriprep_wf.single_subject_TPOT011_wf.func_preproc_ses_1_task_affect_acq_1_run_01_wf.bold_reference_wf.validate" in "/projects/adapt_lab/shared/TPOT/bids_data/derivatives/working_bids_fmripreprest_test/fmriprep_wf/single_subject_TPOT011_wf/func_preproc_ses_1_task_affect_acq_1_run_01_wf/bold_reference_wf/validate".
190801-21:50:38,410 nipype.workflow INFO:
	 [Node] Running "validate" ("niworkflows.interfaces.images.ValidateImage")
190801-21:50:38,445 nipype.workflow INFO:
	 [Node] Finished "fmriprep_wf.single_subject_TPOT011_wf.func_preproc_ses_1_task_affect_acq_1_run_01_wf.bold_reference_wf.validate".
190801-21:50:38,795 nipype.workflow INFO:
	 [Node] Setting-up "fmriprep_wf.single_subject_TPOT011_wf.func_preproc_ses_1_task_rest_run_01_wf.func_derivatives_wf.raw_sources" in "/projects/adapt_lab/shared/TPOT/bids_data/derivatives/working_bids_fmripreprest_test/fmriprep_wf/single_subject_TPOT011_wf/func_preproc_ses_1_task_rest_run_01_wf/func_derivatives_wf/raw_sources".
190801-21:50:38,805 nipype.workflow INFO:
	 [Node] Running "raw_sources" ("nipype.interfaces.utility.wrappers.Function")
190801-21:50:38,817 nipype.workflow INFO:
	 [Node] Finished "fmriprep_wf.single_subject_TPOT011_wf.func_preproc_ses_1_task_rest_run_01_wf.func_derivatives_wf.raw_sources".
190801-21:50:38,854 nipype.workflow INFO:
	 [Node] Setting-up "fmriprep_wf.single_subject_TPOT011_wf.func_preproc_ses_1_task_affect_acq_2_wf.bold_reference_wf.validate" in "/projects/adapt_lab/shared/TPOT/bids_data/derivatives/working_bids_fmripreprest_test/fmriprep_wf/single_subject_TPOT011_wf/func_preproc_ses_1_task_affect_acq_2_wf/bold_reference_wf/validate".
190801-21:50:38,861 nipype.workflow INFO:
	 [Node] Running "validate" ("niworkflows.interfaces.images.ValidateImage")
190801-21:50:38,893 nipype.workflow INFO:
	 [Node] Finished "fmriprep_wf.single_subject_TPOT011_wf.func_preproc_ses_1_task_affect_acq_2_wf.bold_reference_wf.validate".
190801-21:50:39,16 nipype.workflow INFO:
	 [Node] Setting-up "fmriprep_wf.single_subject_TPOT011_wf.func_preproc_ses_1_task_rest_run_01_wf.sdc_wf.pepolar_unwarp_wf.prepare_epi_opposite_wf.split" in "/projects/adapt_lab/shared/TPOT/bids_data/derivatives/working_bids_fmripreprest_test/fmriprep_wf/single_subject_TPOT011_wf/func_preproc_ses_1_task_rest_run_01_wf/sdc_wf/pepolar_unwarp_wf/prepare_epi_opposite_wf/split".
190801-21:50:39,37 nipype.workflow INFO:
	 [Node] Setting-up "_split0" in "/projects/adapt_lab/shared/TPOT/bids_data/derivatives/working_bids_fmripreprest_test/fmriprep_wf/single_subject_TPOT011_wf/func_preproc_ses_1_task_rest_run_01_wf/sdc_wf/pepolar_unwarp_wf/prepare_epi_opposite_wf/split/mapflow/_split0".
190801-21:50:39,39 nipype.workflow INFO:
	 [Node] Setting-up "fmriprep_wf.single_subject_TPOT011_wf.func_preproc_ses_1_task_rest_run_01_wf.sdc_wf.pepolar_unwarp_wf.prepare_epi_matching_wf.split" in "/projects/adapt_lab/shared/TPOT/bids_data/derivatives/working_bids_fmripreprest_test/fmriprep_wf/single_subject_TPOT011_wf/func_preproc_ses_1_task_rest_run_01_wf/sdc_wf/pepolar_unwarp_wf/prepare_epi_matching_wf/split".
190801-21:50:39,48 nipype.workflow INFO:
	 [Node] Running "_split0" ("nipype.interfaces.fsl.utils.Split"), a CommandLine Interface with command:
fslsplit /projects/adapt_lab/shared/TPOT/bids_data/sub-TPOT011/ses-1/fmap/sub-TPOT011_ses-1_dir-pa_epi.nii.gz -t
190801-21:50:39,54 nipype.workflow INFO:
	 [Node] Setting-up "_split0" in "/projects/adapt_lab/shared/TPOT/bids_data/derivatives/working_bids_fmripreprest_test/fmriprep_wf/single_subject_TPOT011_wf/func_preproc_ses_1_task_rest_run_01_wf/sdc_wf/pepolar_unwarp_wf/prepare_epi_matching_wf/split/mapflow/_split0".
190801-21:50:39,64 nipype.workflow INFO:
	 [Node] Running "_split0" ("nipype.interfaces.fsl.utils.Split"), a CommandLine Interface with command:
fslsplit /projects/adapt_lab/shared/TPOT/bids_data/sub-TPOT011/ses-1/fmap/sub-TPOT011_ses-1_dir-ap_epi.nii.gz -t
190801-21:50:39,449 nipype.workflow INFO:
	 [Node] Finished "_split0".
190801-21:50:39,455 nipype.workflow INFO:
	 [Node] Finished "fmriprep_wf.single_subject_TPOT011_wf.func_preproc_ses_1_task_rest_run_01_wf.sdc_wf.pepolar_unwarp_wf.prepare_epi_opposite_wf.split".
190801-21:50:39,498 nipype.workflow INFO:
	 [Node] Finished "_split0".
190801-21:50:39,503 nipype.workflow INFO:
	 [Node] Finished "fmriprep_wf.single_subject_TPOT011_wf.func_preproc_ses_1_task_rest_run_01_wf.sdc_wf.pepolar_unwarp_wf.prepare_epi_matching_wf.split".
190801-21:50:39,835 nipype.workflow INFO:
	 [Node] Setting-up "fmriprep_wf.single_subject_TPOT011_wf.func_preproc_ses_1_task_affect_acq_1_run_02_wf.bold_reference_wf.validate" in "/projects/adapt_lab/shared/TPOT/bids_data/derivatives/working_bids_fmripreprest_test/fmriprep_wf/single_subject_TPOT011_wf/func_preproc_ses_1_task_affect_acq_1_run_02_wf/bold_reference_wf/validate".
190801-21:50:39,844 nipype.workflow INFO:
	 [Node] Running "validate" ("niworkflows.interfaces.images.ValidateImage")
190801-21:50:39,872 nipype.workflow INFO:
	 [Node] Setting-up "fmriprep_wf.single_subject_TPOT011_wf.func_preproc_ses_1_task_affect_acq_2_wf.sdc_wf.pepolar_unwarp_wf.prepare_epi_matching_wf.merge" in "/projects/adapt_lab/shared/TPOT/bids_data/derivatives/working_bids_fmripreprest_test/fmriprep_wf/single_subject_TPOT011_wf/func_preproc_ses_1_task_affect_acq_2_wf/sdc_wf/pepolar_unwarp_wf/prepare_epi_matching_wf/merge".
190801-21:50:39,911 nipype.workflow INFO:
	 [Node] Finished "fmriprep_wf.single_subject_TPOT011_wf.func_preproc_ses_1_task_affect_acq_1_run_02_wf.bold_reference_wf.validate".
190801-21:50:39,927 nipype.workflow INFO:
	 [Node] Running "merge" ("niworkflows.interfaces.freesurfer.StructuralReference"), a CommandLine Interface with command:
echo Only one time point!
190801-21:50:40,208 nipype.workflow INFO:
	 [Node] Finished "fmriprep_wf.single_subject_TPOT011_wf.func_preproc_ses_1_task_affect_acq_2_wf.sdc_wf.pepolar_unwarp_wf.prepare_epi_matching_wf.merge".
190801-21:50:42,60 nipype.workflow INFO:
	 [Node] Setting-up "fmriprep_wf.single_subject_TPOT011_wf.func_preproc_ses_1_task_affect_acq_1_run_01_wf.sdc_wf.pepolar_unwarp_wf.prepare_epi_opposite_wf.merge" in "/projects/adapt_lab/shared/TPOT/bids_data/derivatives/working_bids_fmripreprest_test/fmriprep_wf/single_subject_TPOT011_wf/func_preproc_ses_1_task_affect_acq_1_run_01_wf/sdc_wf/pepolar_unwarp_wf/prepare_epi_opposite_wf/merge".
190801-21:50:42,73 nipype.workflow INFO:
	 [Node] Setting-up "fmriprep_wf.single_subject_TPOT011_wf.func_preproc_ses_1_task_affect_acq_1_run_01_wf.sdc_wf.pepolar_unwarp_wf.prepare_epi_matching_wf.merge" in "/projects/adapt_lab/shared/TPOT/bids_data/derivatives/working_bids_fmripreprest_test/fmriprep_wf/single_subject_TPOT011_wf/func_preproc_ses_1_task_affect_acq_1_run_01_wf/sdc_wf/pepolar_unwarp_wf/prepare_epi_matching_wf/merge".
190801-21:50:42,118 nipype.workflow INFO:
	 [Node] Running "merge" ("niworkflows.interfaces.freesurfer.StructuralReference"), a CommandLine Interface with command:
echo Only one time point!
190801-21:50:42,131 nipype.workflow INFO:
	 [Node] Running "merge" ("niworkflows.interfaces.freesurfer.StructuralReference"), a CommandLine Interface with command:
echo Only one time point!
190801-21:50:42,266 nipype.workflow INFO:
	 [Node] Setting-up "fmriprep_wf.single_subject_TPOT011_wf.func_preproc_ses_1_task_affect_acq_2_wf.bold_reference_wf.gen_ref" in "/projects/adapt_lab/shared/TPOT/bids_data/derivatives/working_bids_fmripreprest_test/fmriprep_wf/single_subject_TPOT011_wf/func_preproc_ses_1_task_affect_acq_2_wf/bold_reference_wf/gen_ref".
190801-21:50:42,283 nipype.workflow INFO:
	 [Node] Running "gen_ref" ("niworkflows.interfaces.registration.EstimateReferenceImage")
190801-21:50:42,284 nipype.workflow INFO:
	 [Node] Setting-up "fmriprep_wf.single_subject_TPOT011_wf.func_preproc_ses_1_task_rest_run_02_wf.func_derivatives_wf.raw_sources" in "/projects/adapt_lab/shared/TPOT/bids_data/derivatives/working_bids_fmripreprest_test/fmriprep_wf/single_subject_TPOT011_wf/func_preproc_ses_1_task_rest_run_02_wf/func_derivatives_wf/raw_sources".
190801-21:50:42,284 nipype.workflow INFO:
	 [Node] Setting-up "fmriprep_wf.single_subject_TPOT011_wf.func_preproc_ses_1_task_rest_run_01_wf.bold_reference_wf.validate" in "/projects/adapt_lab/shared/TPOT/bids_data/derivatives/working_bids_fmripreprest_test/fmriprep_wf/single_subject_TPOT011_wf/func_preproc_ses_1_task_rest_run_01_wf/bold_reference_wf/validate".
190801-21:50:42,291 nipype.workflow INFO:
	 [Node] Running "raw_sources" ("nipype.interfaces.utility.wrappers.Function")
190801-21:50:42,296 nipype.workflow INFO:
	 [Node] Running "validate" ("niworkflows.interfaces.images.ValidateImage")
190801-21:50:42,300 nipype.workflow INFO:
	 [Node] Finished "fmriprep_wf.single_subject_TPOT011_wf.func_preproc_ses_1_task_rest_run_02_wf.func_derivatives_wf.raw_sources".
190801-21:50:42,333 nipype.workflow INFO:
	 [Node] Finished "fmriprep_wf.single_subject_TPOT011_wf.func_preproc_ses_1_task_rest_run_01_wf.bold_reference_wf.validate".
190801-21:50:42,351 nipype.workflow INFO:
	 [Node] Finished "fmriprep_wf.single_subject_TPOT011_wf.func_preproc_ses_1_task_affect_acq_1_run_01_wf.sdc_wf.pepolar_unwarp_wf.prepare_epi_opposite_wf.merge".
190801-21:50:42,358 nipype.workflow INFO:
	 [Node] Finished "fmriprep_wf.single_subject_TPOT011_wf.func_preproc_ses_1_task_affect_acq_1_run_01_wf.sdc_wf.pepolar_unwarp_wf.prepare_epi_matching_wf.merge".
190801-21:50:42,588 nipype.workflow INFO:
	 [Node] Setting-up "fmriprep_wf.single_subject_TPOT011_wf.func_preproc_ses_1_task_affect_acq_2_wf.sdc_wf.pepolar_unwarp_wf.prepare_epi_opposite_wf.merge" in "/projects/adapt_lab/shared/TPOT/bids_data/derivatives/working_bids_fmripreprest_test/fmriprep_wf/single_subject_TPOT011_wf/func_preproc_ses_1_task_affect_acq_2_wf/sdc_wf/pepolar_unwarp_wf/prepare_epi_opposite_wf/merge".
190801-21:50:42,642 nipype.workflow INFO:
	 [Node] Running "merge" ("niworkflows.interfaces.freesurfer.StructuralReference"), a CommandLine Interface with command:
echo Only one time point!
190801-21:50:42,702 nipype.workflow INFO:
	 [Node] Setting-up "fmriprep_wf.single_subject_TPOT011_wf.func_preproc_ses_1_task_affect_acq_1_run_01_wf.bold_reference_wf.gen_ref" in "/projects/adapt_lab/shared/TPOT/bids_data/derivatives/working_bids_fmripreprest_test/fmriprep_wf/single_subject_TPOT011_wf/func_preproc_ses_1_task_affect_acq_1_run_01_wf/bold_reference_wf/gen_ref".
190801-21:50:42,718 nipype.workflow INFO:
	 [Node] Running "gen_ref" ("niworkflows.interfaces.registration.EstimateReferenceImage")
190801-21:50:42,780 nipype.workflow INFO:
	 [Node] Setting-up "fmriprep_wf.single_subject_TPOT011_wf.func_preproc_ses_1_task_affect_acq_1_run_02_wf.sdc_wf.pepolar_unwarp_wf.prepare_epi_opposite_wf.merge" in "/projects/adapt_lab/shared/TPOT/bids_data/derivatives/working_bids_fmripreprest_test/fmriprep_wf/single_subject_TPOT011_wf/func_preproc_ses_1_task_affect_acq_1_run_02_wf/sdc_wf/pepolar_unwarp_wf/prepare_epi_opposite_wf/merge".
190801-21:50:42,818 nipype.workflow INFO:
	 [Node] Running "merge" ("niworkflows.interfaces.freesurfer.StructuralReference"), a CommandLine Interface with command:
echo Only one time point!
190801-21:50:42,848 nipype.workflow INFO:
	 [Node] Finished "fmriprep_wf.single_subject_TPOT011_wf.func_preproc_ses_1_task_affect_acq_2_wf.sdc_wf.pepolar_unwarp_wf.prepare_epi_opposite_wf.merge".
190801-21:50:42,963 nipype.workflow INFO:
	 [Node] Finished "fmriprep_wf.single_subject_TPOT011_wf.func_preproc_ses_1_task_affect_acq_1_run_02_wf.sdc_wf.pepolar_unwarp_wf.prepare_epi_opposite_wf.merge".
190801-21:50:42,963 nipype.workflow INFO:
	 [Node] Setting-up "fmriprep_wf.single_subject_TPOT011_wf.func_preproc_ses_1_task_affect_acq_1_run_02_wf.sdc_wf.pepolar_unwarp_wf.prepare_epi_matching_wf.merge" in "/projects/adapt_lab/shared/TPOT/bids_data/derivatives/working_bids_fmripreprest_test/fmriprep_wf/single_subject_TPOT011_wf/func_preproc_ses_1_task_affect_acq_1_run_02_wf/sdc_wf/pepolar_unwarp_wf/prepare_epi_matching_wf/merge".
190801-21:50:43,13 nipype.workflow INFO:
	 [Node] Running "merge" ("niworkflows.interfaces.freesurfer.StructuralReference"), a CommandLine Interface with command:
echo Only one time point!
190801-21:50:43,257 nipype.workflow INFO:
	 [Node] Finished "fmriprep_wf.single_subject_TPOT011_wf.func_preproc_ses_1_task_affect_acq_1_run_02_wf.sdc_wf.pepolar_unwarp_wf.prepare_epi_matching_wf.merge".
190801-21:50:43,620 nipype.interface INFO:
	 stderr 2019-08-01T21:50:43.620054:++ 3dvolreg: AFNI version=Debian-16.2.07~dfsg.1-5~nd16.04+1 (Jun 12 2017) [64-bit]
190801-21:50:43,620 nipype.interface INFO:
	 stderr 2019-08-01T21:50:43.620054:++ Authored by: RW Cox
190801-21:50:43,656 nipype.interface INFO:
	 stderr 2019-08-01T21:50:43.656812:[7m*+ WARNING:[0m   If you are performing spatial transformations on an oblique dset, 
190801-21:50:43,657 nipype.interface INFO:
	 stderr 2019-08-01T21:50:43.656812:  such as /projects/adapt_lab/shared/TPOT/bids_data/sub-TPOT011/ses-1/func/sub-TPOT011_ses-1_task-affect_acq-1_run-01_bold.nii.gz,
190801-21:50:43,657 nipype.interface INFO:
	 stderr 2019-08-01T21:50:43.656812:  or viewing/combining it with volumes of differing obliquity,
190801-21:50:43,657 nipype.interface INFO:
	 stderr 2019-08-01T21:50:43.656812:  you should consider running: 
190801-21:50:43,657 nipype.interface INFO:
	 stderr 2019-08-01T21:50:43.656812:     3dWarp -deoblique 
190801-21:50:43,657 nipype.interface INFO:
	 stderr 2019-08-01T21:50:43.656812:  on this and  other oblique datasets in the same session.
190801-21:50:43,657 nipype.interface INFO:
	 stderr 2019-08-01T21:50:43.656812: See 3dWarp -help for details.
190801-21:50:43,657 nipype.interface INFO:
	 stderr 2019-08-01T21:50:43.656812:++ Oblique dataset:/projects/adapt_lab/shared/TPOT/bids_data/sub-TPOT011/ses-1/func/sub-TPOT011_ses-1_task-affect_acq-1_run-01_bold.nii.gz is 8.553293 degrees from plumb.
190801-21:50:43,659 nipype.interface INFO:
	 stderr 2019-08-01T21:50:43.659430:++ Coarse del was 10, replaced with 7
190801-21:50:43,830 nipype.workflow INFO:
	 [Node] Setting-up "fmriprep_wf.single_subject_TPOT011_wf.func_preproc_ses_1_task_rest_run_01_wf.bold_reference_wf.gen_ref" in "/projects/adapt_lab/shared/TPOT/bids_data/derivatives/working_bids_fmripreprest_test/fmriprep_wf/single_subject_TPOT011_wf/func_preproc_ses_1_task_rest_run_01_wf/bold_reference_wf/gen_ref".
190801-21:50:43,834 nipype.workflow INFO:
	 [Node] Setting-up "fmriprep_wf.single_subject_TPOT011_wf.func_preproc_ses_1_task_rest_run_02_wf.sdc_wf.pepolar_unwarp_wf.prepare_epi_opposite_wf.split" in "/projects/adapt_lab/shared/TPOT/bids_data/derivatives/working_bids_fmripreprest_test/fmriprep_wf/single_subject_TPOT011_wf/func_preproc_ses_1_task_rest_run_02_wf/sdc_wf/pepolar_unwarp_wf/prepare_epi_opposite_wf/split".
190801-21:50:43,835 nipype.workflow INFO:
	 [Node] Setting-up "fmriprep_wf.single_subject_TPOT011_wf.func_preproc_ses_1_task_rest_run_02_wf.sdc_wf.pepolar_unwarp_wf.prepare_epi_matching_wf.split" in "/projects/adapt_lab/shared/TPOT/bids_data/derivatives/working_bids_fmripreprest_test/fmriprep_wf/single_subject_TPOT011_wf/func_preproc_ses_1_task_rest_run_02_wf/sdc_wf/pepolar_unwarp_wf/prepare_epi_matching_wf/split".
190801-21:50:43,846 nipype.workflow INFO:
	 [Node] Setting-up "fmriprep_wf.single_subject_TPOT011_wf.func_preproc_ses_1_task_rest_run_02_wf.bold_reference_wf.validate" in "/projects/adapt_lab/shared/TPOT/bids_data/derivatives/working_bids_fmripreprest_test/fmriprep_wf/single_subject_TPOT011_wf/func_preproc_ses_1_task_rest_run_02_wf/bold_reference_wf/validate".
190801-21:50:43,846 nipype.workflow INFO:
	 [Node] Running "gen_ref" ("niworkflows.interfaces.registration.EstimateReferenceImage")
190801-21:50:43,850 nipype.workflow INFO:
	 [Node] Setting-up "_split0" in "/projects/adapt_lab/shared/TPOT/bids_data/derivatives/working_bids_fmripreprest_test/fmriprep_wf/single_subject_TPOT011_wf/func_preproc_ses_1_task_rest_run_02_wf/sdc_wf/pepolar_unwarp_wf/prepare_epi_opposite_wf/split/mapflow/_split0".
190801-21:50:43,850 nipype.workflow INFO:
	 [Node] Setting-up "_split0" in "/projects/adapt_lab/shared/TPOT/bids_data/derivatives/working_bids_fmripreprest_test/fmriprep_wf/single_subject_TPOT011_wf/func_preproc_ses_1_task_rest_run_02_wf/sdc_wf/pepolar_unwarp_wf/prepare_epi_matching_wf/split/mapflow/_split0".
190801-21:50:43,860 nipype.workflow INFO:
	 [Node] Running "validate" ("niworkflows.interfaces.images.ValidateImage")
190801-21:50:43,865 nipype.workflow INFO:
	 [Node] Running "_split0" ("nipype.interfaces.fsl.utils.Split"), a CommandLine Interface with command:
fslsplit /projects/adapt_lab/shared/TPOT/bids_data/sub-TPOT011/ses-1/fmap/sub-TPOT011_ses-1_dir-pa_epi.nii.gz -t
190801-21:50:43,865 nipype.workflow INFO:
	 [Node] Running "_split0" ("nipype.interfaces.fsl.utils.Split"), a CommandLine Interface with command:
fslsplit /projects/adapt_lab/shared/TPOT/bids_data/sub-TPOT011/ses-1/fmap/sub-TPOT011_ses-1_dir-ap_epi.nii.gz -t
190801-21:50:43,916 nipype.workflow INFO:
	 [Node] Finished "fmriprep_wf.single_subject_TPOT011_wf.func_preproc_ses_1_task_rest_run_02_wf.bold_reference_wf.validate".
190801-21:50:44,327 nipype.workflow INFO:
	 [Node] Finished "_split0".
190801-21:50:44,329 nipype.workflow INFO:
	 [Node] Finished "_split0".
190801-21:50:44,342 nipype.workflow INFO:
	 [Node] Finished "fmriprep_wf.single_subject_TPOT011_wf.func_preproc_ses_1_task_rest_run_02_wf.sdc_wf.pepolar_unwarp_wf.prepare_epi_matching_wf.split".
190801-21:50:44,343 nipype.workflow INFO:
	 [Node] Finished "fmriprep_wf.single_subject_TPOT011_wf.func_preproc_ses_1_task_rest_run_02_wf.sdc_wf.pepolar_unwarp_wf.prepare_epi_opposite_wf.split".
190801-21:50:44,968 nipype.workflow INFO:
	 [Node] Setting-up "fmriprep_wf.single_subject_TPOT011_wf.func_preproc_ses_1_task_affect_acq_1_run_02_wf.bold_reference_wf.gen_ref" in "/projects/adapt_lab/shared/TPOT/bids_data/derivatives/working_bids_fmripreprest_test/fmriprep_wf/single_subject_TPOT011_wf/func_preproc_ses_1_task_affect_acq_1_run_02_wf/bold_reference_wf/gen_ref".
190801-21:50:44,973 nipype.workflow INFO:
	 [Node] Running "gen_ref" ("niworkflows.interfaces.registration.EstimateReferenceImage")
190801-21:50:45,121 nipype.workflow INFO:
	 [Node] Finished "fmriprep_wf.single_subject_TPOT011_wf.func_preproc_ses_1_task_rest_run_01_wf.bold_reference_wf.gen_ref".
190801-21:50:45,178 nipype.workflow INFO:
	 [Node] Setting-up "fmriprep_wf.single_subject_TPOT011_wf.func_preproc_ses_1_task_rest_run_01_wf.sdc_wf.pepolar_unwarp_wf.prepare_epi_opposite_wf.merge" in "/projects/adapt_lab/shared/TPOT/bids_data/derivatives/working_bids_fmripreprest_test/fmriprep_wf/single_subject_TPOT011_wf/func_preproc_ses_1_task_rest_run_01_wf/sdc_wf/pepolar_unwarp_wf/prepare_epi_opposite_wf/merge".
190801-21:50:45,243 nipype.workflow INFO:
	 [Node] Running "merge" ("niworkflows.interfaces.freesurfer.StructuralReference"), a CommandLine Interface with command:
echo Only one time point!
190801-21:50:45,341 nipype.workflow INFO:
	 [Node] Setting-up "fmriprep_wf.single_subject_TPOT011_wf.func_preproc_ses_1_task_rest_run_02_wf.sdc_wf.pepolar_unwarp_wf.prepare_epi_opposite_wf.merge" in "/projects/adapt_lab/shared/TPOT/bids_data/derivatives/working_bids_fmripreprest_test/fmriprep_wf/single_subject_TPOT011_wf/func_preproc_ses_1_task_rest_run_02_wf/sdc_wf/pepolar_unwarp_wf/prepare_epi_opposite_wf/merge".
190801-21:50:45,344 nipype.workflow INFO:
	 [Node] Setting-up "fmriprep_wf.single_subject_TPOT011_wf.func_preproc_ses_1_task_rest_run_02_wf.sdc_wf.pepolar_unwarp_wf.prepare_epi_matching_wf.merge" in "/projects/adapt_lab/shared/TPOT/bids_data/derivatives/working_bids_fmripreprest_test/fmriprep_wf/single_subject_TPOT011_wf/func_preproc_ses_1_task_rest_run_02_wf/sdc_wf/pepolar_unwarp_wf/prepare_epi_matching_wf/merge".
190801-21:50:45,400 nipype.workflow INFO:
	 [Node] Running "merge" ("niworkflows.interfaces.freesurfer.StructuralReference"), a CommandLine Interface with command:
echo Only one time point!
190801-21:50:45,401 nipype.workflow INFO:
	 [Node] Running "merge" ("niworkflows.interfaces.freesurfer.StructuralReference"), a CommandLine Interface with command:
echo Only one time point!
190801-21:50:45,507 nipype.workflow INFO:
	 [Node] Finished "fmriprep_wf.single_subject_TPOT011_wf.func_preproc_ses_1_task_rest_run_01_wf.sdc_wf.pepolar_unwarp_wf.prepare_epi_opposite_wf.merge".
190801-21:50:45,623 nipype.workflow INFO:
	 [Node] Finished "fmriprep_wf.single_subject_TPOT011_wf.func_preproc_ses_1_task_rest_run_02_wf.sdc_wf.pepolar_unwarp_wf.prepare_epi_opposite_wf.merge".
190801-21:50:45,628 nipype.interface INFO:
	 stderr 2019-08-01T21:50:45.628315:++ 3dvolreg: AFNI version=Debian-16.2.07~dfsg.1-5~nd16.04+1 (Jun 12 2017) [64-bit]
190801-21:50:45,628 nipype.interface INFO:
	 stderr 2019-08-01T21:50:45.628315:++ Authored by: RW Cox
190801-21:50:45,629 nipype.interface INFO:
	 stderr 2019-08-01T21:50:45.629665:[7m*+ WARNING:[0m   If you are performing spatial transformations on an oblique dset, 
190801-21:50:45,629 nipype.interface INFO:
	 stderr 2019-08-01T21:50:45.629665:  such as /projects/adapt_lab/shared/TPOT/bids_data/derivatives/working_bids_fmripreprest_test/fmriprep_wf/single_subject_TPOT011_wf/func_preproc_ses_1_task_affect_acq_2_wf/bold_reference_wf/gen_ref/slice.nii.gz,
190801-21:50:45,629 nipype.interface INFO:
	 stderr 2019-08-01T21:50:45.629665:  or viewing/combining it with volumes of differing obliquity,
190801-21:50:45,629 nipype.interface INFO:
	 stderr 2019-08-01T21:50:45.629665:  you should consider running: 
190801-21:50:45,629 nipype.interface INFO:
	 stderr 2019-08-01T21:50:45.629665:     3dWarp -deoblique 
190801-21:50:45,630 nipype.interface INFO:
	 stderr 2019-08-01T21:50:45.629665:  on this and  other oblique datasets in the same session.
190801-21:50:45,630 nipype.interface INFO:
	 stderr 2019-08-01T21:50:45.629665: See 3dWarp -help for details.
190801-21:50:45,630 nipype.interface INFO:
	 stderr 2019-08-01T21:50:45.629665:++ Oblique dataset:/projects/adapt_lab/shared/TPOT/bids_data/derivatives/working_bids_fmripreprest_test/fmriprep_wf/single_subject_TPOT011_wf/func_preproc_ses_1_task_affect_acq_2_wf/bold_reference_wf/gen_ref/slice.nii.gz is 8.553293 degrees from plumb.
190801-21:50:45,630 nipype.interface INFO:
	 stderr 2019-08-01T21:50:45.630186:++ Coarse del was 10, replaced with 7
190801-21:50:45,653 nipype.workflow INFO:
	 [Node] Finished "fmriprep_wf.single_subject_TPOT011_wf.func_preproc_ses_1_task_rest_run_02_wf.sdc_wf.pepolar_unwarp_wf.prepare_epi_matching_wf.merge".
190801-21:50:45,811 nipype.workflow INFO:
	 [Node] Setting-up "fmriprep_wf.single_subject_TPOT011_wf.func_preproc_ses_1_task_rest_run_02_wf.bold_reference_wf.gen_ref" in "/projects/adapt_lab/shared/TPOT/bids_data/derivatives/working_bids_fmripreprest_test/fmriprep_wf/single_subject_TPOT011_wf/func_preproc_ses_1_task_rest_run_02_wf/bold_reference_wf/gen_ref".
190801-21:50:45,814 nipype.workflow INFO:
	 [Node] Setting-up "fmriprep_wf.single_subject_TPOT011_wf.func_preproc_ses_1_task_video_run_01_wf.func_derivatives_wf.raw_sources" in "/projects/adapt_lab/shared/TPOT/bids_data/derivatives/working_bids_fmripreprest_test/fmriprep_wf/single_subject_TPOT011_wf/func_preproc_ses_1_task_video_run_01_wf/func_derivatives_wf/raw_sources".
190801-21:50:45,817 nipype.workflow INFO:
	 [Node] Setting-up "fmriprep_wf.single_subject_TPOT011_wf.func_preproc_ses_1_task_video_run_01_wf.sdc_wf.pepolar_unwarp_wf.prepare_epi_opposite_wf.split" in "/projects/adapt_lab/shared/TPOT/bids_data/derivatives/working_bids_fmripreprest_test/fmriprep_wf/single_subject_TPOT011_wf/func_preproc_ses_1_task_video_run_01_wf/sdc_wf/pepolar_unwarp_wf/prepare_epi_opposite_wf/split".
190801-21:50:45,819 nipype.workflow INFO:
	 [Node] Running "gen_ref" ("niworkflows.interfaces.registration.EstimateReferenceImage")
190801-21:50:45,820 nipype.workflow INFO:
	 [Node] Setting-up "fmriprep_wf.single_subject_TPOT011_wf.func_preproc_ses_1_task_video_run_01_wf.sdc_wf.pepolar_unwarp_wf.prepare_epi_matching_wf.split" in "/projects/adapt_lab/shared/TPOT/bids_data/derivatives/working_bids_fmripreprest_test/fmriprep_wf/single_subject_TPOT011_wf/func_preproc_ses_1_task_video_run_01_wf/sdc_wf/pepolar_unwarp_wf/prepare_epi_matching_wf/split".
190801-21:50:45,827 nipype.workflow INFO:
	 [Node] Running "raw_sources" ("nipype.interfaces.utility.wrappers.Function")
190801-21:50:45,838 nipype.workflow INFO:
	 [Node] Setting-up "_split0" in "/projects/adapt_lab/shared/TPOT/bids_data/derivatives/working_bids_fmripreprest_test/fmriprep_wf/single_subject_TPOT011_wf/func_preproc_ses_1_task_video_run_01_wf/sdc_wf/pepolar_unwarp_wf/prepare_epi_opposite_wf/split/mapflow/_split0".
190801-21:50:45,838 nipype.workflow INFO:
	 [Node] Setting-up "_split0" in "/projects/adapt_lab/shared/TPOT/bids_data/derivatives/working_bids_fmripreprest_test/fmriprep_wf/single_subject_TPOT011_wf/func_preproc_ses_1_task_video_run_01_wf/sdc_wf/pepolar_unwarp_wf/prepare_epi_matching_wf/split/mapflow/_split0".
190801-21:50:45,838 nipype.workflow INFO:
	 [Node] Finished "fmriprep_wf.single_subject_TPOT011_wf.func_preproc_ses_1_task_video_run_01_wf.func_derivatives_wf.raw_sources".
190801-21:50:45,853 nipype.workflow INFO:
	 [Node] Running "_split0" ("nipype.interfaces.fsl.utils.Split"), a CommandLine Interface with command:
fslsplit /projects/adapt_lab/shared/TPOT/bids_data/sub-TPOT011/ses-1/fmap/sub-TPOT011_ses-1_dir-pa_epi.nii.gz -t
190801-21:50:45,854 nipype.workflow INFO:
	 [Node] Running "_split0" ("nipype.interfaces.fsl.utils.Split"), a CommandLine Interface with command:
fslsplit /projects/adapt_lab/shared/TPOT/bids_data/sub-TPOT011/ses-1/fmap/sub-TPOT011_ses-1_dir-ap_epi.nii.gz -t
190801-21:50:46,206 nipype.workflow INFO:
	 [Node] Setting-up "fmriprep_wf.single_subject_TPOT011_wf.func_preproc_ses_1_task_rest_run_01_wf.sdc_wf.pepolar_unwarp_wf.prepare_epi_matching_wf.merge" in "/projects/adapt_lab/shared/TPOT/bids_data/derivatives/working_bids_fmripreprest_test/fmriprep_wf/single_subject_TPOT011_wf/func_preproc_ses_1_task_rest_run_01_wf/sdc_wf/pepolar_unwarp_wf/prepare_epi_matching_wf/merge".
190801-21:50:46,268 nipype.workflow INFO:
	 [Node] Running "merge" ("niworkflows.interfaces.freesurfer.StructuralReference"), a CommandLine Interface with command:
echo Only one time point!
190801-21:50:46,300 nipype.workflow INFO:
	 [Node] Finished "_split0".
190801-21:50:46,306 nipype.workflow INFO:
	 [Node] Finished "fmriprep_wf.single_subject_TPOT011_wf.func_preproc_ses_1_task_video_run_01_wf.sdc_wf.pepolar_unwarp_wf.prepare_epi_opposite_wf.split".
190801-21:50:46,322 nipype.workflow INFO:
	 [Node] Finished "_split0".
190801-21:50:46,328 nipype.workflow INFO:
	 [Node] Finished "fmriprep_wf.single_subject_TPOT011_wf.func_preproc_ses_1_task_video_run_01_wf.sdc_wf.pepolar_unwarp_wf.prepare_epi_matching_wf.split".
190801-21:50:46,548 nipype.workflow INFO:
	 [Node] Finished "fmriprep_wf.single_subject_TPOT011_wf.func_preproc_ses_1_task_rest_run_01_wf.sdc_wf.pepolar_unwarp_wf.prepare_epi_matching_wf.merge".
190801-21:50:47,280 nipype.workflow INFO:
	 [Node] Finished "fmriprep_wf.single_subject_TPOT011_wf.func_preproc_ses_1_task_rest_run_02_wf.bold_reference_wf.gen_ref".
190801-21:50:47,446 nipype.workflow INFO:
	 [Node] Setting-up "fmriprep_wf.single_subject_TPOT011_wf.func_preproc_ses_1_task_affect_acq_1_run_01_wf.sdc_wf.pepolar_unwarp_wf.prepare_epi_opposite_wf.enhance_and_skullstrip_bold_wf.init_aff" in "/projects/adapt_lab/shared/TPOT/bids_data/derivatives/working_bids_fmripreprest_test/fmriprep_wf/single_subject_TPOT011_wf/func_preproc_ses_1_task_affect_acq_1_run_01_wf/sdc_wf/pepolar_unwarp_wf/prepare_epi_opposite_wf/enhance_and_skullstrip_bold_wf/init_aff".
190801-21:50:47,467 nipype.workflow INFO:
	 [Node] Running "init_aff" ("niworkflows.interfaces.ants.AI"), a CommandLine Interface with command:
antsAI -c [10,0.000001,10] -d 3 -x /home/fmriprep/.cache/templateflow/tpl-MNI152NLin2009cAsym/tpl-MNI152NLin2009cAsym_res-02_desc-brain_mask.nii.gz -m Mattes[/home/fmriprep/.cache/templateflow/tpl-MNI152NLin2009cAsym/tpl-MNI152NLin2009cAsym_res-02_desc-fMRIPrep_boldref.nii.gz,/projects/adapt_lab/shared/TPOT/bids_data/derivatives/working_bids_fmripreprest_test/fmriprep_wf/single_subject_TPOT011_wf/func_preproc_ses_1_task_affect_acq_1_run_01_wf/sdc_wf/pepolar_unwarp_wf/prepare_epi_opposite_wf/split/mapflow/_split0/vol0000.nii.gz,32,Regular,0.200000] -o initialization.mat -p 0 -s [20.000000,0.120000] -t Affine[0.100000] -v 1
190801-21:50:47,585 nipype.interface INFO:
	 stderr 2019-08-01T21:50:47.585231:++ 3dvolreg: AFNI version=Debian-16.2.07~dfsg.1-5~nd16.04+1 (Jun 12 2017) [64-bit]
190801-21:50:47,586 nipype.interface INFO:
	 stderr 2019-08-01T21:50:47.585231:++ Authored by: RW Cox
190801-21:50:47,586 nipype.interface INFO:
	 stderr 2019-08-01T21:50:47.586335:[7m*+ WARNING:[0m   If you are performing spatial transformations on an oblique dset, 
190801-21:50:47,586 nipype.interface INFO:
	 stderr 2019-08-01T21:50:47.586335:  such as /projects/adapt_lab/shared/TPOT/bids_data/derivatives/working_bids_fmripreprest_test/fmriprep_wf/single_subject_TPOT011_wf/func_preproc_ses_1_task_affect_acq_1_run_02_wf/bold_reference_wf/gen_ref/slice.nii.gz,
190801-21:50:47,586 nipype.interface INFO:
	 stderr 2019-08-01T21:50:47.586335:  or viewing/combining it with volumes of differing obliquity,
190801-21:50:47,586 nipype.interface INFO:
	 stderr 2019-08-01T21:50:47.586335:  you should consider running: 
190801-21:50:47,586 nipype.interface INFO:
	 stderr 2019-08-01T21:50:47.586335:     3dWarp -deoblique 
190801-21:50:47,586 nipype.interface INFO:
	 stderr 2019-08-01T21:50:47.586335:  on this and  other oblique datasets in the same session.
190801-21:50:47,587 nipype.interface INFO:
	 stderr 2019-08-01T21:50:47.586335: See 3dWarp -help for details.
190801-21:50:47,587 nipype.interface INFO:
	 stderr 2019-08-01T21:50:47.586335:++ Oblique dataset:/projects/adapt_lab/shared/TPOT/bids_data/derivatives/working_bids_fmripreprest_test/fmriprep_wf/single_subject_TPOT011_wf/func_preproc_ses_1_task_affect_acq_1_run_02_wf/bold_reference_wf/gen_ref/slice.nii.gz is 8.553293 degrees from plumb.
190801-21:50:47,587 nipype.interface INFO:
	 stderr 2019-08-01T21:50:47.587257:++ Coarse del was 10, replaced with 7
190801-21:50:49,320 nipype.workflow INFO:
	 [Node] Setting-up "fmriprep_wf.single_subject_TPOT011_wf.func_preproc_ses_1_task_rest_run_01_wf.bold_hmc_wf.mcflirt" in "/projects/adapt_lab/shared/TPOT/bids_data/derivatives/working_bids_fmripreprest_test/fmriprep_wf/single_subject_TPOT011_wf/func_preproc_ses_1_task_rest_run_01_wf/bold_hmc_wf/mcflirt".
190801-21:50:49,336 nipype.workflow INFO:
	 [Node] Running "mcflirt" ("nipype.interfaces.fsl.preprocess.MCFLIRT"), a CommandLine Interface with command:
mcflirt -in /projects/adapt_lab/shared/TPOT/bids_data/sub-TPOT011/ses-1/func/sub-TPOT011_ses-1_task-rest_run-01_bold.nii.gz -out /projects/adapt_lab/shared/TPOT/bids_data/derivatives/working_bids_fmripreprest_test/fmriprep_wf/single_subject_TPOT011_wf/func_preproc_ses_1_task_rest_run_01_wf/bold_hmc_wf/mcflirt/sub-TPOT011_ses-1_task-rest_run-01_bold_mcf.nii.gz -reffile /projects/adapt_lab/shared/TPOT/bids_data/derivatives/working_bids_fmripreprest_test/fmriprep_wf/single_subject_TPOT011_wf/func_preproc_ses_1_task_rest_run_01_wf/bold_reference_wf/gen_ref/ref_bold.nii.gz -mats -plots
190801-21:50:54,126 nipype.workflow INFO:
	 [Node] Finished "fmriprep_wf.single_subject_TPOT011_wf.func_preproc_ses_1_task_affect_acq_1_run_01_wf.sdc_wf.pepolar_unwarp_wf.prepare_epi_opposite_wf.enhance_and_skullstrip_bold_wf.init_aff".
190801-21:50:55,351 nipype.workflow INFO:
	 [Node] Setting-up "fmriprep_wf.single_subject_TPOT011_wf.func_preproc_ses_1_task_affect_acq_1_run_01_wf.sdc_wf.pepolar_unwarp_wf.prepare_epi_opposite_wf.enhance_and_skullstrip_bold_wf.norm" in "/projects/adapt_lab/shared/TPOT/bids_data/derivatives/working_bids_fmripreprest_test/fmriprep_wf/single_subject_TPOT011_wf/func_preproc_ses_1_task_affect_acq_1_run_01_wf/sdc_wf/pepolar_unwarp_wf/prepare_epi_opposite_wf/enhance_and_skullstrip_bold_wf/norm".
190801-21:50:55,365 nipype.workflow INFO:
	 [Node] Running "norm" ("niworkflows.interfaces.fixes.FixHeaderRegistration"), a CommandLine Interface with command:
antsRegistration --collapse-output-transforms 1 --dimensionality 3 --float 1 --initial-moving-transform [ /projects/adapt_lab/shared/TPOT/bids_data/derivatives/working_bids_fmripreprest_test/fmriprep_wf/single_subject_TPOT011_wf/func_preproc_ses_1_task_affect_acq_1_run_01_wf/sdc_wf/pepolar_unwarp_wf/prepare_epi_opposite_wf/enhance_and_skullstrip_bold_wf/init_aff/initialization.mat, 0 ] --initialize-transforms-per-stage 0 --interpolation Linear --output transform --transform Affine[ 0.1 ] --metric Mattes[ /home/fmriprep/.cache/templateflow/tpl-MNI152NLin2009cAsym/tpl-MNI152NLin2009cAsym_res-02_desc-fMRIPrep_boldref.nii.gz, /projects/adapt_lab/shared/TPOT/bids_data/derivatives/working_bids_fmripreprest_test/fmriprep_wf/single_subject_TPOT011_wf/func_preproc_ses_1_task_affect_acq_1_run_01_wf/sdc_wf/pepolar_unwarp_wf/prepare_epi_opposite_wf/split/mapflow/_split0/vol0000.nii.gz, 1, 64, Random, 0.2 ] --convergence [ 200, 1e-09, 10 ] --smoothing-sigmas 2.0mm --shrink-factors 2 --use-estimate-learning-rate-once 1 --use-histogram-matching 1 --winsorize-image-intensities [ 0.05, 0.98 ]  --write-composite-transform 0
190801-21:50:57,768 nipype.workflow INFO:
	 [Node] Finished "fmriprep_wf.single_subject_TPOT011_wf.func_preproc_ses_1_task_affect_acq_1_run_01_wf.sdc_wf.pepolar_unwarp_wf.prepare_epi_opposite_wf.enhance_and_skullstrip_bold_wf.norm".
190801-21:50:59,491 nipype.workflow INFO:
	 [Node] Setting-up "fmriprep_wf.single_subject_TPOT011_wf.func_preproc_ses_1_task_affect_acq_1_run_01_wf.sdc_wf.pepolar_unwarp_wf.prepare_epi_opposite_wf.enhance_and_skullstrip_bold_wf.map_brainmask" in "/projects/adapt_lab/shared/TPOT/bids_data/derivatives/working_bids_fmripreprest_test/fmriprep_wf/single_subject_TPOT011_wf/func_preproc_ses_1_task_affect_acq_1_run_01_wf/sdc_wf/pepolar_unwarp_wf/prepare_epi_opposite_wf/enhance_and_skullstrip_bold_wf/map_brainmask".
190801-21:50:59,509 nipype.workflow INFO:
	 [Node] Running "map_brainmask" ("niworkflows.interfaces.fixes.FixHeaderApplyTransforms"), a CommandLine Interface with command:
antsApplyTransforms --default-value 0 --float 1 --input /home/fmriprep/.cache/templateflow/tpl-MNI152NLin2009cAsym/tpl-MNI152NLin2009cAsym_res-02_desc-brain_mask.nii.gz --interpolation MultiLabel --output tpl-MNI152NLin2009cAsym_res-02_desc-brain_mask_trans.nii.gz --reference-image /projects/adapt_lab/shared/TPOT/bids_data/derivatives/working_bids_fmripreprest_test/fmriprep_wf/single_subject_TPOT011_wf/func_preproc_ses_1_task_affect_acq_1_run_01_wf/sdc_wf/pepolar_unwarp_wf/prepare_epi_opposite_wf/split/mapflow/_split0/vol0000.nii.gz --transform [ /projects/adapt_lab/shared/TPOT/bids_data/derivatives/working_bids_fmripreprest_test/fmriprep_wf/single_subject_TPOT011_wf/func_preproc_ses_1_task_affect_acq_1_run_01_wf/sdc_wf/pepolar_unwarp_wf/prepare_epi_opposite_wf/enhance_and_skullstrip_bold_wf/norm/transform0GenericAffine.mat, 1 ]
190801-21:51:00,15 nipype.workflow INFO:
	 [Node] Setting-up "fmriprep_wf.single_subject_TPOT011_wf.func_preproc_ses_1_task_rest_run_02_wf.bold_hmc_wf.mcflirt" in "/projects/adapt_lab/shared/TPOT/bids_data/derivatives/working_bids_fmripreprest_test/fmriprep_wf/single_subject_TPOT011_wf/func_preproc_ses_1_task_rest_run_02_wf/bold_hmc_wf/mcflirt".
190801-21:51:00,27 nipype.workflow INFO:
	 [Node] Running "mcflirt" ("nipype.interfaces.fsl.preprocess.MCFLIRT"), a CommandLine Interface with command:
mcflirt -in /projects/adapt_lab/shared/TPOT/bids_data/sub-TPOT011/ses-1/func/sub-TPOT011_ses-1_task-rest_run-02_bold.nii.gz -out /projects/adapt_lab/shared/TPOT/bids_data/derivatives/working_bids_fmripreprest_test/fmriprep_wf/single_subject_TPOT011_wf/func_preproc_ses_1_task_rest_run_02_wf/bold_hmc_wf/mcflirt/sub-TPOT011_ses-1_task-rest_run-02_bold_mcf.nii.gz -reffile /projects/adapt_lab/shared/TPOT/bids_data/derivatives/working_bids_fmripreprest_test/fmriprep_wf/single_subject_TPOT011_wf/func_preproc_ses_1_task_rest_run_02_wf/bold_reference_wf/gen_ref/ref_bold.nii.gz -mats -plots
190801-21:51:00,534 nipype.workflow INFO:
	 [Node] Setting-up "fmriprep_wf.single_subject_TPOT011_wf.func_preproc_ses_1_task_video_run_01_wf.sdc_wf.pepolar_unwarp_wf.prepare_epi_opposite_wf.merge" in "/projects/adapt_lab/shared/TPOT/bids_data/derivatives/working_bids_fmripreprest_test/fmriprep_wf/single_subject_TPOT011_wf/func_preproc_ses_1_task_video_run_01_wf/sdc_wf/pepolar_unwarp_wf/prepare_epi_opposite_wf/merge".
190801-21:51:00,541 nipype.workflow INFO:
	 [Node] Setting-up "fmriprep_wf.single_subject_TPOT011_wf.func_preproc_ses_1_task_video_run_02_wf.func_derivatives_wf.raw_sources" in "/projects/adapt_lab/shared/TPOT/bids_data/derivatives/working_bids_fmripreprest_test/fmriprep_wf/single_subject_TPOT011_wf/func_preproc_ses_1_task_video_run_02_wf/func_derivatives_wf/raw_sources".
190801-21:51:00,545 nipype.workflow INFO:
	 [Node] Setting-up "fmriprep_wf.single_subject_TPOT011_wf.func_preproc_ses_1_task_video_run_02_wf.sdc_wf.pepolar_unwarp_wf.prepare_epi_opposite_wf.split" in "/projects/adapt_lab/shared/TPOT/bids_data/derivatives/working_bids_fmripreprest_test/fmriprep_wf/single_subject_TPOT011_wf/func_preproc_ses_1_task_video_run_02_wf/sdc_wf/pepolar_unwarp_wf/prepare_epi_opposite_wf/split".
190801-21:51:00,546 nipype.workflow INFO:
	 [Node] Setting-up "fmriprep_wf.single_subject_TPOT011_wf.func_preproc_ses_1_task_video_run_01_wf.bold_reference_wf.validate" in "/projects/adapt_lab/shared/TPOT/bids_data/derivatives/working_bids_fmripreprest_test/fmriprep_wf/single_subject_TPOT011_wf/func_preproc_ses_1_task_video_run_01_wf/bold_reference_wf/validate".
190801-21:51:00,547 nipype.workflow INFO:
	 [Node] Setting-up "fmriprep_wf.single_subject_TPOT011_wf.func_preproc_ses_1_task_video_run_02_wf.sdc_wf.pepolar_unwarp_wf.prepare_epi_matching_wf.split" in "/projects/adapt_lab/shared/TPOT/bids_data/derivatives/working_bids_fmripreprest_test/fmriprep_wf/single_subject_TPOT011_wf/func_preproc_ses_1_task_video_run_02_wf/sdc_wf/pepolar_unwarp_wf/prepare_epi_matching_wf/split".
190801-21:51:00,558 nipype.workflow INFO:
	 [Node] Running "raw_sources" ("nipype.interfaces.utility.wrappers.Function")
190801-21:51:00,562 nipype.workflow INFO:
	 [Node] Running "validate" ("niworkflows.interfaces.images.ValidateImage")
190801-21:51:00,563 nipype.workflow INFO:
	 [Node] Setting-up "_split0" in "/projects/adapt_lab/shared/TPOT/bids_data/derivatives/working_bids_fmripreprest_test/fmriprep_wf/single_subject_TPOT011_wf/func_preproc_ses_1_task_video_run_02_wf/sdc_wf/pepolar_unwarp_wf/prepare_epi_opposite_wf/split/mapflow/_split0".
190801-21:51:00,564 nipype.workflow INFO:
	 [Node] Setting-up "_split0" in "/projects/adapt_lab/shared/TPOT/bids_data/derivatives/working_bids_fmripreprest_test/fmriprep_wf/single_subject_TPOT011_wf/func_preproc_ses_1_task_video_run_02_wf/sdc_wf/pepolar_unwarp_wf/prepare_epi_matching_wf/split/mapflow/_split0".
190801-21:51:00,572 nipype.workflow INFO:
	 [Node] Finished "fmriprep_wf.single_subject_TPOT011_wf.func_preproc_ses_1_task_video_run_02_wf.func_derivatives_wf.raw_sources".
190801-21:51:00,579 nipype.workflow INFO:
	 [Node] Running "_split0" ("nipype.interfaces.fsl.utils.Split"), a CommandLine Interface with command:
fslsplit /projects/adapt_lab/shared/TPOT/bids_data/sub-TPOT011/ses-1/fmap/sub-TPOT011_ses-1_dir-pa_epi.nii.gz -t
190801-21:51:00,580 nipype.workflow INFO:
	 [Node] Running "_split0" ("nipype.interfaces.fsl.utils.Split"), a CommandLine Interface with command:
fslsplit /projects/adapt_lab/shared/TPOT/bids_data/sub-TPOT011/ses-1/fmap/sub-TPOT011_ses-1_dir-ap_epi.nii.gz -t
190801-21:51:00,589 nipype.workflow INFO:
	 [Node] Running "merge" ("niworkflows.interfaces.freesurfer.StructuralReference"), a CommandLine Interface with command:
echo Only one time point!
190801-21:51:00,618 nipype.workflow INFO:
	 [Node] Finished "fmriprep_wf.single_subject_TPOT011_wf.func_preproc_ses_1_task_video_run_01_wf.bold_reference_wf.validate".
190801-21:51:00,744 nipype.workflow INFO:
	 [Node] Finished "fmriprep_wf.single_subject_TPOT011_wf.func_preproc_ses_1_task_video_run_01_wf.sdc_wf.pepolar_unwarp_wf.prepare_epi_opposite_wf.merge".
190801-21:51:00,750 nipype.workflow INFO:
	 [Node] Setting-up "fmriprep_wf.single_subject_TPOT011_wf.func_preproc_ses_1_task_video_run_01_wf.sdc_wf.pepolar_unwarp_wf.prepare_epi_matching_wf.merge" in "/projects/adapt_lab/shared/TPOT/bids_data/derivatives/working_bids_fmripreprest_test/fmriprep_wf/single_subject_TPOT011_wf/func_preproc_ses_1_task_video_run_01_wf/sdc_wf/pepolar_unwarp_wf/prepare_epi_matching_wf/merge".
190801-21:51:00,806 nipype.workflow INFO:
	 [Node] Running "merge" ("niworkflows.interfaces.freesurfer.StructuralReference"), a CommandLine Interface with command:
echo Only one time point!
190801-21:51:00,994 nipype.workflow INFO:
	 [Node] Finished "_split0".
190801-21:51:01,0 nipype.workflow INFO:
	 [Node] Finished "fmriprep_wf.single_subject_TPOT011_wf.func_preproc_ses_1_task_video_run_02_wf.sdc_wf.pepolar_unwarp_wf.prepare_epi_matching_wf.split".
190801-21:51:01,37 nipype.workflow INFO:
	 [Node] Finished "fmriprep_wf.single_subject_TPOT011_wf.func_preproc_ses_1_task_video_run_01_wf.sdc_wf.pepolar_unwarp_wf.prepare_epi_matching_wf.merge".
190801-21:51:01,44 nipype.workflow INFO:
	 [Node] Finished "_split0".
190801-21:51:01,49 nipype.workflow INFO:
	 [Node] Finished "fmriprep_wf.single_subject_TPOT011_wf.func_preproc_ses_1_task_video_run_02_wf.sdc_wf.pepolar_unwarp_wf.prepare_epi_opposite_wf.split".
190801-21:51:01,245 nipype.workflow INFO:
	 [Node] Setting-up "fmriprep_wf.single_subject_TPOT011_wf.func_preproc_ses_1_task_rest_run_01_wf.bold_stc_wf.slice_timing_correction" in "/projects/adapt_lab/shared/TPOT/bids_data/derivatives/working_bids_fmripreprest_test/fmriprep_wf/single_subject_TPOT011_wf/func_preproc_ses_1_task_rest_run_01_wf/bold_stc_wf/slice_timing_correction".
190801-21:51:01,247 nipype.workflow INFO:
	 [Node] Setting-up "fmriprep_wf.single_subject_TPOT011_wf.func_preproc_ses_1_task_rest_run_02_wf.bold_stc_wf.slice_timing_correction" in "/projects/adapt_lab/shared/TPOT/bids_data/derivatives/working_bids_fmripreprest_test/fmriprep_wf/single_subject_TPOT011_wf/func_preproc_ses_1_task_rest_run_02_wf/bold_stc_wf/slice_timing_correction".
190801-21:51:01,268 nipype.workflow INFO:
	 [Node] Running "slice_timing_correction" ("nipype.interfaces.afni.preprocess.TShift"), a CommandLine Interface with command:
3dTshift -ignore 3 -prefix sub-TPOT011_ses-1_task-rest_run-01_bold_tshift.nii.gz -tpattern @slice_timing.1D -TR 0.78s /projects/adapt_lab/shared/TPOT/bids_data/derivatives/working_bids_fmripreprest_test/fmriprep_wf/single_subject_TPOT011_wf/func_preproc_ses_1_task_rest_run_01_wf/bold_stc_wf/slice_timing_correction/sub-TPOT011_ses-1_task-rest_run-01_bold.nii.gz
190801-21:51:01,270 nipype.workflow INFO:
	 [Node] Running "slice_timing_correction" ("nipype.interfaces.afni.preprocess.TShift"), a CommandLine Interface with command:
3dTshift -ignore 2 -prefix sub-TPOT011_ses-1_task-rest_run-02_bold_tshift.nii.gz -tpattern @slice_timing.1D -TR 0.78s /projects/adapt_lab/shared/TPOT/bids_data/derivatives/working_bids_fmripreprest_test/fmriprep_wf/single_subject_TPOT011_wf/func_preproc_ses_1_task_rest_run_02_wf/bold_stc_wf/slice_timing_correction/sub-TPOT011_ses-1_task-rest_run-02_bold.nii.gz
190801-21:51:01,654 nipype.workflow INFO:
	 [Node] Setting-up "fmriprep_wf.single_subject_TPOT011_wf.func_preproc_ses_1_task_video_run_01_wf.bold_reference_wf.gen_ref" in "/projects/adapt_lab/shared/TPOT/bids_data/derivatives/working_bids_fmripreprest_test/fmriprep_wf/single_subject_TPOT011_wf/func_preproc_ses_1_task_video_run_01_wf/bold_reference_wf/gen_ref".
190801-21:51:01,661 nipype.workflow INFO:
	 [Node] Running "gen_ref" ("niworkflows.interfaces.registration.EstimateReferenceImage")
190801-21:51:03,346 nipype.workflow INFO:
	 [Node] Setting-up "fmriprep_wf.single_subject_TPOT011_wf.func_preproc_ses_1_task_video_run_02_wf.sdc_wf.pepolar_unwarp_wf.prepare_epi_opposite_wf.merge" in "/projects/adapt_lab/shared/TPOT/bids_data/derivatives/working_bids_fmripreprest_test/fmriprep_wf/single_subject_TPOT011_wf/func_preproc_ses_1_task_video_run_02_wf/sdc_wf/pepolar_unwarp_wf/prepare_epi_opposite_wf/merge".
190801-21:51:03,349 nipype.workflow INFO:
	 [Node] Setting-up "fmriprep_wf.single_subject_TPOT011_wf.func_preproc_ses_1_task_video_run_02_wf.sdc_wf.pepolar_unwarp_wf.prepare_epi_matching_wf.merge" in "/projects/adapt_lab/shared/TPOT/bids_data/derivatives/working_bids_fmripreprest_test/fmriprep_wf/single_subject_TPOT011_wf/func_preproc_ses_1_task_video_run_02_wf/sdc_wf/pepolar_unwarp_wf/prepare_epi_matching_wf/merge".
190801-21:51:03,350 nipype.workflow INFO:
	 [Node] Setting-up "fmriprep_wf.single_subject_TPOT011_wf.func_preproc_ses_1_task_video_run_02_wf.bold_reference_wf.validate" in "/projects/adapt_lab/shared/TPOT/bids_data/derivatives/working_bids_fmripreprest_test/fmriprep_wf/single_subject_TPOT011_wf/func_preproc_ses_1_task_video_run_02_wf/bold_reference_wf/validate".
190801-21:51:03,365 nipype.workflow INFO:
	 [Node] Running "validate" ("niworkflows.interfaces.images.ValidateImage")
190801-21:51:03,410 nipype.workflow INFO:
	 [Node] Running "merge" ("niworkflows.interfaces.freesurfer.StructuralReference"), a CommandLine Interface with command:
echo Only one time point!
190801-21:51:03,410 nipype.workflow INFO:
	 [Node] Running "merge" ("niworkflows.interfaces.freesurfer.StructuralReference"), a CommandLine Interface with command:
echo Only one time point!
190801-21:51:03,493 nipype.workflow INFO:
	 [Node] Finished "fmriprep_wf.single_subject_TPOT011_wf.func_preproc_ses_1_task_video_run_02_wf.bold_reference_wf.validate".
190801-21:51:03,631 nipype.workflow INFO:
	 [Node] Finished "fmriprep_wf.single_subject_TPOT011_wf.func_preproc_ses_1_task_video_run_02_wf.sdc_wf.pepolar_unwarp_wf.prepare_epi_opposite_wf.merge".
190801-21:51:03,640 nipype.workflow INFO:
	 [Node] Finished "fmriprep_wf.single_subject_TPOT011_wf.func_preproc_ses_1_task_video_run_02_wf.sdc_wf.pepolar_unwarp_wf.prepare_epi_matching_wf.merge".
190801-21:51:04,744 nipype.interface INFO:
	 stderr 2019-08-01T21:51:04.744787:++ 3dvolreg: AFNI version=Debian-16.2.07~dfsg.1-5~nd16.04+1 (Jun 12 2017) [64-bit]
190801-21:51:04,745 nipype.interface INFO:
	 stderr 2019-08-01T21:51:04.744787:++ Authored by: RW Cox
190801-21:51:04,749 nipype.interface INFO:
	 stderr 2019-08-01T21:51:04.749390:[7m*+ WARNING:[0m   If you are performing spatial transformations on an oblique dset, 
190801-21:51:04,749 nipype.interface INFO:
	 stderr 2019-08-01T21:51:04.749390:  such as /projects/adapt_lab/shared/TPOT/bids_data/derivatives/working_bids_fmripreprest_test/fmriprep_wf/single_subject_TPOT011_wf/func_preproc_ses_1_task_video_run_01_wf/bold_reference_wf/gen_ref/slice.nii.gz,
190801-21:51:04,749 nipype.interface INFO:
	 stderr 2019-08-01T21:51:04.749390:  or viewing/combining it with volumes of differing obliquity,
190801-21:51:04,749 nipype.interface INFO:
	 stderr 2019-08-01T21:51:04.749390:  you should consider running: 
190801-21:51:04,749 nipype.interface INFO:
	 stderr 2019-08-01T21:51:04.749390:     3dWarp -deoblique 
190801-21:51:04,749 nipype.interface INFO:
	 stderr 2019-08-01T21:51:04.749390:  on this and  other oblique datasets in the same session.
190801-21:51:04,749 nipype.interface INFO:
	 stderr 2019-08-01T21:51:04.749390: See 3dWarp -help for details.
190801-21:51:04,749 nipype.interface INFO:
	 stderr 2019-08-01T21:51:04.749390:++ Oblique dataset:/projects/adapt_lab/shared/TPOT/bids_data/derivatives/working_bids_fmripreprest_test/fmriprep_wf/single_subject_TPOT011_wf/func_preproc_ses_1_task_video_run_01_wf/bold_reference_wf/gen_ref/slice.nii.gz is 8.553293 degrees from plumb.
190801-21:51:04,749 nipype.interface INFO:
	 stderr 2019-08-01T21:51:04.749857:++ Coarse del was 10, replaced with 7
190801-21:51:05,616 nipype.workflow INFO:
	 [Node] Setting-up "fmriprep_wf.single_subject_TPOT011_wf.func_preproc_ses_1_task_video_run_02_wf.bold_reference_wf.gen_ref" in "/projects/adapt_lab/shared/TPOT/bids_data/derivatives/working_bids_fmripreprest_test/fmriprep_wf/single_subject_TPOT011_wf/func_preproc_ses_1_task_video_run_02_wf/bold_reference_wf/gen_ref".
190801-21:51:05,619 nipype.workflow INFO:
	 [Node] Setting-up "fmriprep_wf.single_subject_TPOT011_wf.func_preproc_ses_1_task_video_run_03_wf.func_derivatives_wf.raw_sources" in "/projects/adapt_lab/shared/TPOT/bids_data/derivatives/working_bids_fmripreprest_test/fmriprep_wf/single_subject_TPOT011_wf/func_preproc_ses_1_task_video_run_03_wf/func_derivatives_wf/raw_sources".
190801-21:51:05,621 nipype.workflow INFO:
	 [Node] Setting-up "fmriprep_wf.single_subject_TPOT011_wf.func_preproc_ses_1_task_video_run_03_wf.sdc_wf.pepolar_unwarp_wf.prepare_epi_opposite_wf.split" in "/projects/adapt_lab/shared/TPOT/bids_data/derivatives/working_bids_fmripreprest_test/fmriprep_wf/single_subject_TPOT011_wf/func_preproc_ses_1_task_video_run_03_wf/sdc_wf/pepolar_unwarp_wf/prepare_epi_opposite_wf/split".
190801-21:51:05,629 nipype.workflow INFO:
	 [Node] Running "gen_ref" ("niworkflows.interfaces.registration.EstimateReferenceImage")
190801-21:51:05,634 nipype.workflow INFO:
	 [Node] Running "raw_sources" ("nipype.interfaces.utility.wrappers.Function")
190801-21:51:05,637 nipype.workflow INFO:
	 [Node] Setting-up "_split0" in "/projects/adapt_lab/shared/TPOT/bids_data/derivatives/working_bids_fmripreprest_test/fmriprep_wf/single_subject_TPOT011_wf/func_preproc_ses_1_task_video_run_03_wf/sdc_wf/pepolar_unwarp_wf/prepare_epi_opposite_wf/split/mapflow/_split0".
190801-21:51:05,646 nipype.workflow INFO:
	 [Node] Finished "fmriprep_wf.single_subject_TPOT011_wf.func_preproc_ses_1_task_video_run_03_wf.func_derivatives_wf.raw_sources".
190801-21:51:05,652 nipype.workflow INFO:
	 [Node] Running "_split0" ("nipype.interfaces.fsl.utils.Split"), a CommandLine Interface with command:
fslsplit /projects/adapt_lab/shared/TPOT/bids_data/sub-TPOT011/ses-1/fmap/sub-TPOT011_ses-1_dir-pa_epi.nii.gz -t
190801-21:51:05,941 nipype.interface INFO:
	 stderr 2019-08-01T21:51:05.941728:++ 3dvolreg: AFNI version=Debian-16.2.07~dfsg.1-5~nd16.04+1 (Jun 12 2017) [64-bit]
190801-21:51:05,942 nipype.interface INFO:
	 stderr 2019-08-01T21:51:05.941728:++ Authored by: RW Cox
190801-21:51:05,945 nipype.interface INFO:
	 stderr 2019-08-01T21:51:05.945794:[7m*+ WARNING:[0m   If you are performing spatial transformations on an oblique dset, 
190801-21:51:05,946 nipype.interface INFO:
	 stderr 2019-08-01T21:51:05.945794:  such as /projects/adapt_lab/shared/TPOT/bids_data/sub-TPOT011/ses-1/func/sub-TPOT011_ses-1_task-video_run-02_bold.nii.gz,
190801-21:51:05,946 nipype.interface INFO:
	 stderr 2019-08-01T21:51:05.945794:  or viewing/combining it with volumes of differing obliquity,
190801-21:51:05,946 nipype.interface INFO:
	 stderr 2019-08-01T21:51:05.945794:  you should consider running: 
190801-21:51:05,946 nipype.interface INFO:
	 stderr 2019-08-01T21:51:05.945794:     3dWarp -deoblique 
190801-21:51:05,946 nipype.interface INFO:
	 stderr 2019-08-01T21:51:05.945794:  on this and  other oblique datasets in the same session.
190801-21:51:05,946 nipype.interface INFO:
	 stderr 2019-08-01T21:51:05.945794: See 3dWarp -help for details.
190801-21:51:05,946 nipype.interface INFO:
	 stderr 2019-08-01T21:51:05.945794:++ Oblique dataset:/projects/adapt_lab/shared/TPOT/bids_data/sub-TPOT011/ses-1/func/sub-TPOT011_ses-1_task-video_run-02_bold.nii.gz is 8.553293 degrees from plumb.
190801-21:51:05,946 nipype.interface INFO:
	 stderr 2019-08-01T21:51:05.945794:++ Coarse del was 10, replaced with 7
190801-21:51:06,131 nipype.workflow INFO:
	 [Node] Finished "_split0".
190801-21:51:06,136 nipype.workflow INFO:
	 [Node] Finished "fmriprep_wf.single_subject_TPOT011_wf.func_preproc_ses_1_task_video_run_03_wf.sdc_wf.pepolar_unwarp_wf.prepare_epi_opposite_wf.split".
